7.3509
16.0084
16.1342
16.1342
14.7793
16.0084
21.2453
21.2453
9.3409
16.0084
18.9956
18.9956
15.7991
16.0084
25.8718
25.8718
9.6897
16.0084
20.0299
20.0299
15.8538
16.0084
24.9893
24.9893
15.0771
21.2525
25.0218
25.0218
19.1506
21.2525
28.3607
28.3607
9.5341
17.4974
19.4246
19.4246
16.4084
17.4974
26.1594
26.1594
13.6645
20.8924
24.0882
24.0882
20.4709
20.8924
30.7672
30.7672
15.1453
22.6996
25.4814
25.4814
21.1166
22.6996
30.2487
30.2487
19.5135
25.9249
30.4091
30.4091
24.5673
25.9249
33.8248
33.8248
8.4800
16.0084
18.1176
18.1176
14.9234
16.0084
24.9715
24.9715
12.2892
16.4819
21.9168
21.9168
18.5805
18.5805
28.6469
28.6469
15.1796
21.0522
24.8459
24.8459
20.0062
21.0522
28.4107
28.4107
17.2215
21.7589
26.8858
26.8858
21.6377
21.7589
30.6686
30.6686
13.7036
20.3915
24.1527
24.1527
20.2328
20.3915
30.7710
30.7710
16.6863
21.2206
26.7380
26.7380
23.1555
23.1555
33.2192
33.2192
20.4315
25.4490
29.9558
29.9558
25.3801
25.4490
34.2999
34.2999
22.6220
26.2367
33.0156
33.0156
26.9300
26.9300
36.0605
36.0605
9.0256
16.0084
19.1928
19.1928
14.7793
16.0084
23.4270
23.4270
13.8127
16.0084
23.3127
23.3127
16.4945
16.4945
25.9235
25.9235
13.8914
20.7076
24.3380
24.3380
19.4792
20.7076
28.2453
28.2453
18.2920
21.0082
27.7920
27.7920
21.4310
21.4310
29.8610
29.8610
12.8977
20.4350
22.6209
22.6209
20.2027
20.4350
29.0604
29.0604
16.2449
20.6209
26.7184
26.7184
22.0440
22.0440
30.8379
30.8379
18.3462
24.8071
28.5592
28.5592
24.8795
24.8795
33.3169
33.3169
22.0086
24.9837
31.5086
31.5086
26.7337
26.7337
35.3902
35.3902
12.6797
19.2434
22.5446
22.5446
17.1122
19.2434
26.2485
26.2485
16.3558
19.2841
25.8558
25.8558
18.6689
19.2841
28.7002
28.7002
16.9443
24.1135
27.7371
27.7371
22.0301
24.1135
31.2685
31.2685
20.5742
24.1522
30.0742
30.0742
23.1220
24.1522
32.4606
32.4606
16.9636
23.4444
27.4677
27.4677
22.6309
23.4444
31.8959
31.8959
18.7123
23.4898
29.0531
29.0531
23.6466
23.6466
33.5646
33.5646
21.3445
27.6660
32.0344
32.0344
27.3028
27.6660
37.3430
37.3430
24.0301
27.7092
33.5406
33.5406
28.3402
28.3402
38.0027
38.0027
7.7378
16.8509
15.3275
17.9309
15.5571
18.9323
20.1830
23.5007
11.1492
17.9005
18.0459
22.3323
18.4977
24.2653
24.5782
26.4281
11.0934
18.6166
19.0284
23.3804
17.1794
23.6234
23.7399
27.0761
15.8706
25.4202
23.7707
28.4353
21.3263
26.6934
26.9427
29.5978
11.2055
18.4183
18.4533
22.3279
17.7495
24.0946
24.8514
26.9016
15.0184
22.9566
22.8838
25.8494
22.6557
29.2043
29.2288
30.3810
17.6080
24.9008
24.2073
28.0441
22.9476
28.5576
28.7363
30.4104
21.2250
32.2072
28.8887
33.4548
26.5514
32.4729
32.1335
33.4548
9.5380
16.8509
17.2118
21.5459
16.9347
23.9220
23.7229
26.8884
14.5538
21.0053
20.8210
23.4573
21.7535
26.8735
27.2146
28.5287
15.9403
22.9960
23.6036
26.6988
20.9847
26.8984
26.9902
30.5611
18.9636
28.6650
25.5415
30.7672
24.0187
28.8434
29.1352
32.0939
15.3159
21.5692
22.9451
26.1585
23.0864
28.8382
29.2324
30.7302
18.5901
25.7065
25.4011
28.0227
25.7488
32.2296
31.5583
32.4600
21.4758
28.3238
28.4580
30.5995
26.5519
31.6827
32.5849
33.7719
24.3434
34.9959
31.3648
35.5508
28.9734
34.9959
34.2575
35.6149
9.8022
18.6138
18.2332
21.5640
15.7281
22.4158
22.2557
26.8849
14.3657
20.8969
22.1471
23.5881
18.6232
24.4502
24.6273
28.7852
15.4917
24.7733
23.1211
26.6633
20.9981
26.9252
26.8330
30.1486
19.1410
28.2143
26.4024
30.1188
23.7294
28.5933
28.3679
31.7686
14.4793
23.9250
21.4899
24.8751
21.4971
27.3661
27.6074
29.6003
17.9538
25.8944
25.3825
26.5044
23.2523
29.2383
29.2960
31.4056
19.7339
29.2339
27.1313
29.3811
26.5078
31.6144
31.6511
32.5904
23.0916
32.2556
29.9332
33.4840
28.1753
34.1006
33.6207
34.3731
14.9798
22.4014
21.4174
24.2424
18.7616
25.0448
24.9361
29.3565
17.0624
24.5704
24.5630
25.6611
21.8440
27.0316
27.2651
30.5844
19.1255
28.3716
26.3502
30.4980
23.8799
29.4315
29.7050
32.4106
21.5669
30.4394
28.5705
32.3884
25.6882
30.9050
30.8376
33.6130
18.6093
27.1896
26.0943
27.1896
24.3903
29.8600
30.3011
31.9485
20.7083
29.0605
27.6005
29.0605
26.0616
32.2615
31.8864
33.1149
23.5898
32.3353
30.4327
32.3353
29.2564
34.3925
35.4759
35.5982
25.4046
35.0290
31.8636
35.5786
30.8441
36.2099
36.1025
36.4529
8.1451
17.7378
13.5382
22.8613
15.5571
23.0142
19.9921
28.9925
13.6176
22.0672
17.9805
27.0815
20.7095
27.8634
23.8513
32.6073
14.4476
23.7252
18.3427
27.4255
19.8151
27.8985
23.2183
32.0232
18.5200
27.5940
22.5822
31.0982
24.6060
32.5034
26.6422
35.3101
12.6967
21.9010
18.2672
27.3538
20.8751
29.8314
24.1426
32.9355
17.9068
26.6444
22.1307
31.0242
25.5724
33.6372
27.7910
36.3790
20.9593
28.6569
24.2811
32.5814
26.7364
35.2032
28.5255
37.0993
25.1604
33.9023
28.0421
36.6400
30.3878
38.5052
31.2187
39.6577
11.9905
20.8214
16.8340
25.9923
19.3952
28.4254
23.0552
31.9025
16.3715
25.5529
20.4589
29.3671
24.8960
33.6512
26.4988
35.1068
20.1356
29.1288
22.4235
31.3023
24.4860
32.8830
27.3999
36.0299
23.0212
31.8441
25.4233
33.6337
27.7238
35.3978
28.8858
37.4415
18.7419
26.9146
22.6144
31.4837
26.3785
35.0596
27.7708
36.3823
22.3625
31.0897
25.8774
34.5835
28.9566
37.2363
30.7033
38.6787
26.5031
34.1141
27.9838
35.6834
31.4383
38.9363
31.6838
40.0996
30.3721
37.9199
30.6449
38.9119
33.4413
41.6215
33.4413
41.7351
10.4304
19.9089
17.3215
26.4555
17.2288
26.3674
23.3089
32.1435
14.0649
22.0672
21.0397
29.0428
20.7741
28.3305
27.0639
34.3235
18.8668
27.3271
22.9477
30.7610
23.8063
32.2684
27.0084
35.6580
21.5362
29.7287
25.0822
33.1836
26.4068
35.0074
30.5299
37.5930
16.6139
25.6294
21.1389
29.8404
25.1089
33.8534
27.0311
35.5581
19.9044
27.2572
24.1134
32.9077
27.2831
35.9190
28.8736
37.4299
23.9368
32.1710
27.1871
34.4860
30.9747
39.4260
31.3430
39.6478
25.4132
34.1426
28.9473
36.8552
33.1876
41.3882
33.4058
41.3882
15.0173
24.2664
22.1713
29.9938
20.9118
29.8662
25.8654
34.5721
17.2397
26.3777
23.4680
32.0175
24.9408
33.6938
29.0317
36.1081
24.0573
32.2736
26.7157
35.3800
27.2600
35.5156
29.4371
37.9652
26.1118
34.8062
28.7785
37.3396
29.2612
37.1339
32.2959
39.1673
20.5426
29.5154
25.0024
33.5501
28.7159
37.2801
29.6826
38.1173
22.4513
31.0897
26.8666
34.9094
30.7815
39.2424
31.2010
39.6067
27.0989
35.5785
30.0228
37.4655
34.4014
42.6814
34.4014
42.6814
30.3721
38.0001
31.6731
38.9437
36.3637
44.5455
36.3637
44.5455
8.5738
16.8509
12.2182
21.7182
17.2378
21.0013
20.1873
27.5429
13.0284
19.9157
16.2274
24.4410
21.8867
25.7024
23.4532
29.7881
11.9558
19.9027
16.8051
26.0543
20.8580
26.5036
25.1301
30.4220
17.5940
25.3589
20.4185
28.7441
25.9010
30.3189
28.4751
33.2314
14.7793
20.0795
16.9879
25.1339
21.9738
27.2883
24.6868
30.1945
18.9314
24.2636
20.5722
28.3679
27.5186
31.2632
28.4474
33.2653
19.5934
26.0872
22.2338
30.1426
27.9260
32.3632
29.5648
34.3188
23.9217
30.5969
25.7563
33.2150
31.9872
35.5448
33.0054
36.8469
11.9905
19.1344
15.1927
23.8581
20.6369
26.3905
23.9648
29.3356
17.0251
23.0615
19.0072
26.8805
26.2063
29.7106
27.5569
32.0721
17.2848
25.4731
21.3023
28.9306
25.3551
30.4373
29.4255
33.6717
21.5756
28.7393
24.1521
30.9135
28.6775
32.8275
32.4445
35.4833
18.7697
25.3571
20.5214
28.3995
27.4897
31.8116
28.3995
34.1591
23.2487
28.2189
23.5715
30.7263
32.6041
34.8716
32.6041
36.1109
24.5672
31.0014
25.6834
33.1797
33.0929
36.0193
33.7048
37.3600
27.5179
34.0901
28.4882
35.0656
35.2014
38.1084
36.5638
39.0810
10.0022
18.0415
16.4555
24.5892
19.0021
25.0490
24.5892
29.1011
13.0284
20.2165
19.9877
26.9472
21.9254
26.9140
26.9472
30.8379
17.3532
24.2486
20.7365
28.9202
25.6760
30.5514
28.5524
33.2786
19.4365
26.8035
23.8281
30.7208
27.9646
32.4149
30.7642
34.5997
17.7206
23.5382
19.0778
26.9795
26.4804
30.9813
27.7431
32.0912
20.1493
25.4031
22.9077
30.4694
28.7191
32.7530
30.4694
33.8021
24.5861
28.8560
24.5861
31.8269
32.6525
36.0332
32.6525
36.0332
26.8757
30.6548
27.0147
34.0669
34.9343
37.7163
34.9343
37.7163
14.3608
21.6928
19.7914
27.2082
22.5063
28.1166
28.3019
31.4860
17.0251
23.8852
22.1681
28.6730
26.2535
31.2740
29.2097
32.9406
21.0418
28.7138
23.4557
31.5525
29.4729
33.6430
31.7546
35.4535
23.3128
30.8769
25.7849
33.0805
31.6471
35.4133
32.4445
36.7162
21.6927
26.6377
23.5501
31.0548
30.2273
33.8955
31.0548
34.6680
24.0527
28.3929
24.9094
32.2936
32.6460
35.5934
32.6460
36.2152
28.3523
31.7724
28.3523
34.6230
36.2120
38.8017
36.2120
38.9902
30.5465
34.0901
30.5465
35.8705
38.2776
40.4147
38.2776
40.4147
9.0250
15.3275
9.8081
17.1018
16.3759
17.8516
17.5574
22.5706
15.0887
15.9643
15.0887
21.3039
19.5208
22.1119
20.9194
25.9726
11.3593
16.8641
14.5501
21.4421
18.8244
22.4515
22.0232
26.0752
15.0887
21.8945
17.9269
25.5460
22.4305
25.1705
24.9797
29.0214
11.0134
16.8038
13.9052
21.3561
18.5453
23.0991
21.7837
26.2500
17.1006
20.4439
17.7739
25.1927
22.2047
27.1791
24.8266
29.1968
17.2340
22.0346
18.4751
25.4900
24.9460
27.8185
26.1251
29.6892
21.5873
26.9857
22.1104
28.3537
28.2391
31.3095
28.7862
32.5742
13.3235
15.9608
13.3235
21.0816
16.4980
22.5778
20.7279
25.7048
19.4439
19.4439
19.4439
22.9968
22.9200
24.4057
22.9680
26.7598
14.9153
22.8353
18.0628
24.9162
22.7432
26.7684
25.0380
29.6039
19.4439
24.7882
19.7220
26.5581
25.5621
28.6853
26.8547
30.7631
16.0214
21.4704
17.8653
25.1487
23.4166
27.6355
24.5794
29.8677
20.5298
23.7860
20.5298
26.9857
26.1205
29.6183
26.3059
31.6128
21.1529
27.8407
22.1510
29.1012
28.6690
31.6029
28.7809
32.5368
24.4002
29.6961
24.4002
30.8445
31.3469
33.4312
31.3469
34.2742
9.0250
15.3275
13.9386
20.9828
16.3759
21.1697
21.3384
25.7869
15.0887
17.3563
16.1607
23.2193
19.5844
22.7213
23.3585
27.2865
14.7813
20.2631
17.7636
24.7594
22.6160
25.4664
25.0301
29.2367
16.9081
22.6064
19.9133
26.6712
24.9339
27.0034
26.6697
30.6070
14.7770
19.6192
16.4049
24.0448
22.6119
25.8875
24.1011
28.4717
17.1006
20.6008
19.6733
26.1398
24.4768
27.4721
26.2798
29.8751
21.0256
24.9337
21.0256
27.8697
28.5481
30.7026
28.5481
31.7214
23.0461
27.0426
23.2495
29.5077
30.4675
32.7992
30.4675
33.1818
13.3235
18.6878
16.4626
23.8766
19.5965
23.8314
23.8149
27.7987
19.4439
20.5753
19.4439
25.2988
22.9643
25.1331
25.2432
28.9685
18.2350
24.1707
20.2052
26.9360
25.8970
29.5405
27.3195
31.0249
20.2362
25.9359
21.5564
28.2487
27.7982
31.1573
28.6487
31.8018
18.0061
22.4501
20.2641
26.7578
25.6795
28.7967
26.8320
30.3102
20.5298
23.8570
21.5232
28.1277
27.4667
29.6523
28.1889
31.6398
24.3067
27.9255
24.3067
30.0032
31.6651
33.8898
31.6651
33.9399
26.2078
29.7668
26.2078
31.0595
33.4711
35.2821
33.4711
35.2821
9.5000
14.5611
9.5000
14.5611
15.2080
15.2080
15.2080
15.2080
15.8829
15.8829
15.8829
15.8829
15.8829
15.8829
15.8829
15.8829
9.5000
14.5611
9.5000
14.5611
15.2080
15.2080
15.2080
15.2080
15.8829
15.8829
15.8829
15.8829
15.8829
15.8829
15.8829
15.8829
12.2448
14.5611
12.2448
14.5611
15.2080
15.2080
15.2080
15.2080
15.8829
15.8829
15.8829
15.8829
15.8829
15.8829
15.8829
15.8829
12.2448
14.5611
12.2448
14.5611
15.2080
15.2080
15.2080
15.2080
15.8829
15.8829
15.8829
15.8829
15.8829
15.8829
15.8829
15.8829
14.0247
14.5611
14.0247
14.5611
15.2080
15.2080
15.2080
15.2080
20.4673
20.4673
20.4673
20.4673
20.4673
20.4673
20.4673
20.4673
14.0247
14.5611
14.0247
14.5611
15.2080
15.2080
15.2080
15.2080
20.4673
20.4673
20.4673
20.4673
20.4673
20.4673
20.4673
20.4673
13.9870
14.5611
13.9870
14.5611
15.2080
15.2080
15.2080
15.2080
20.4673
20.4673
20.4673
20.4673
20.4673
20.4673
20.4673
20.4673
13.7407
14.5611
13.7407
14.5611
15.2080
15.2080
15.2080
15.2080
20.4673
20.4673
20.4673
20.4673
20.4673
20.4673
20.4673
20.4673
9.5000
14.5611
9.5000
14.5611
15.2080
15.2080
15.2080
15.2080
15.8829
15.8829
15.8829
15.8829
15.8829
15.8829
15.8829
15.8829
9.5000
14.5611
9.5000
14.5611
15.2080
15.2080
15.2080
15.2080
15.8829
15.8829
15.8829
15.8829
15.8829
15.8829
15.8829
15.8829
12.2448
14.5611
12.2448
14.5611
15.2080
15.2080
15.2080
15.2080
15.8829
15.8829
15.8829
15.8829
15.8829
15.8829
15.8829
15.8829
12.2448
14.5611
12.2448
14.5611
15.2080
15.2080
15.2080
15.2080
15.8829
15.8829
15.8829
15.8829
15.8829
15.8829
15.8829
15.8829
14.0247
14.5611
14.0247
14.5611
15.2080
15.2080
15.2080
15.2080
20.4673
20.4673
20.4673
20.4673
20.4673
20.4673
20.4673
20.4673
14.0247
14.5611
14.0247
14.5611
15.2080
15.2080
15.2080
15.2080
20.4673
20.4673
20.4673
20.4673
20.4673
20.4673
20.4673
20.4673
13.9870
14.5611
13.9870
14.5611
15.2080
15.2080
15.2080
15.2080
20.4673
20.4673
20.4673
20.4673
20.4673
20.4673
20.4673
20.4673
13.7407
14.5611
13.7407
14.5611
15.2080
15.2080
15.2080
15.2080
20.4673
20.4673
20.4673
20.4673
20.4673
20.4673
20.4673
20.4673
10.0000
10.0000
10.0000
10.0000
10.0000
10.0000
10.0000
10.0000
16.7188
16.7188
16.7188
16.7188
16.7188
16.7188
16.7188
16.7188
10.0000
10.0000
10.0000
10.0000
10.0000
10.0000
10.0000
10.0000
16.7188
16.7188
16.7188
16.7188
16.7188
16.7188
16.7188
16.7188
10.0000
10.0000
10.0000
10.0000
10.0000
10.0000
10.0000
10.0000
16.7188
16.7188
16.7188
16.7188
16.7188
16.7188
16.7188
16.7188
10.0000
10.0000
10.0000
10.0000
10.0000
10.0000
10.0000
10.0000
16.7188
16.7188
16.7188
16.7188
16.7188
16.7188
16.7188
16.7188
12.6564
12.6564
12.6564
12.6564
12.6564
12.6564
12.6564
12.6564
21.5445
21.5445
21.5445
21.5445
21.5445
21.5445
21.5445
21.5445
12.1054
12.1054
12.1054
12.1054
12.1054
12.1054
12.1054
12.1054
21.5445
21.5445
21.5445
21.5445
21.5445
21.5445
21.5445
21.5445
12.6564
12.6564
12.6564
12.6564
12.6564
12.6564
12.6564
12.6564
21.5445
21.5445
21.5445
21.5445
21.5445
21.5445
21.5445
21.5445
10.0000
10.0000
10.0000
10.0000
10.0000
10.0000
10.0000
10.0000
21.5445
21.5445
21.5445
21.5445
21.5445
21.5445
21.5445
21.5445
10.0000
10.0000
10.0000
10.0000
13.1556
13.1556
13.1556
13.1556
16.7188
16.7188
16.7188
16.7188
16.7188
16.7188
16.7188
16.7188
10.0000
10.0000
10.0000
10.0000
13.1556
13.1556
13.1556
13.1556
16.7188
16.7188
16.7188
16.7188
16.7188
16.7188
16.7188
16.7188
10.0000
10.0000
10.0000
10.0000
13.1556
13.1556
13.1556
13.1556
16.7188
16.7188
16.7188
16.7188
16.7188
16.7188
16.7188
16.7188
10.0000
10.0000
10.0000
10.0000
13.1556
13.1556
13.1556
13.1556
16.7188
16.7188
16.7188
16.7188
16.7188
16.7188
16.7188
16.7188
12.6564
12.6564
12.6564
12.6564
13.1556
13.1556
13.1556
13.1556
21.5445
21.5445
21.5445
21.5445
21.5445
21.5445
21.5445
21.5445
12.1054
12.1054
12.1054
12.1054
13.1556
13.1556
13.1556
13.1556
21.5445
21.5445
21.5445
21.5445
21.5445
21.5445
21.5445
21.5445
12.6564
12.6564
12.6564
12.6564
13.1556
13.1556
13.1556
13.1556
21.5445
21.5445
21.5445
21.5445
21.5445
21.5445
21.5445
21.5445
11.9810
11.9810
11.9810
11.9810
13.1556
13.1556
13.1556
13.1556
21.5445
21.5445
21.5445
21.5445
21.5445
21.5445
21.5445
21.5445
7.3509
10.5538
16.9834
20.0261
15.5571
16.3864
23.3178
25.5671
12.9367
17.5417
22.2899
26.6646
18.7568
19.1355
27.8190
28.1787
12.2816
17.2467
21.3940
26.3843
17.9751
20.6918
26.7975
29.6573
18.2748
22.2858
27.3611
31.1715
22.2069
23.8256
31.0966
32.1383
11.9010
17.6074
21.3059
26.7270
19.1145
21.5235
28.1587
30.4473
16.8396
21.7020
25.8122
30.6169
23.5938
23.7732
32.4141
32.5845
19.2845
23.2041
28.3203
32.0439
23.8316
25.6317
32.6401
34.3501
24.3822
27.0115
33.1631
35.6610
27.6276
28.2622
36.2462
36.3460
10.8214
16.2504
20.0511
25.1983
18.4254
22.5074
26.8905
28.5681
15.3651
18.5103
24.5969
27.5848
22.1057
22.5143
30.9069
30.9069
17.4769
22.3562
26.3567
31.2384
22.1675
25.0391
30.5743
32.5082
20.6868
24.8367
29.6525
33.5948
24.8197
25.4076
32.9118
34.1372
17.2549
21.3858
26.3922
30.3165
25.0596
27.3824
32.3905
36.0133
21.2443
24.4807
30.1821
33.2567
27.1694
27.4020
35.8108
36.0319
23.8305
27.3737
32.6390
36.0050
28.3730
30.4779
36.9544
38.9540
27.0975
29.7301
35.7427
38.2436
30.1808
30.4824
38.6717
38.9583
11.3728
16.0949
20.8041
25.2902
16.2920
19.5567
24.9597
28.5789
15.3050
17.8305
24.5397
26.9389
18.7568
21.0110
27.8190
29.9605
17.6474
22.1594
26.7651
31.0514
21.5837
23.7780
30.2265
32.5185
20.2681
24.1210
29.2547
32.9149
23.8322
25.0853
32.6406
33.8310
16.0484
20.1886
25.2460
29.1792
22.6608
24.9208
31.5277
33.6748
19.3606
22.0076
28.3926
30.9072
24.6230
25.5123
33.3919
34.2367
22.8523
26.1160
31.7097
34.8102
27.9547
28.9982
36.5570
37.5483
25.0133
27.7263
33.7627
36.3400
29.9518
29.9518
38.4542
38.4542
16.6942
19.1032
25.8595
28.1480
19.2964
22.5951
28.0602
30.8515
19.2257
20.2482
28.2644
29.2208
23.1014
23.3425
31.9464
32.1754
22.2736
25.4137
31.1599
34.1430
25.1233
27.7093
33.8671
34.6775
24.8062
27.2772
33.5659
35.9133
26.4905
27.7105
35.1660
35.9351
20.1701
22.6488
29.1616
31.5163
25.9161
29.0485
34.6203
37.5961
22.4588
24.5449
31.3359
33.3177
27.7803
29.0496
36.3913
37.5972
26.3338
28.7853
35.0171
37.3460
31.0473
33.0020
39.4949
41.3519
28.3600
30.3151
36.9420
38.7994
32.8182
33.0011
41.1773
41.3510
7.7378
16.0084
16.1342
19.0248
16.3759
17.2488
22.1519
24.2887
13.6176
18.4649
21.1754
25.3314
20.4254
20.4254
26.4280
26.7698
12.9280
18.1544
20.3243
25.0651
19.8151
21.7809
25.4576
28.1744
18.8294
23.8595
25.9930
29.6129
23.4724
25.0796
28.8617
30.5314
12.5274
18.6602
20.2407
25.3906
20.8751
22.6563
26.7508
28.9250
17.7259
22.8442
24.5215
29.0861
25.4748
25.4748
30.7934
30.9553
19.6388
24.4690
26.9043
30.4417
26.5297
26.9808
31.0081
32.6326
25.1604
29.1078
31.5049
33.8779
30.0054
30.0054
34.4339
34.5287
11.3910
17.1056
19.0485
23.9384
19.3952
23.6920
25.5460
27.1397
16.2596
20.6094
23.3670
26.2056
24.0204
24.0204
29.3616
29.3616
18.3968
24.9743
24.8459
29.6765
23.9403
26.3570
29.0456
30.8828
21.7756
27.2317
28.1698
31.9151
26.9176
27.2317
31.2662
32.4304
17.8048
22.5114
25.0726
28.8007
26.3785
28.8235
30.7710
34.2126
21.9171
25.7692
28.6730
31.5939
28.7902
28.8442
34.0203
34.2303
24.4124
28.8144
31.0070
34.2047
30.4592
32.0820
35.1067
37.0063
28.2506
32.3075
33.9555
36.3314
33.2857
33.2857
36.7381
37.0104
11.9713
16.9420
19.6315
24.0257
17.2207
20.5860
23.7118
27.1500
16.1105
18.7689
23.3127
25.5920
20.4254
22.1169
26.4280
28.4625
18.5762
23.3257
25.4268
29.4988
23.8063
25.0295
28.7152
30.8926
21.3348
25.3905
27.7920
31.2692
26.1501
26.4055
31.0085
32.1395
16.8931
21.2512
23.7215
27.7203
24.4467
26.2324
29.9513
31.9910
20.3796
23.1659
26.7992
29.3619
26.6053
26.8550
31.7223
32.5248
23.3438
27.4905
30.1242
33.0696
30.3175
30.5244
34.7291
35.6709
25.6698
29.1856
32.0745
34.5230
32.3404
32.3404
36.5315
36.5315
17.3078
20.1086
24.5666
26.7406
20.6713
23.7843
26.6571
29.3089
20.2376
21.3139
26.8512
27.7597
24.3173
24.5710
30.3491
30.5666
23.4459
26.7512
29.6019
32.4358
27.2600
29.1677
32.1738
32.9436
26.1118
28.7128
31.8876
34.1177
29.5222
29.5222
33.4077
34.1384
21.2317
23.8408
27.7035
29.9405
27.9248
30.5774
32.8893
35.7163
23.6409
25.8368
29.7691
31.6518
29.9488
30.5786
34.5717
35.7173
27.3698
30.3003
33.2663
35.4787
33.6019
34.7390
37.5202
39.2843
28.8331
32.3084
35.0949
36.8594
35.5052
35.5052
39.1185
39.2835
8.1451
16.8509
14.2507
20.6323
17.2378
19.9512
21.0443
26.1657
14.3343
20.0140
20.1166
24.4410
21.7995
24.5139
25.1066
28.3087
15.2080
21.0104
19.3081
24.8284
21.0990
24.7128
24.4403
27.6198
19.4947
25.3589
24.6934
29.5433
25.2539
28.6138
28.0444
32.0301
13.3650
20.8059
19.2286
24.9970
22.3633
25.6065
25.4133
28.8385
18.8492
24.8559
23.2955
27.6318
26.8156
29.2544
29.2537
31.8170
22.0624
27.2240
25.5591
29.7611
28.1435
30.2538
30.0269
32.4646
26.4846
31.0716
29.9297
34.8080
31.5847
33.0518
32.8618
35.3437
12.6216
19.7804
18.0961
23.6388
20.8038
27.0041
24.2687
27.5481
17.2331
23.2807
22.1987
25.3594
25.5671
27.0041
27.8935
28.3369
21.1953
26.2887
23.6036
28.5099
26.1584
30.1686
28.8420
31.6226
24.2328
29.0560
26.7613
31.9520
30.8370
32.4484
31.0605
32.8495
19.7283
25.5688
23.8190
27.8301
27.7669
33.3066
29.2324
33.3066
23.5394
29.5352
27.2394
30.0142
31.3310
33.3066
32.3193
33.3066
27.8980
32.0253
29.4567
32.5146
32.0885
35.6363
33.3513
35.6363
31.9706
35.5168
32.2577
36.9663
36.4402
36.4402
36.4402
36.9663
11.2861
18.9134
18.6499
23.5967
19.0021
23.7285
24.5357
27.8083
14.8051
20.8493
22.1471
27.1795
21.8675
25.2179
28.4884
28.9928
19.8598
25.9608
24.1555
28.7579
25.1190
28.2688
28.4299
31.4031
22.6697
28.2422
26.4024
31.3768
27.7967
30.0548
32.1367
32.6697
17.7206
23.6635
22.5354
26.6424
25.8734
29.5150
28.4538
30.3915
20.9520
25.7820
25.4592
29.2238
28.4092
31.0075
30.3933
31.8323
25.1967
30.5625
28.6180
31.4162
32.0758
34.2909
32.9926
34.2909
26.7508
32.4354
30.4708
34.8398
34.1423
34.4925
35.1640
35.3544
15.9477
22.5345
23.3382
26.7702
23.3090
28.3729
27.2268
29.4536
18.9858
24.8361
25.1670
29.1521
26.9444
30.3364
30.5597
30.5597
25.3235
29.8593
28.1218
33.6110
29.6511
32.9245
30.9864
33.6110
27.4861
32.1432
30.2932
35.4726
31.0760
34.7105
33.9956
35.4726
21.6927
27.0297
26.3184
29.8004
30.0944
34.0121
31.2448
34.0121
24.0220
29.5352
28.2806
31.1664
31.5358
34.0121
32.8431
34.0121
28.5252
33.6671
31.6030
33.7048
35.6861
38.5666
35.6861
38.5666
31.9706
35.5168
33.3401
36.9965
37.4551
38.5666
37.4551
38.5666
8.5738
14.1849
13.5382
19.6007
18.1451
23.4757
22.6365
26.5794
15.0887
18.9199
19.1108
23.2190
23.8231
27.9739
28.1552
32.0580
13.6941
19.9599
18.3427
24.1916
23.0094
28.9619
27.0813
31.4902
18.7219
23.8516
23.4587
27.3069
27.5940
31.9424
32.2858
35.6043
15.5571
18.7774
18.2672
23.8772
24.7793
27.8385
27.3538
31.4318
20.6746
22.3257
21.6550
26.9495
29.2993
30.7183
30.5722
34.5570
22.2989
24.5697
23.7699
28.6355
31.1840
33.3412
32.5814
36.4577
27.4032
28.6267
28.4332
31.5542
36.0330
36.3151
37.0115
38.6918
13.2859
18.1777
17.1913
22.6652
22.6216
26.2696
26.3317
30.5242
19.7283
19.9550
21.0887
24.6480
28.1402
28.9573
30.0343
32.4680
19.5360
24.9743
22.4235
27.4841
28.5592
33.7256
31.1655
35.4439
23.6421
26.7122
25.4233
29.3678
32.4600
34.8414
34.1521
37.3632
21.8596
23.7549
22.6280
26.9142
30.7666
31.1108
30.7666
34.8506
26.6487
27.0144
26.6487
28.8001
34.3201
34.3201
34.3201
37.0878
26.1417
28.8245
27.0351
31.5207
34.8346
37.3833
35.5906
39.3263
30.3447
31.2905
30.3447
33.3123
38.8275
39.7259
38.8275
41.1496
11.0828
16.8594
17.7174
22.6547
20.5287
26.0165
26.8316
30.4858
15.0887
19.0570
21.0397
24.4413
23.8231
28.1041
29.9877
32.1445
18.8668
23.3257
22.1925
27.4742
27.5623
32.1594
31.0829
35.2916
21.5362
25.3905
25.0822
29.0887
30.4314
34.1210
33.8281
36.8094
19.2955
21.1479
21.4086
25.5614
28.3308
30.0905
30.3382
33.6314
22.2562
23.0578
24.1863
27.5155
30.9520
31.9049
32.9770
34.9997
26.8402
27.4905
26.8402
30.3550
34.7699
36.1160
34.7699
38.8372
29.2483
29.2483
29.2483
31.7498
37.7859
37.7859
37.7859
40.1282
15.3008
20.9775
22.1713
25.2870
24.5358
29.2134
30.5357
32.9521
20.4773
22.3078
23.9086
26.8150
28.3625
31.1924
32.7132
33.9470
24.0573
26.7512
26.4902
31.9304
32.8544
35.4137
34.1821
37.8097
25.8313
28.7232
27.6556
33.6990
33.3128
37.2772
36.2728
39.2516
23.7241
23.7549
25.0024
28.3202
32.5379
32.5439
33.7523
35.7591
26.6487
27.0144
26.8666
29.6081
34.9470
34.9470
35.5233
37.1374
30.7230
30.7230
30.7230
32.8564
38.9899
38.9899
38.9899
40.4186
32.7774
32.7774
32.7774
34.0769
41.1386
41.1386
41.1386
41.6023
9.0250
10.5141
10.0362
16.2027
17.2378
18.3786
18.7353
23.9105
15.8829
15.8829
15.8829
19.7409
19.7038
23.5496
22.2806
28.0955
12.7609
16.3116
15.1040
20.1346
19.8151
23.8643
23.1731
28.0000
15.8829
20.8189
19.0852
24.5156
24.6060
29.1036
26.8523
31.3852
12.6863
17.1786
15.4594
21.4318
19.5214
24.5286
23.1162
28.3672
18.9670
19.5871
18.9670
23.3291
26.4426
27.9927
27.0251
31.5219
18.6137
22.3665
20.2119
25.5164
26.2590
29.2108
27.3453
32.0536
23.6452
25.1022
23.6452
28.1399
30.3700
33.0571
31.3551
35.1239
13.5059
15.6994
14.7314
20.2673
19.4893
23.1937
23.2508
27.3668
18.8643
18.8643
18.8643
21.4789
24.8960
25.9064
25.3893
28.9775
15.7003
20.9613
19.1290
24.4101
23.9403
27.9426
27.9990
31.9134
22.8570
23.3275
22.8570
25.1202
27.0369
31.4913
29.9804
33.2335
17.7051
20.2637
19.3615
23.8608
25.8449
27.9091
27.5777
31.4619
23.3567
23.3567
23.3567
25.2905
29.5203
30.4291
30.1169
33.3929
23.3388
26.0167
24.0672
27.8240
30.1779
31.8559
32.1110
35.0364
26.7858
28.2131
26.7858
28.9937
33.1891
35.1814
34.4957
36.9218
9.0250
14.2592
14.4238
19.9337
17.2378
22.0282
23.1221
27.8634
15.8829
17.1989
17.0014
22.0583
19.8970
25.6401
25.5782
29.3751
15.5592
19.7090
18.8443
23.5215
23.8063
26.2612
27.0308
31.4300
17.7980
22.0484
21.0490
25.3377
26.3235
29.2020
29.1376
33.0006
15.5547
18.2931
18.1104
22.8426
23.8020
26.7574
26.6284
30.5767
19.0080
19.8346
20.5591
24.8328
26.4796
28.2295
28.9617
31.7531
23.3568
23.8305
23.3568
26.2731
30.0506
30.0506
30.0506
34.0986
26.0147
26.0147
26.0147
28.2408
32.5085
33.1042
32.5085
35.3293
13.5059
17.4399
17.7766
22.6828
21.5612
24.6298
26.4256
29.7702
21.5550
21.5550
21.5550
24.0339
24.9408
27.3996
28.0198
30.6497
19.1948
23.2193
21.4565
25.5892
27.3634
29.2629
30.3731
33.3635
25.8479
25.8479
25.8479
26.7301
29.4420
31.5803
31.9190
34.2959
18.9538
20.5931
21.2955
25.4199
27.7690
28.9598
29.7667
32.3437
23.3963
23.3963
23.3963
26.7213
29.8430
30.5127
31.2812
33.5218
26.9347
26.9347
26.9347
28.5031
33.3317
33.3317
33.3317
35.8149
29.0676
29.0676
29.0676
29.5065
35.2484
35.2654
35.2484
37.0101
9.5000
9.5000
9.5344
9.5344
16.0084
16.0084
16.0084
16.0084
16.7188
16.7188
16.7188
16.7188
16.7188
16.7188
16.7188
16.7188
9.5000
9.5000
14.3488
14.3488
16.0084
16.0084
16.0084
16.0084
16.7188
16.7188
17.8402
17.8402
16.7188
16.7188
17.8402
17.8402
13.7252
13.7252
14.1560
14.1560
16.0084
16.0084
16.0084
16.0084
16.7188
16.7188
17.4698
17.4698
16.7188
16.7188
17.4698
17.4698
15.2534
15.2534
18.9249
18.9249
16.0084
16.0084
18.9249
18.9249
19.3694
19.3694
22.0386
22.0386
19.3694
19.3694
22.0386
22.0386
15.4960
15.4960
15.4960
15.4960
16.0084
16.0084
16.0084
16.0084
20.6580
20.6580
20.6580
20.6580
20.6580
20.6580
20.6580
20.6580
15.4960
15.4960
18.1370
18.1370
16.0084
16.0084
18.1370
18.1370
20.6580
20.6580
20.6580
20.6580
20.6580
20.6580
20.6580
20.6580
15.8033
15.8033
18.3934
18.3934
16.0084
16.0084
18.3934
18.3934
19.8572
19.8572
20.4372
20.4372
19.8572
19.8572
20.4372
20.4372
19.7554
19.7554
22.8638
22.8638
19.7554
19.7554
22.8638
22.8638
21.9840
21.9840
24.7795
24.7795
21.9840
21.9840
24.7795
24.7795
9.5000
9.5000
11.8059
11.8059
16.0084
16.0084
16.0084
16.0084
16.7188
16.7188
16.7188
16.7188
16.7188
16.7188
16.7188
16.7188
12.5509
12.5509
17.3003
17.3003
16.0084
16.0084
17.3003
17.3003
16.7188
16.7188
19.3485
19.3485
16.7188
16.7188
19.3485
19.3485
13.7252
13.7252
16.3139
16.3139
16.0084
16.0084
16.3139
16.3139
16.7188
16.7188
17.5894
17.5894
16.7188
16.7188
17.5894
17.5894
18.7536
18.7536
20.9932
20.9932
18.7536
18.7536
20.9932
20.9932
21.1116
21.1116
22.2526
22.2526
21.1116
21.1116
22.2526
22.2526
15.4960
15.4960
15.4960
15.4960
16.0084
16.0084
16.0084
16.0084
20.6580
20.6580
20.6580
20.6580
20.6580
20.6580
20.6580
20.6580
16.3770
16.3770
20.3836
20.3836
16.3770
16.3770
20.3836
20.3836
20.6580
20.6580
21.8594
21.8594
20.6580
20.6580
21.8594
21.8594
15.9372
15.9372
18.4612
18.4612
16.0084
16.0084
18.4612
18.4612
19.8572
19.8572
20.4427
20.4427
19.8572
19.8572
20.4427
20.4427
22.3450
22.3450
23.0888
23.0888
22.3450
22.3450
23.0888
23.0888
24.1391
24.1391
24.9245
24.9245
24.1391
24.1391
24.9245
24.9245
10.0000
10.0000
10.0000
10.0000
15.2080
15.2080
15.2080
15.2080
17.5987
17.5987
17.5987
17.5987
17.5987
17.5987
17.5987
17.5987
10.0000
10.0000
10.0000
10.0000
15.2080
15.2080
15.2080
15.2080
17.5987
17.5987
17.5987
17.5987
17.5987
17.5987
17.5987
17.5987
10.0000
10.0000
10.0000
10.0000
15.2080
15.2080
15.2080
15.2080
17.5987
17.5987
17.5987
17.5987
17.5987
17.5987
17.5987
17.5987
10.0000
10.0000
10.0000
10.0000
15.2080
15.2080
15.2080
15.2080
17.5987
17.5987
17.5987
17.5987
17.5987
17.5987
17.5987
17.5987
13.3225
13.3225
13.3225
13.3225
15.2080
15.2080
15.2080
15.2080
22.6784
22.6784
22.6784
22.6784
22.6784
22.6784
22.6784
22.6784
13.0942
13.0942
13.0942
13.0942
15.2080
15.2080
15.2080
15.2080
22.6784
22.6784
22.6784
22.6784
22.6784
22.6784
22.6784
22.6784
13.3225
13.3225
13.3225
13.3225
15.2080
15.2080
15.2080
15.2080
22.6784
22.6784
22.6784
22.6784
22.6784
22.6784
22.6784
22.6784
13.0942
13.0942
13.0942
13.0942
15.2080
15.2080
15.2080
15.2080
22.6784
22.6784
22.6784
22.6784
22.6784
22.6784
22.6784
22.6784
10.0000
10.0000
10.0000
10.0000
15.2080
15.2080
15.2080
15.2080
17.5987
17.5987
17.5987
17.5987
17.5987
17.5987
17.5987
17.5987
10.0000
10.0000
10.0000
10.0000
15.2080
15.2080
15.2080
15.2080
17.5987
17.5987
17.5987
17.5987
17.5987
17.5987
17.5987
17.5987
10.0000
10.0000
10.0000
10.0000
15.2080
15.2080
15.2080
15.2080
17.5987
17.5987
17.5987
17.5987
17.5987
17.5987
17.5987
17.5987
10.0000
10.0000
10.0000
10.0000
15.2080
15.2080
15.2080
15.2080
17.5987
17.5987
17.5987
17.5987
17.5987
17.5987
17.5987
17.5987
13.3225
13.3225
13.3225
13.3225
15.2080
15.2080
15.2080
15.2080
22.6784
22.6784
22.6784
22.6784
22.6784
22.6784
22.6784
22.6784
13.0942
13.0942
13.0942
13.0942
15.2080
15.2080
15.2080
15.2080
22.6784
22.6784
22.6784
22.6784
22.6784
22.6784
22.6784
22.6784
13.3225
13.3225
13.3225
13.3225
15.2080
15.2080
15.2080
15.2080
22.6784
22.6784
22.6784
22.6784
22.6784
22.6784
22.6784
22.6784
13.0942
13.0942
13.0942
13.0942
15.2080
15.2080
15.2080
15.2080
22.6784
22.6784
22.6784
22.6784
22.6784
22.6784
22.6784
22.6784
7.3509
7.3509
16.1342
16.1342
14.7793
14.7793
16.1342
16.1342
11.2445
11.2445
16.9151
16.9151
14.7793
14.7793
16.9151
16.9151
12.9280
12.9280
18.2778
18.2778
16.1474
16.1474
18.2778
18.2778
19.2367
19.2367
22.4564
22.4564
19.2367
19.2367
22.4564
22.4564
14.0403
14.0403
17.9291
17.9291
16.1065
16.1065
17.9291
17.9291
17.0150
17.0150
21.8828
21.8828
19.2230
19.2230
21.8828
21.8828
20.2995
20.2995
23.6785
23.6785
20.2995
20.2995
23.6785
23.6785
25.6655
25.6655
27.4445
27.4445
25.6655
25.6655
27.4445
27.4445
10.9165
10.9165
18.8595
18.8595
14.7793
14.7793
18.8595
18.8595
14.6537
14.6537
21.6626
21.6626
16.8993
16.8993
21.6626
21.6626
17.8988
17.8988
22.8136
22.8136
19.7667
19.7667
22.8136
22.8136
21.5756
21.5756
25.0348
25.0348
21.8267
21.8267
25.0348
25.0348
18.1631
18.1631
22.9856
22.9856
23.8066
23.8066
23.8066
23.8066
22.3625
22.3625
25.4244
25.4244
24.3907
24.3907
25.4244
25.4244
25.0847
25.0847
28.4750
28.4750
25.0847
25.0847
28.4750
28.4750
28.5237
28.5237
30.7757
30.7757
28.5237
28.5237
30.7757
30.7757
11.8169
11.8169
19.5893
19.5893
14.7793
14.7793
19.5893
19.5893
16.1105
16.1105
22.1325
22.1325
16.3878
16.3878
22.1325
22.1325
17.6003
17.6003
23.3914
23.3914
19.6184
19.6184
23.3914
23.3914
21.3348
21.3348
26.1069
26.1069
21.3468
21.3468
26.1069
26.1069
16.5872
16.5872
22.3977
22.3977
18.9466
18.9466
22.3977
22.3977
20.1769
20.1769
25.4285
25.4285
20.7022
20.7022
25.4285
25.4285
24.0550
24.0550
26.1667
26.1667
24.0550
24.0550
26.1667
26.1667
26.3298
26.3298
30.1513
30.1513
26.3298
26.3298
30.1513
30.1513
17.5729
17.5729
23.8084
23.8084
17.5729
17.5729
23.8084
23.8084
19.5064
19.5064
26.2243
26.2243
19.5064
19.5064
26.2243
26.2243
21.9419
21.9419
26.4402
26.4402
22.4370
22.4370
26.4402
26.4402
24.0607
24.0607
28.1352
28.1352
24.0607
24.0607
28.1352
28.1352
20.6755
20.6755
26.2947
26.2947
23.8066
23.8066
26.2947
26.2947
23.0113
23.0113
28.2123
28.2123
24.5255
24.5255
28.2123
28.2123
27.7198
27.7198
30.8383
30.8383
27.7198
27.7198
30.8383
30.8383
29.8526
29.8526
32.2968
32.2968
29.8526
29.8526
32.2968
32.2968
7.7378
15.2080
11.7052
16.5230
11.7919
15.2080
11.7919
16.5230
14.3343
15.6244
17.9883
21.5327
16.6671
16.6671
17.9948
21.7841
13.6084
15.2080
17.1974
20.5609
15.1233
15.2080
17.1974
20.5609
19.8204
19.8204
20.3589
25.1485
20.7865
20.7865
20.7865
25.1485
13.1867
15.8391
16.4278
21.9115
16.9542
17.4908
16.9542
23.1414
17.9104
19.6423
20.9558
24.5534
22.5020
22.5020
22.5020
24.5534
20.6724
20.6724
21.1247
25.9598
21.0462
21.1226
21.1247
26.2716
25.7081
25.7081
25.7081
28.5861
26.4173
26.4173
26.4173
28.5861
13.2859
15.2080
15.4013
20.5424
15.1083
15.2080
15.4013
20.5424
17.0251
17.2855
19.2449
23.0722
19.7613
19.7613
19.7613
23.0722
19.0777
19.0777
20.7088
24.6778
19.8202
19.8202
20.7088
24.6778
22.7112
22.7112
22.7112
27.2267
23.3380
23.3380
23.3380
27.2267
17.7226
20.6074
20.8302
24.1636
25.0596
25.0596
25.0596
25.0596
21.9171
22.9147
23.4942
26.3809
25.4353
25.4353
25.4353
26.3809
26.5562
26.5562
26.5562
28.0992
26.5562
26.5562
26.5562
28.0992
29.6928
29.6928
29.6928
30.3813
29.6928
29.6928
29.6928
30.3813
14.1324
15.2080
16.5964
20.4803
14.3301
15.2080
16.5964
20.4803
16.9584
16.9584
19.2165
22.0558
16.9584
16.9584
19.2165
22.0558
19.5539
19.5539
20.9206
24.4096
19.5539
19.5539
20.9206
24.4096
22.4577
22.4577
23.4097
25.1485
22.4577
22.4577
23.4097
25.1485
17.7822
18.3270
19.2133
24.1975
19.9438
21.8947
19.9438
26.9371
21.4522
21.4522
23.1303
24.8955
22.6158
22.6158
23.1303
27.4245
24.5724
24.5724
24.5724
27.5998
24.6982
25.3063
24.6982
29.8775
27.0208
27.0208
27.1277
28.5861
27.0208
27.0208
27.1277
30.3649
18.2187
18.2187
19.5065
23.2702
18.2187
18.2187
19.5065
23.2702
21.3027
21.3027
21.3027
23.4932
21.3027
21.3027
21.3027
23.4932
24.3731
24.3731
24.3731
27.0600
24.3731
24.3731
24.3731
27.0600
26.1415
26.1415
26.1415
27.2267
26.1415
26.1415
26.1415
27.2267
22.3492
22.3492
23.7808
26.5393
25.0596
25.0596
25.0596
26.9371
24.8851
24.8851
25.1573
26.5747
25.5363
25.5363
25.5363
27.4245
28.8103
28.8103
28.8103
29.8245
28.8103
28.8103
28.8103
29.8775
30.3506
30.3506
30.3506
30.4483
30.3506
30.3506
30.3506
30.4483
8.1451
11.0929
11.8373
17.4018
16.3759
16.6338
17.2967
21.2258
15.0887
16.1519
17.9805
20.5126
16.3759
22.0151
20.2656
25.3794
16.0084
16.2862
16.0181
21.5115
18.0660
22.1959
21.0537
24.7456
21.9617
22.0918
21.9617
24.2838
21.9617
25.7260
23.9990
28.7546
14.0684
17.3285
15.9387
21.6074
19.6749
21.7055
21.1423
25.9295
21.5104
22.2987
21.5104
24.4491
23.4903
26.3056
24.0856
28.5900
23.2236
23.2236
23.2236
25.6740
25.0641
26.7375
25.1315
29.2111
28.4382
28.4382
28.4382
28.4382
28.4382
29.4659
28.4382
31.7872
12.3108
16.1281
14.6436
20.7021
16.4469
21.4651
20.6193
24.3629
17.1712
18.9831
17.9805
21.9604
18.8523
22.3627
22.4527
25.4765
22.3109
22.3109
22.3109
24.9070
22.3109
24.4331
24.5067
27.5998
25.5082
25.5082
25.5082
26.2547
25.5082
25.8273
25.8574
28.8349
20.1628
21.8152
20.1628
24.5900
24.3014
26.1010
24.3963
27.8042
24.7783
24.8439
24.7783
26.5308
27.1040
27.1040
27.1379
28.7575
29.3663
29.3663
29.3663
29.3663
29.3663
29.3663
29.3663
30.7746
33.6533
33.6533
33.6533
33.6533
33.6533
33.6533
33.6533
33.6533
11.8801
15.9322
15.6197
21.1861
16.3759
20.5100
20.8290
24.9354
15.5844
18.1434
18.1261
23.2333
18.2274
22.2199
23.0478
25.6415
20.9051
20.9051
20.9051
24.4949
21.8636
24.5070
24.6375
28.1985
23.8629
24.1250
23.8629
26.3694
23.8629
25.8493
26.5249
28.9998
18.6533
19.3705
18.6533
23.3958
23.0501
24.9874
23.9939
27.2239
22.0548
22.3370
22.0548
26.2789
25.1044
26.4868
26.1045
28.6050
27.3558
27.3558
27.3558
27.4350
28.6392
28.7695
28.6985
29.8870
29.8917
29.8917
29.8917
29.8917
30.5649
30.5649
30.6164
31.7980
16.7871
19.8169
18.4458
23.5306
19.5346
23.0452
23.7125
26.4981
19.9851
21.2873
20.0133
24.7749
21.4191
23.0764
25.1462
26.5229
26.6563
26.6563
26.6563
27.5366
26.6563
26.7821
26.8158
29.4645
28.9327
28.9327
28.9327
28.9327
28.9327
28.9327
28.9327
29.4881
22.8344
22.8344
22.8344
26.8007
26.3649
26.3649
26.7328
29.0569
25.2864
25.2864
25.2864
27.9100
28.2859
28.2859
28.3472
29.0846
31.5629
31.5629
31.5629
31.5629
31.7698
31.7698
31.8156
31.8156
33.9720
33.9720
33.9720
33.9720
33.9720
33.9720
33.9720
33.9720
8.5738
10.3639
10.6625
16.0519
17.2378
18.3784
18.8724
23.5118
15.8829
15.8829
15.8829
19.5960
19.2772
21.9660
22.2881
26.0474
15.2080
16.3843
15.6709
20.0099
19.4643
24.5901
23.6466
27.0839
20.8636
20.8636
20.8636
23.0639
23.9950
28.3301
27.0912
30.4509
16.3759
16.3759
16.3759
20.2642
20.7304
24.4265
23.3805
28.2760
22.1570
22.1570
22.1570
23.2054
26.1106
26.2694
26.6254
29.2771
23.4726
24.9167
24.0218
29.3160
26.8152
29.3489
28.1212
31.9728
28.8454
28.8454
28.8454
31.1943
29.8644
32.7743
31.1800
34.2115
13.9851
14.8030
15.2261
19.6111
18.5148
23.0878
23.2408
27.2220
20.7666
20.7666
20.7666
21.3355
23.4188
24.2211
25.3477
28.2803
20.5642
21.2384
20.5642
23.6202
23.9883
29.2015
27.3837
30.9715
24.8864
24.8864
24.8864
25.0111
27.3911
31.4256
29.2078
32.3264
23.0101
23.0101
23.0101
23.3007
26.1152
27.2188
27.5305
30.4744
28.0513
28.0513
28.0513
28.0513
29.1210
29.1432
29.5321
31.4139
27.5176
28.2372
27.5176
31.3546
30.6842
33.7297
32.0293
34.0654
31.9418
31.9418
31.9418
32.5058
32.6093
35.8426
33.9278
36.0301
11.6661
13.7821
15.4994
19.7847
17.4483
21.4578
22.8737
26.8807
15.8829
16.9896
18.2347
21.9170
19.7521
23.5736
25.4157
28.8051
19.2279
19.2279
20.0552
23.3948
23.6036
26.9374
26.7255
30.3537
22.6386
22.6386
22.6386
25.2099
25.6650
28.3906
28.8100
32.0127
20.3111
20.3111
20.3111
22.7077
24.7992
25.2206
25.4929
29.5187
23.4276
23.4276
23.9514
25.6155
26.9950
26.9950
28.5384
31.3221
28.2529
28.2529
28.2529
31.9526
30.6806
31.5788
30.6806
33.3055
30.7877
30.7877
30.9429
33.3831
32.7666
32.8964
32.7666
34.3775
16.1061
17.2938
19.0163
22.5442
20.6461
24.6327
25.7498
29.3711
21.5550
21.5550
21.5550
23.9008
23.7800
26.1589
27.4415
30.5955
23.3150
23.3150
23.3150
25.4739
27.0232
29.2782
29.5983
32.3241
25.8479
25.8479
25.8479
26.6227
28.9813
31.4295
31.0528
33.3421
24.9727
24.9727
24.9727
25.2958
28.4432
28.4432
28.9868
31.8545
28.0513
28.0513
28.0513
28.0513
30.4578
30.4578
30.4578
33.0333
32.3400
32.3400
32.3400
33.5606
34.1839
34.1839
34.1839
34.8086
34.5026
34.5026
34.5026
34.5026
36.0562
36.0562
36.0562
36.0880
9.0250
9.0250
9.0250
9.0250
9.0250
11.1176
13.6395
11.1176
16.7188
16.7188
16.7188
16.7188
16.7188
16.7188
16.7188
16.7188
13.4326
13.4326
13.4326
13.4326
13.4326
13.4326
13.5651
13.4326
18.7274
18.7274
18.7274
18.7274
18.7274
18.7274
18.7274
18.7274
15.5571
15.5571
15.5571
15.5571
15.5571
15.5571
15.5571
15.5571
19.9653
19.9653
19.9653
19.9653
19.9653
19.9653
19.9653
19.9653
19.3957
19.3957
19.3957
19.3957
19.3957
19.3957
19.3957
19.3957
24.8896
24.8896
24.8896
24.8896
24.8896
24.8896
24.8896
24.8896
14.2168
14.2168
14.2168
14.2168
14.2168
14.2168
14.2168
14.2168
19.8572
19.8572
19.8572
19.8572
19.8572
19.8572
19.8572
19.8572
16.6521
16.6521
16.6521
16.6521
16.6521
16.6521
16.6521
16.6521
24.0600
24.0600
24.0600
24.0600
24.0600
24.0600
24.0600
24.0600
18.1556
18.1556
18.1556
18.1556
18.1556
18.1556
18.1556
18.1556
24.5860
24.5860
24.5860
24.5860
24.5860
24.5860
24.5860
24.5860
23.9646
23.9646
23.9646
23.9646
23.9646
23.9646
23.9646
23.9646
28.1956
28.1956
28.1956
28.1956
28.1956
28.1956
28.1956
28.1956
9.4133
9.4133
9.4133
9.4133
9.4133
11.1176
13.6395
11.1176
16.7188
16.7188
16.7188
16.7188
16.7188
16.7188
16.7188
16.7188
16.2607
16.2607
16.2607
16.2607
16.2607
16.2607
16.2607
16.2607
18.7274
18.7274
18.7274
18.7274
18.7274
18.7274
18.7274
18.7274
17.0877
17.0877
17.0877
17.0877
17.0877
17.0877
17.0877
17.0877
20.0085
20.0085
20.0085
20.0085
20.0085
20.0085
20.0085
20.0085
23.5927
23.5927
23.5927
23.5927
23.5927
23.5927
23.5927
23.5927
27.3839
27.3839
27.3839
27.3839
27.3839
27.3839
27.3839
27.3839
14.2168
14.2168
14.2168
14.2168
14.2168
14.2168
14.2168
14.2168
22.6895
22.6895
22.6895
22.6895
22.6895
22.6895
22.6895
22.6895
20.0916
20.0916
20.0916
20.0916
20.0916
20.0916
20.0916
20.0916
27.2083
27.2083
27.2083
27.2083
27.2083
27.2083
27.2083
27.2083
20.9416
20.9416
20.9416
20.9416
20.9416
20.9416
20.9416
20.9416
24.6277
24.6277
24.6277
24.6277
24.6277
24.6277
24.6277
24.6277
28.0933
28.0933
28.0933
28.0933
28.0933
28.0933
28.0933
28.0933
30.5975
30.5975
30.5975
30.5975
30.5975
30.5975
30.5975
30.5975
9.5000
9.5000
9.5000
9.5000
9.5000
9.5000
13.9462
13.9462
17.5987
17.5987
17.5987
17.5987
17.5987
17.5987
17.5987
17.5987
9.5000
9.5000
9.5000
9.5000
9.5000
9.5000
13.9462
13.9462
17.5987
17.5987
17.5987
17.5987
17.5987
17.5987
17.5987
17.5987
14.4476
14.4476
14.4476
14.4476
14.4476
14.4476
14.4476
14.4476
17.5987
17.5987
17.5987
17.5987
17.5987
17.5987
17.5987
17.5987
16.1596
16.1596
16.1596
16.1596
16.1596
16.1596
16.1596
16.1596
21.6762
21.6762
21.6762
21.6762
21.6762
21.6762
21.6762
21.6762
16.3116
16.3116
16.3116
16.3116
16.3116
16.3116
16.3116
16.3116
21.7453
21.7453
21.7453
21.7453
21.7453
21.7453
21.7453
21.7453
16.3116
16.3116
16.3116
16.3116
16.3116
16.3116
16.3116
16.3116
25.3263
25.3263
25.3263
25.3263
25.3263
25.3263
25.3263
25.3263
16.9636
16.9636
16.9636
16.9636
16.9636
16.9636
16.9636
16.9636
20.9023
20.9023
20.9023
20.9023
20.9023
20.9023
20.9023
20.9023
22.7664
22.7664
22.7664
22.7664
22.7664
22.7664
22.7664
22.7664
25.3263
25.3263
25.3263
25.3263
25.3263
25.3263
25.3263
25.3263
9.5000
9.5000
9.5000
9.5000
9.5000
9.5000
13.9462
13.9462
17.5987
17.5987
17.5987
17.5987
17.5987
17.5987
17.5987
17.5987
15.1129
15.1129
15.1129
15.1129
15.1129
15.1129
15.1129
15.1129
17.6140
17.6140
17.6140
17.6140
17.6140
17.6140
17.6140
17.6140
15.2514
15.2514
15.2514
15.2514
15.2514
15.2514
15.2514
15.2514
17.5987
17.5987
17.5987
17.5987
17.5987
17.5987
17.5987
17.5987
22.0951
22.0951
22.0951
22.0951
22.0951
22.0951
22.0951
22.0951
24.4321
24.4321
24.4321
24.4321
24.4321
24.4321
24.4321
24.4321
16.3116
16.3116
16.3116
16.3116
16.3116
16.3116
16.3116
16.3116
23.8837
23.8837
23.8837
23.8837
23.8837
23.8837
23.8837
23.8837
18.4457
18.4457
18.4457
18.4457
18.4457
18.4457
18.4457
18.4457
28.6404
28.6404
28.6404
28.6404
28.6404
28.6404
28.6404
28.6404
18.5614
18.5614
18.5614
18.5614
18.5614
18.5614
18.5614
18.5614
23.8837
23.8837
23.8837
23.8837
23.8837
23.8837
23.8837
23.8837
25.2613
25.2613
25.2613
25.2613
25.2613
25.2613
25.2613
25.2613
28.6404
28.6404
28.6404
28.6404
28.6404
28.6404
28.6404
28.6404
10.0000
10.0000
10.0000
10.0000
10.0000
10.0000
10.0000
10.0000
18.5250
18.5250
18.5250
18.5250
18.5250
18.5250
18.5250
18.5250
10.0000
10.0000
10.0000
10.0000
10.0000
10.0000
10.0000
10.0000
18.5250
18.5250
18.5250
18.5250
18.5250
18.5250
18.5250
18.5250
10.0000
10.0000
10.0000
10.0000
10.0000
10.0000
10.0000
10.0000
18.5250
18.5250
18.5250
18.5250
18.5250
18.5250
18.5250
18.5250
10.0000
10.0000
10.0000
10.0000
10.0000
10.0000
10.0000
10.0000
18.5250
18.5250
18.5250
18.5250
18.5250
18.5250
18.5250
18.5250
15.4960
15.4960
15.4960
15.4960
15.4960
15.4960
15.4960
15.4960
23.8720
23.8720
23.8720
23.8720
23.8720
23.8720
23.8720
23.8720
15.4960
15.4960
15.4960
15.4960
15.4960
15.4960
15.4960
15.4960
26.6593
26.6593
26.6593
26.6593
26.6593
26.6593
26.6593
26.6593
15.4960
15.4960
15.4960
15.4960
15.4960
15.4960
15.4960
15.4960
23.8720
23.8720
23.8720
23.8720
23.8720
23.8720
23.8720
23.8720
15.4960
15.4960
15.4960
15.4960
15.4960
15.4960
15.4960
15.4960
26.6593
26.6593
26.6593
26.6593
26.6593
26.6593
26.6593
26.6593
10.0000
10.0000
10.0000
10.0000
10.0000
10.0000
10.0000
10.0000
18.5250
18.5250
18.5250
18.5250
18.5250
18.5250
18.5250
18.5250
10.0000
10.0000
10.0000
10.0000
10.0000
10.0000
10.0000
10.0000
18.5410
18.5410
18.5410
18.5410
18.5410
18.5410
18.5410
18.5410
10.0000
10.0000
10.0000
10.0000
10.0000
10.0000
10.0000
10.0000
18.5250
18.5250
18.5250
18.5250
18.5250
18.5250
18.5250
18.5250
10.0000
10.0000
10.0000
10.0000
10.0000
10.0000
10.0000
10.0000
18.5410
18.5410
18.5410
18.5410
18.5410
18.5410
18.5410
18.5410
15.4960
15.4960
15.4960
15.4960
15.4960
15.4960
15.4960
15.4960
25.1407
25.1407
25.1407
25.1407
25.1407
25.1407
25.1407
25.1407
15.8977
15.8977
15.8977
15.8977
15.8977
15.8977
15.8977
15.8977
30.1477
30.1477
30.1477
30.1477
30.1477
30.1477
30.1477
30.1477
15.4960
15.4960
15.4960
15.4960
15.4960
15.4960
15.4960
15.4960
25.1407
25.1407
25.1407
25.1407
25.1407
25.1407
25.1407
25.1407
15.8977
15.8977
15.8977
15.8977
15.8977
15.8977
15.8977
15.8977
30.1477
30.1477
30.1477
30.1477
30.1477
30.1477
30.1477
30.1477
7.3509
7.3509
7.3509
7.3509
7.3509
7.3509
7.3509
7.3509
11.3900
11.3900
11.3900
11.3900
11.3900
11.3900
11.3900
11.3900
15.2080
15.2080
15.2080
15.2080
15.2080
15.2080
15.2080
15.2080
20.2491
20.2491
20.2491
20.2491
20.2491
20.2491
20.2491
20.2491
14.7793
14.7793
14.7793
14.7793
14.7793
14.7793
14.7793
14.7793
17.9105
17.9105
17.9105
17.9105
17.9105
17.9105
17.9105
17.9105
21.3679
21.3679
21.3679
21.3679
21.3679
21.3679
21.3679
21.3679
27.0163
27.0163
27.0163
27.0163
27.0163
27.0163
27.0163
27.0163
13.2859
13.2859
13.2859
13.2859
13.2859
13.2859
13.2859
13.2859
15.4250
15.4250
15.4250
15.4250
15.4250
15.4250
15.4250
15.4250
18.8408
18.8408
18.8408
18.8408
18.8408
18.8408
18.8408
18.8408
22.7112
22.7112
22.7112
22.7112
22.7112
22.7112
22.7112
22.7112
19.1190
19.1190
19.1190
19.1190
19.1190
19.1190
19.1190
19.1190
23.5394
23.5394
23.5394
23.5394
23.5394
23.5394
23.5394
23.5394
26.4050
26.4050
26.4050
26.4050
26.4050
26.4050
26.4050
26.4050
30.0250
30.0250
30.0250
30.0250
30.0250
30.0250
30.0250
30.0250
13.2351
13.2351
13.2351
13.2351
13.2351
13.2351
13.2351
13.2351
16.9584
16.9584
16.9584
16.9584
16.9584
16.9584
16.9584
16.9584
18.5266
18.5266
18.5266
18.5266
18.5266
18.5266
18.5266
18.5266
22.4577
22.4577
22.4577
22.4577
22.4577
22.4577
22.4577
22.4577
17.4602
17.4602
17.4602
17.4602
17.4602
17.4602
17.4602
17.4602
21.2389
21.2389
21.2389
21.2389
21.2389
21.2389
21.2389
21.2389
25.3211
25.3211
25.3211
25.3211
25.3211
25.3211
25.3211
25.3211
27.7156
27.7156
27.7156
27.7156
27.7156
27.7156
27.7156
27.7156
18.4978
18.4978
18.4978
18.4978
18.4978
18.4978
18.4978
18.4978
20.5331
20.5331
20.5331
20.5331
20.5331
20.5331
20.5331
20.5331
23.0967
23.0967
23.0967
23.0967
23.0967
23.0967
23.0967
23.0967
25.3271
25.3271
25.3271
25.3271
25.3271
25.3271
25.3271
25.3271
21.7637
21.7637
21.7637
21.7637
21.7637
21.7637
21.7637
21.7637
24.2224
24.2224
24.2224
24.2224
24.2224
24.2224
24.2224
24.2224
29.1787
29.1787
29.1787
29.1787
29.1787
29.1787
29.1787
29.1787
31.4238
31.4238
31.4238
31.4238
31.4238
31.4238
31.4238
31.4238
7.7378
8.5449
9.7930
15.2334
7.7378
8.8219
9.7992
15.2664
13.7042
14.8432
17.0889
20.4561
13.7042
15.1202
17.0951
20.6949
14.3247
14.3247
14.3247
19.5072
14.3247
14.3247
14.3247
19.5072
21.3149
21.3149
21.3149
23.8910
21.3149
21.3149
21.3149
23.8910
15.5571
15.5571
15.5571
19.0764
15.5571
16.6163
15.5571
21.9844
19.4132
19.4132
19.9080
23.2232
19.4132
19.4132
19.9080
23.2232
21.7605
21.7605
21.7605
23.2290
21.7605
21.7605
21.7605
24.9580
28.4382
28.4382
28.4382
28.4382
28.4382
28.4382
28.4382
28.4382
13.9851
14.5556
13.9851
18.6837
13.9851
14.5556
13.9851
18.6837
17.9211
17.9211
18.2827
21.9186
17.9211
17.9211
18.2827
21.9186
20.0818
20.0818
20.0818
22.4267
20.0818
20.0818
20.0818
22.4267
23.9065
23.9065
23.9065
25.8654
23.9065
23.9065
23.9065
25.8654
20.1058
20.1058
20.1058
21.7859
20.1058
20.1058
20.1058
21.9844
24.7783
24.7783
24.7783
25.0619
24.7783
24.7783
24.7783
25.0619
26.8573
26.8573
26.8573
26.8573
26.8573
26.8573
26.8573
26.8573
30.5251
30.5251
30.5251
30.5251
30.5251
30.5251
30.5251
30.5251
14.8762
14.8762
14.8762
17.7481
14.8762
14.8762
14.8762
17.7481
17.8509
17.8509
17.8509
20.6639
17.8509
17.8509
17.8509
20.8923
20.5831
20.5831
20.5831
21.5379
20.5831
20.5831
20.5831
21.5379
23.6397
23.6397
23.6397
23.8910
23.6397
23.6397
23.6397
23.8910
18.7181
18.7181
18.7181
21.6952
18.7181
20.8000
18.7181
25.5903
22.5813
22.5813
22.5813
23.2232
22.5813
22.5813
22.5813
26.0533
25.8657
25.8657
25.8657
25.8657
25.8657
25.8657
25.8657
28.3836
28.4430
28.4430
28.4430
28.4430
28.4430
28.4430
28.4430
28.8467
19.1776
19.1776
19.1776
21.2364
19.1776
19.1776
19.1776
21.2364
22.4239
22.4239
22.4239
22.4239
22.4239
22.4239
22.4239
22.4239
25.6559
25.6559
25.6559
25.6559
25.6559
25.6559
25.6559
25.6559
27.5174
27.5174
27.5174
27.5174
27.5174
27.5174
27.5174
27.5174
23.5254
23.5254
23.5254
23.5254
23.5254
23.5254
23.5254
25.5903
26.1949
26.1949
26.1949
26.1949
26.1949
26.1949
26.1949
26.1949
30.3267
30.3267
30.3267
30.3267
30.3267
30.3267
30.3267
30.3267
31.9480
31.9480
31.9480
31.9480
31.9480
31.9480
31.9480
31.9480
8.1451
10.5383
9.3209
16.5230
15.5571
15.8021
15.5571
20.1645
15.8829
15.8829
15.8829
19.0782
15.8829
20.9144
18.6727
24.1105
16.8509
16.8509
16.8509
20.4213
16.8509
21.0861
17.9010
23.5083
23.1176
23.1176
23.1176
23.1176
23.1176
24.4397
23.1176
27.3169
14.8088
16.4621
14.8088
20.5271
17.7600
20.4033
21.4848
24.6330
22.6426
22.6426
22.6426
22.7100
22.6426
24.9903
23.5354
27.1605
24.4459
24.4459
24.4459
24.4459
24.4459
25.4006
24.4459
27.7505
29.9349
29.9349
29.9349
29.9349
29.9349
29.9349
29.9349
30.1979
14.7212
15.3217
14.7212
19.6670
15.5571
20.3919
15.5571
20.5258
18.8643
18.8643
18.8643
20.8624
18.8643
21.2446
18.8643
24.2027
23.4851
23.4851
23.4851
23.6070
23.4851
23.4851
23.4851
23.6341
27.5750
27.5750
27.5750
27.5750
27.5750
27.5750
27.5750
27.5750
21.2240
21.2240
21.2240
23.3321
21.2240
24.7960
23.7390
26.4140
26.0825
26.0825
26.0825
26.0825
26.0825
26.0825
26.0825
27.3196
30.9119
30.9119
30.9119
30.9119
30.9119
30.9119
30.9119
30.9119
35.4245
35.4245
35.4245
35.4245
35.4245
35.4245
35.4245
35.4245
12.9265
14.1157
13.0134
20.1098
15.5571
19.4845
18.1823
23.6886
16.4046
16.5925
16.4046
22.0558
16.4046
21.1089
18.9610
24.3594
22.0054
22.0054
22.0054
23.1799
22.0054
23.2816
22.0054
26.7886
25.1188
25.1188
25.1188
25.1188
25.1188
25.1188
25.1188
27.5499
19.6350
19.6350
19.6350
22.1084
20.6154
23.7380
24.2047
24.8652
23.2155
23.2155
23.2155
24.8955
23.2155
25.1625
25.8436
27.1748
28.7955
28.7955
28.7955
28.7955
28.7955
28.7955
28.7955
28.7955
31.4649
31.4649
31.4649
31.4649
31.4649
31.4649
31.4649
31.4649
18.5592
18.8261
18.5592
22.3541
18.5592
19.8049
18.5592
23.8283
21.0370
21.0370
21.0370
23.4932
21.0370
21.2184
21.0370
24.4402
28.0592
28.0592
28.0592
28.0592
28.0592
28.0592
28.0592
28.0592
30.4555
30.4555
30.4555
30.4555
30.4555
30.4555
30.4555
30.4555
24.0363
24.0363
24.0363
25.4290
24.0363
24.0765
26.0149
26.4357
26.6172
26.6172
26.6172
26.6172
26.6172
26.6172
27.0959
27.3231
33.2241
33.2241
33.2241
33.2241
33.2241
33.2241
33.2241
33.2241
35.7600
35.7600
35.7600
35.7600
35.7600
35.7600
35.7600
35.7600
8.5738
8.7535
9.9802
14.4301
12.2239
12.2239
17.9287
17.9287
16.7188
16.7188
16.7188
18.6162
16.7188
16.7188
21.1737
21.1737
16.0084
16.0084
16.0084
18.5242
17.9688
17.9688
22.4642
22.4642
21.9617
21.9617
21.9617
21.9617
21.9617
21.9617
25.7366
25.7366
17.2378
17.2378
17.2378
21.1078
17.2378
21.7273
22.2114
25.1029
23.3231
23.3231
23.3231
23.3231
23.3231
25.6831
25.2941
28.1562
24.7080
26.2281
25.2861
30.8590
24.7080
29.2610
27.9544
32.4678
30.3636
30.3636
30.3636
32.8361
30.3636
33.0190
31.3712
35.3685
14.7212
14.7212
14.7212
17.8868
16.3636
16.3636
22.0788
22.0788
21.8596
21.8596
21.8596
21.8596
21.8596
21.8596
24.0804
24.0804
21.6466
21.6466
21.6466
22.4392
21.9016
21.9016
26.0145
26.0145
26.1962
26.1962
26.1962
26.1962
26.1962
26.1962
27.7474
27.7474
24.2212
24.2212
24.2212
24.5270
24.2212
25.2788
26.1540
26.1540
29.5277
29.5277
29.5277
29.5277
29.5277
29.5277
29.5277
29.5277
28.9659
29.7233
28.9659
33.0048
28.9659
32.6350
30.4278
33.0048
33.6229
33.6229
33.6229
34.2167
33.6229
33.6229
33.6229
35.4363
12.5054
12.5054
14.1565
18.3891
16.1989
16.1989
21.3384
21.3384
16.7188
16.7188
16.7188
19.9038
18.1764
18.1764
23.3585
23.3585
20.2399
20.2399
20.2399
21.9574
21.7212
21.7212
25.2279
25.2279
23.8301
23.8301
23.8301
23.8301
23.8301
23.8301
27.1491
27.1491
21.3801
21.3801
21.3801
23.8049
21.3801
24.5767
24.2182
27.8298
24.6606
24.6606
25.2120
26.9637
24.6606
25.8337
26.2798
28.3488
29.7399
29.7399
29.7399
33.6343
29.7399
31.9680
31.0107
35.0584
32.4081
32.4081
32.5715
35.1401
32.4081
33.1621
32.5745
35.5515
17.6706
17.6706
17.6706
20.2981
19.4424
19.4424
23.6184
23.6184
22.6895
22.6895
22.6895
22.6895
22.6895
22.6895
24.8951
24.8951
24.5421
24.5421
24.5421
24.5421
24.8026
24.8026
28.1184
28.1184
27.2083
27.2083
27.2083
27.2083
27.2083
27.2083
29.5002
29.5002
26.2871
26.2871
26.2871
26.2871
26.2871
26.2871
26.8059
27.9379
29.5277
29.5277
29.5277
29.5277
29.5277
29.5277
29.5277
29.5277
34.0421
34.0421
34.0421
35.3270
34.0421
34.0421
34.0421
35.3270
36.3185
36.3185
36.3185
36.3185
36.3185
36.3185
36.3185
36.3185
9.0250
9.0250
9.0250
9.0250
9.0250
9.0250
12.9575
9.0250
17.5987
17.5987
17.5987
17.5987
17.5987
17.5987
17.5987
17.5987
14.1395
14.1395
14.1395
14.1395
14.1395
14.1395
14.1395
14.1395
19.7131
19.7131
19.7131
19.7131
19.7131
19.7131
19.7131
19.7131
16.3759
16.3759
16.3759
16.3759
16.3759
16.3759
16.3759
16.3759
21.0161
21.0161
21.0161
21.0161
21.0161
21.0161
21.0161
21.0161
20.4166
20.4166
20.4166
20.4166
20.4166
20.4166
20.4166
20.4166
26.1996
26.1996
26.1996
26.1996
26.1996
26.1996
26.1996
26.1996
15.9247
15.9247
15.9247
15.9247
15.9247
15.9247
15.9247
15.9247
23.0101
23.0101
23.0101
23.0101
23.0101
23.0101
23.0101
23.0101
17.5286
17.5286
17.5286
17.5286
17.5286
17.5286
17.5286
17.5286
25.3263
25.3263
25.3263
25.3263
25.3263
25.3263
25.3263
25.3263
20.4365
20.4365
20.4365
20.4365
20.4365
20.4365
20.4365
20.4365
25.8800
25.8800
25.8800
25.8800
25.8800
25.8800
25.8800
25.8800
25.2259
25.2259
25.2259
25.2259
25.2259
25.2259
25.2259
25.2259
29.6796
29.6796
29.6796
29.6796
29.6796
29.6796
29.6796
29.6796
10.1807
10.1807
10.1807
10.1807
10.1807
10.1807
12.9575
10.1807
17.5987
17.5987
17.5987
17.5987
17.5987
17.5987
17.5987
17.5987
17.1165
17.1165
17.1165
17.1165
17.1165
17.1165
17.1165
17.1165
21.2894
21.2894
21.2894
21.2894
21.2894
21.2894
21.2894
21.2894
17.9871
17.9871
17.9871
17.9871
17.9871
17.9871
17.9871
17.9871
21.0615
21.0615
21.0615
21.0615
21.0615
21.0615
21.0615
21.0615
24.8345
24.8345
24.8345
24.8345
24.8345
24.8345
24.8345
24.8345
28.8252
28.8252
28.8252
28.8252
28.8252
28.8252
28.8252
28.8252
16.1061
16.1061
16.1061
16.1061
16.1061
16.1061
16.1061
16.1061
23.8837
23.8837
23.8837
23.8837
23.8837
23.8837
23.8837
23.8837
21.1490
21.1490
21.1490
21.1490
21.1490
21.1490
21.1490
21.1490
28.6404
28.6404
28.6404
28.6404
28.6404
28.6404
28.6404
28.6404
23.0003
23.0003
23.0003
23.0003
23.0003
23.0003
23.0003
23.0003
25.9239
25.9239
25.9239
25.9239
25.9239
25.9239
25.9239
25.9239
29.5719
29.5719
29.5719
29.5719
29.5719
29.5719
29.5719
29.5719
32.2079
32.2079
32.2079
32.2079
32.2079
32.2079
32.2079
32.2079
9.5000
9.5000
9.5000
9.5000
9.5000
9.5000
9.5000
9.5000
18.5250
18.5250
18.5250
18.5250
18.5250
18.5250
18.5250
18.5250
10.9887
10.9887
10.9887
10.9887
10.9887
10.9887
10.9887
10.9887
18.9214
18.9214
18.9214
18.9214
18.9214
18.9214
18.9214
18.9214
15.2080
15.2080
15.2080
15.2080
15.2080
15.2080
15.2080
15.2080
20.9187
20.9187
20.9187
20.9187
20.9187
20.9187
20.9187
20.9187
17.0102
17.0102
17.0102
17.0102
17.0102
17.0102
17.0102
17.0102
23.9195
23.9195
23.9195
23.9195
23.9195
23.9195
23.9195
23.9195
17.1701
17.1701
17.1701
17.1701
17.1701
17.1701
17.1701
17.1701
24.2212
24.2212
24.2212
24.2212
24.2212
24.2212
24.2212
24.2212
19.0130
19.0130
19.0130
19.0130
19.0130
19.0130
19.0130
19.0130
26.6593
26.6593
26.6593
26.6593
26.6593
26.6593
26.6593
26.6593
17.8564
17.8564
17.8564
17.8564
17.8564
17.8564
17.8564
17.8564
24.2212
24.2212
24.2212
24.2212
24.2212
24.2212
24.2212
24.2212
23.9646
23.9646
23.9646
23.9646
23.9646
23.9646
23.9646
23.9646
28.7795
28.7795
28.7795
28.7795
28.7795
28.7795
28.7795
28.7795
9.6717
9.6717
9.6717
9.6717
9.6717
9.6717
9.6717
9.6717
18.5250
18.5250
18.5250
18.5250
18.5250
18.5250
18.5250
18.5250
15.9084
15.9084
15.9084
15.9084
15.9084
15.9084
15.9084
15.9084
22.4099
22.4099
22.4099
22.4099
22.4099
22.4099
22.4099
22.4099
16.0541
16.0541
16.0541
16.0541
16.0541
16.0541
16.0541
16.0541
22.3570
22.3570
22.3570
22.3570
22.3570
22.3570
22.3570
22.3570
23.2580
23.2580
23.2580
23.2580
23.2580
23.2580
23.2580
23.2580
28.0059
28.0059
28.0059
28.0059
28.0059
28.0059
28.0059
28.0059
17.3304
17.3304
17.3304
17.3304
17.3304
17.3304
17.3304
17.3304
25.1407
25.1407
25.1407
25.1407
25.1407
25.1407
25.1407
25.1407
22.8784
22.8784
22.8784
22.8784
22.8784
22.8784
22.8784
22.8784
30.1477
30.1477
30.1477
30.1477
30.1477
30.1477
30.1477
30.1477
19.6916
19.6916
19.6916
19.6916
19.6916
19.6916
19.6916
19.6916
25.3087
25.3087
25.3087
25.3087
25.3087
25.3087
25.3087
25.3087
26.5908
26.5908
26.5908
26.5908
26.5908
26.5908
26.5908
26.5908
30.8388
30.8388
30.8388
30.8388
30.8388
30.8388
30.8388
30.8388
10.0000
10.0000
10.0000
10.0000
10.0000
10.0000
10.0000
10.0000
19.5000
19.5000
19.5000
19.5000
19.5000
19.5000
19.5000
19.5000
10.4393
10.4393
10.4393
10.4393
10.4393
10.4393
10.4393
10.4393
19.9173
19.9173
19.9173
19.9173
19.9173
19.9173
19.9173
19.9173
12.6524
12.6524
12.6524
12.6524
12.6524
12.6524
12.6524
12.6524
22.0197
22.0197
22.0197
22.0197
22.0197
22.0197
22.0197
22.0197
15.1640
15.1640
15.1640
15.1640
15.1640
15.1640
15.1640
15.1640
24.4058
24.4058
24.4058
24.4058
24.4058
24.4058
24.4058
24.4058
16.3116
16.3116
16.3116
16.3116
16.3116
16.3116
16.3116
16.3116
25.4960
25.4960
25.4960
25.4960
25.4960
25.4960
25.4960
25.4960
19.0130
19.0130
19.0130
19.0130
19.0130
19.0130
19.0130
19.0130
28.0624
28.0624
28.0624
28.0624
28.0624
28.0624
28.0624
28.0624
16.3116
16.3116
16.3116
16.3116
16.3116
16.3116
16.3116
16.3116
25.4960
25.4960
25.4960
25.4960
25.4960
25.4960
25.4960
25.4960
21.3623
21.3623
21.3623
21.3623
21.3623
21.3623
21.3623
21.3623
30.2942
30.2942
30.2942
30.2942
30.2942
30.2942
30.2942
30.2942
10.0000
10.0000
10.0000
10.0000
10.0000
10.0000
10.0000
10.0000
19.5000
19.5000
19.5000
19.5000
19.5000
19.5000
19.5000
19.5000
14.3046
14.3046
14.3046
14.3046
14.3046
14.3046
14.3046
14.3046
23.5894
23.5894
23.5894
23.5894
23.5894
23.5894
23.5894
23.5894
14.2460
14.2460
14.2460
14.2460
14.2460
14.2460
14.2460
14.2460
23.5337
23.5337
23.5337
23.5337
23.5337
23.5337
23.5337
23.5337
20.5051
20.5051
20.5051
20.5051
20.5051
20.5051
20.5051
20.5051
29.4799
29.4799
29.4799
29.4799
29.4799
29.4799
29.4799
29.4799
17.3304
17.3304
17.3304
17.3304
17.3304
17.3304
17.3304
17.3304
26.4639
26.4639
26.4639
26.4639
26.4639
26.4639
26.4639
26.4639
22.8784
22.8784
22.8784
22.8784
22.8784
22.8784
22.8784
22.8784
31.7345
31.7345
31.7345
31.7345
31.7345
31.7345
31.7345
31.7345
17.5165
17.5165
17.5165
17.5165
17.5165
17.5165
17.5165
17.5165
26.6407
26.6407
26.6407
26.6407
26.6407
26.6407
26.6407
26.6407
23.6441
23.6441
23.6441
23.6441
23.6441
23.6441
23.6441
23.6441
32.4619
32.4619
32.4619
32.4619
32.4619
32.4619
32.4619
32.4619
7.3509
7.3509
7.3509
7.3509
7.3509
7.3509
7.3509
7.3509
11.9894
11.9894
11.9894
11.9894
11.9894
11.9894
11.9894
11.9894
16.0084
16.0084
16.0084
16.0084
16.0084
16.0084
16.0084
16.0084
20.8636
20.8636
20.8636
20.8636
20.8636
20.8636
20.8636
20.8636
15.5571
15.5571
15.5571
15.5571
15.5571
15.5571
15.5571
15.5571
17.8125
17.8125
17.8125
17.8125
17.8125
17.8125
17.8125
17.8125
22.4925
22.4925
22.4925
22.4925
22.4925
22.4925
22.4925
22.4925
27.1760
27.1760
27.1760
27.1760
27.1760
27.1760
27.1760
27.1760
13.9851
13.9851
13.9851
13.9851
13.9851
13.9851
13.9851
13.9851
16.2368
16.2368
16.2368
16.2368
16.2368
16.2368
16.2368
16.2368
19.8324
19.8324
19.8324
19.8324
19.8324
19.8324
19.8324
19.8324
23.4819
23.4819
23.4819
23.4819
23.4819
23.4819
23.4819
23.4819
20.1253
20.1253
20.1253
20.1253
20.1253
20.1253
20.1253
20.1253
22.2306
22.2306
22.2306
22.2306
22.2306
22.2306
22.2306
22.2306
27.7947
27.7947
27.7947
27.7947
27.7947
27.7947
27.7947
27.7947
31.6052
31.6052
31.6052
31.6052
31.6052
31.6052
31.6052
31.6052
13.9317
13.9317
13.9317
13.9317
13.9317
13.9317
13.9317
13.9317
17.8509
17.8509
17.8509
17.8509
17.8509
17.8509
17.8509
17.8509
21.7795
21.7795
21.7795
21.7795
21.7795
21.7795
21.7795
21.7795
23.6397
23.6397
23.6397
23.6397
23.6397
23.6397
23.6397
23.6397
18.3792
18.3792
18.3792
18.3792
18.3792
18.3792
18.3792
18.3792
22.3567
22.3567
22.3567
22.3567
22.3567
22.3567
22.3567
22.3567
26.6538
26.6538
26.6538
26.6538
26.6538
26.6538
26.6538
26.6538
29.1743
29.1743
29.1743
29.1743
29.1743
29.1743
29.1743
29.1743
19.4714
19.4714
19.4714
19.4714
19.4714
19.4714
19.4714
19.4714
21.6138
21.6138
21.6138
21.6138
21.6138
21.6138
21.6138
21.6138
24.7649
24.7649
24.7649
24.7649
24.7649
24.7649
24.7649
24.7649
26.6601
26.6601
26.6601
26.6601
26.6601
26.6601
26.6601
26.6601
22.9091
22.9091
22.9091
22.9091
22.9091
22.9091
22.9091
22.9091
25.4973
25.4973
25.4973
25.4973
25.4973
25.4973
25.4973
25.4973
30.7145
30.7145
30.7145
30.7145
30.7145
30.7145
30.7145
30.7145
33.0777
33.0777
33.0777
33.0777
33.0777
33.0777
33.0777
33.0777
7.7378
9.5108
9.3034
14.9120
7.7378
9.5108
9.3092
14.9120
12.9367
14.1010
16.2345
19.4333
12.9367
14.3642
16.2403
19.6601
16.8509
16.8509
16.8509
18.5318
16.8509
16.8509
16.8509
18.5318
21.9617
21.9617
21.9617
22.6965
21.9617
21.9617
21.9617
22.6965
16.3759
16.3759
16.3759
18.1226
16.3759
16.3759
16.3759
20.8851
20.8898
20.8898
20.8898
22.0621
20.8898
20.8898
20.8898
22.0621
24.1113
24.1113
24.1113
24.1113
24.1113
24.1113
24.1113
24.1113
28.6064
28.6064
28.6064
28.6064
28.6064
28.6064
28.6064
28.6064
14.7212
14.7212
14.7212
17.4149
14.7212
14.7212
14.7212
17.4149
17.2623
17.2623
17.3686
20.8226
17.2623
17.2623
17.3686
20.8226
21.7465
21.7465
21.7465
21.7465
21.7465
21.7465
21.7465
21.7465
25.1648
25.1648
25.1648
25.1648
25.1648
25.1648
25.1648
25.1648
21.1845
21.1845
21.1845
21.1845
21.1845
21.1845
21.1845
21.1845
24.6846
24.6846
24.6846
24.6846
24.6846
24.6846
24.6846
24.6846
29.2576
29.2576
29.2576
29.2576
29.2576
29.2576
29.2576
29.2576
33.2687
33.2687
33.2687
33.2687
33.2687
33.2687
33.2687
33.2687
15.6592
15.6592
15.6592
18.9547
15.6592
15.6592
15.6592
19.1218
19.3044
19.3044
20.3954
22.7563
19.3044
19.3044
20.3997
22.9234
22.9258
22.9258
22.9258
22.9258
22.9258
22.9258
22.9258
22.9258
24.9036
24.9036
24.9036
24.9036
24.9036
24.9036
24.9036
24.9036
20.1212
20.1212
20.1212
21.0157
20.1212
20.1224
20.1212
24.3107
24.2227
24.2227
24.2227
24.2227
24.2227
24.2227
24.2227
24.7506
28.0566
28.0566
28.0566
28.0566
28.0566
28.0566
28.0566
28.0566
30.7098
30.7098
30.7098
30.7098
30.7098
30.7098
30.7098
30.7098
21.6466
21.6466
21.6466
21.6466
21.6466
21.6466
21.6466
21.6466
24.0599
24.0599
24.0599
24.0599
24.0599
24.0599
24.0599
24.0599
27.0062
27.0062
27.0062
27.0062
27.0062
27.0062
27.0062
27.0062
28.9657
28.9657
28.9657
28.9657
28.9657
28.9657
28.9657
28.9657
24.7636
24.7636
24.7636
24.7636
24.7636
24.7636
24.7636
24.7636
27.8161
27.8161
27.8161
27.8161
27.8161
27.8161
27.8161
27.8161
32.3310
32.3310
32.3310
32.3310
32.3310
32.3310
32.3310
32.3310
34.8186
34.8186
34.8186
34.8186
34.8186
34.8186
34.8186
34.8186
8.1451
10.0114
8.8549
15.6969
8.5145
15.0120
13.3234
19.1563
15.0887
15.0887
15.0887
18.1242
15.0887
19.8687
17.7390
22.9049
17.7378
19.5108
18.4121
24.9120
18.0888
24.2614
22.6572
28.1984
24.3343
24.3343
24.3343
27.2180
24.3343
28.8752
26.8521
31.7597
17.2378
17.2378
17.2378
19.5007
18.6948
19.3831
22.6156
23.4014
23.8343
23.8343
23.8343
23.8343
23.8343
23.8343
24.7741
25.8025
26.3759
26.3759
26.3759
28.5257
26.3759
28.4139
27.3098
32.2313
32.6426
32.6426
32.6426
32.6426
32.6426
32.6426
32.6426
34.5124
15.4960
15.4960
15.4960
18.4492
15.4960
19.3723
15.4960
19.4995
20.1998
20.1998
20.1998
20.1998
20.1998
20.1998
20.1998
22.9925
24.7212
24.7212
24.7212
27.5268
24.7212
28.4037
24.7212
28.5245
29.0263
29.0263
29.0263
29.0263
29.0263
29.1732
29.0263
31.8429
23.7251
23.7251
23.7251
23.7251
23.7251
23.7251
24.9884
25.0933
28.7252
28.7252
28.7252
28.7252
28.7252
28.7252
28.7252
28.7252
32.5389
32.5389
32.5389
32.5389
32.5389
32.5389
32.5389
33.8387
37.2890
37.2890
37.2890
37.2890
37.2890
37.2890
37.2890
37.2890
14.8762
14.8762
15.4126
19.1043
14.8762
18.5103
17.2732
22.5042
18.3392
18.9393
20.5076
22.8590
18.3392
20.0535
20.5119
23.1414
24.1324
24.1324
24.1324
28.1491
24.1324
27.5848
26.4095
31.3790
27.4223
27.4223
28.3257
30.3688
27.4223
29.0508
28.3295
31.9844
21.3801
21.3801
21.3801
21.3801
21.7004
22.5511
25.4786
25.4786
24.3379
24.3379
24.3379
24.3379
24.3379
24.3379
27.2038
27.2038
30.3111
30.3111
30.3111
30.3111
30.3111
31.4236
30.3111
32.4408
33.1210
33.1210
33.1210
33.1210
33.1210
33.1210
33.1210
34.5253
20.5642
20.5642
20.5642
21.1824
20.5642
20.5642
20.5642
22.6369
23.3096
23.3096
23.3096
23.3096
23.3096
23.3096
23.3096
23.3096
29.5360
29.5360
29.5360
30.1233
29.5360
29.5360
29.5360
31.5050
32.1442
32.1442
32.1442
32.1442
32.1442
32.1442
32.1442
32.1442
26.2871
26.2871
26.2871
26.2871
26.2871
26.2871
27.3841
27.3841
29.0970
29.0970
29.0970
29.0970
29.0970
29.0970
29.0970
29.0970
34.9727
34.9727
34.9727
34.9727
34.9727
34.9727
34.9727
34.9727
37.6421
37.6421
37.6421
37.6421
37.6421
37.6421
37.6421
37.6421
8.5738
8.5738
9.4812
13.7086
10.8893
13.5483
17.0323
17.2885
15.8829
15.8829
15.8829
17.6854
15.8829
17.9315
20.1150
20.6717
16.8509
18.5353
17.4915
23.6664
16.8509
21.8959
21.3410
25.4491
23.1176
23.1176
23.1176
25.8571
23.1176
26.0599
24.4498
28.6631
18.1451
18.1451
18.1451
22.2188
19.6787
22.8709
23.8059
26.4241
25.0887
25.0887
25.0887
25.0887
25.0887
27.0349
26.0780
29.6381
26.0084
27.6085
26.6169
32.4831
26.0084
30.8011
29.4257
34.1766
31.9617
31.9617
31.9617
34.5643
31.9617
34.7569
33.0223
37.2300
16.3116
16.3116
16.3116
16.9924
16.3116
17.4835
20.9748
20.9748
22.1913
22.1913
22.1913
22.1913
22.1913
22.1913
22.8763
22.8763
22.7859
22.7859
22.7859
26.0442
22.7859
25.6343
24.7138
26.0442
26.7623
26.7623
26.7623
27.3869
26.7623
26.7623
26.7623
28.7382
25.4960
25.4960
25.4960
25.8179
25.4960
26.6093
26.3036
26.7184
31.0818
31.0818
31.0818
31.0818
31.0818
31.0818
31.0818
31.0818
30.4904
31.2877
30.4904
34.7419
30.4904
34.3526
30.4904
34.7419
35.3926
35.3926
35.3926
36.0176
35.3926
35.3926
35.3926
37.3013
13.1993
13.1993
13.9099
17.4697
14.3567
16.7055
19.0391
20.3100
16.7985
17.0927
18.5081
20.6303
16.7985
18.0983
20.8340
20.8851
22.4265
22.4265
22.4265
26.7416
22.4265
24.8952
23.9665
28.3195
26.0511
26.0511
26.0511
28.4101
26.0511
26.2184
26.0511
28.8659
22.5054
22.5054
22.5054
25.0578
22.8425
25.8702
26.8196
29.2945
25.9585
25.9585
26.5390
28.3828
25.9585
27.1934
28.6356
29.8409
31.3051
31.3051
31.3051
35.4046
31.3051
33.6505
32.6428
36.9036
34.1138
34.1138
34.2858
36.9896
34.1138
34.9075
34.2890
37.4226
18.7854
18.7854
18.7854
19.2832
18.7854
18.7854
21.0358
21.0358
22.1913
22.1913
22.1913
22.1913
22.1913
22.1913
22.8797
22.8797
27.1935
27.1935
27.1935
28.6171
27.1935
27.1935
27.1935
28.6171
30.1284
30.1284
30.1284
30.1284
30.1284
30.1284
30.1284
30.1284
27.6706
27.6706
27.6706
27.6706
27.6706
27.6706
28.8254
29.4083
31.0818
31.0818
31.0818
31.0818
31.0818
31.0818
31.0818
31.0818
35.8338
35.8338
35.8338
37.1863
35.8338
35.8338
35.8338
37.1863
38.2300
38.2300
38.2300
38.2300
38.2300
38.2300
38.2300
38.2300
9.0250
9.0250
9.0250
9.0250
9.0250
9.0250
12.3097
9.0250
16.1226
16.1226
16.1226
16.1226
16.1226
16.1226
16.1226
16.1226
15.3275
15.3275
15.3275
15.3275
15.3275
15.3275
15.3275
15.3275
18.2854
18.2854
18.2854
18.2854
18.2854
18.2854
18.2854
18.2854
17.2378
17.2378
17.2378
17.2378
17.2378
17.2378
17.2378
17.2378
19.9119
19.9119
19.9119
19.9119
19.9119
19.9119
19.9119
19.9119
21.4911
21.4911
21.4911
21.4911
21.4911
21.4911
21.4911
21.4911
25.7585
25.7585
25.7585
25.7585
25.7585
25.7585
25.7585
25.7585
16.7628
16.7628
16.7628
16.7628
16.7628
16.7628
16.7628
16.7628
22.4233
22.4233
22.4233
22.4233
22.4233
22.4233
22.4233
22.4233
18.4511
18.4511
18.4511
18.4511
18.4511
18.4511
18.4511
18.4511
22.4233
22.4233
22.4233
22.4233
22.4233
22.4233
22.4233
22.4233
20.1170
20.1170
20.1170
20.1170
20.1170
20.1170
20.1170
20.1170
24.1557
24.1557
24.1557
24.1557
24.1557
24.1557
24.1557
24.1557
26.5930
26.5930
26.5930
26.5930
26.5930
26.5930
26.5930
26.5930
29.7858
29.7858
29.7858
29.7858
29.7858
29.7858
29.7858
29.7858
10.4303
10.4303
10.4303
10.4303
10.4303
10.4303
12.3097
10.4303
16.1226
16.1226
16.1226
16.1226
16.1226
16.1226
16.1226
16.1226
18.0174
18.0174
18.0174
18.0174
18.0174
18.0174
18.0174
18.0174
20.8093
20.8093
20.8093
20.8093
20.8093
20.8093
20.8093
20.8093
18.9338
18.9338
18.9338
18.9338
18.9338
18.9338
18.9338
18.9338
21.5840
21.5840
21.5840
21.5840
21.5840
21.5840
21.5840
21.5840
26.1415
26.1415
26.1415
26.1415
26.1415
26.1415
26.1415
26.1415
28.6333
28.6333
28.6333
28.6333
28.6333
28.6333
28.6333
28.6333
16.7628
16.7628
16.7628
16.7628
16.7628
16.7628
16.7628
16.7628
22.4233
22.4233
22.4233
22.4233
22.4233
22.4233
22.4233
22.4233
22.2621
22.2621
22.2621
22.2621
22.2621
22.2621
22.2621
22.2621
24.7218
24.7218
24.7218
24.7218
24.7218
24.7218
24.7218
24.7218
23.2040
23.2040
23.2040
23.2040
23.2040
23.2040
23.2040
23.2040
25.6890
25.6890
25.6890
25.6890
25.6890
25.6890
25.6890
25.6890
30.1740
30.1740
30.1740
30.1740
30.1740
30.1740
30.1740
30.1740
32.5107
32.5107
32.5107
32.5107
32.5107
32.5107
32.5107
32.5107
9.5000
9.5000
9.5000
9.5000
9.5000
9.5000
9.5000
9.5000
17.5987
17.5987
17.5987
17.5987
17.5987
17.5987
17.5987
17.5987
14.5611
14.5611
14.5611
14.5611
14.5611
14.5611
14.5611
14.5611
17.5987
17.5987
17.5987
17.5987
17.5987
17.5987
17.5987
17.5987
16.0084
16.0084
16.0084
16.0084
16.0084
16.0084
16.0084
16.0084
17.5987
17.5987
17.5987
17.5987
17.5987
17.5987
17.5987
17.5987
16.0084
16.0084
16.0084
16.0084
16.0084
16.0084
16.0084
16.0084
17.5987
17.5987
17.5987
17.5987
17.5987
17.5987
17.5987
17.5987
18.0737
18.0737
18.0737
18.0737
18.0737
18.0737
18.0737
18.0737
23.8343
23.8343
23.8343
23.8343
23.8343
23.8343
23.8343
23.8343
21.0671
21.0671
21.0671
21.0671
21.0671
21.0671
21.0671
21.0671
23.8343
23.8343
23.8343
23.8343
23.8343
23.8343
23.8343
23.8343
18.0737
18.0737
18.0737
18.0737
18.0737
18.0737
18.0737
18.0737
23.8343
23.8343
23.8343
23.8343
23.8343
23.8343
23.8343
23.8343
21.0671
21.0671
21.0671
21.0671
21.0671
21.0671
21.0671
21.0671
23.8343
23.8343
23.8343
23.8343
23.8343
23.8343
23.8343
23.8343
9.7027
9.7027
9.7027
9.7027
9.7027
9.7027
9.7027
9.7027
17.5987
17.5987
17.5987
17.5987
17.5987
17.5987
17.5987
17.5987
15.8500
15.8500
15.8500
15.8500
15.8500
15.8500
15.8500
15.8500
17.5987
17.5987
17.5987
17.5987
17.5987
17.5987
17.5987
17.5987
16.0084
16.0084
16.0084
16.0084
16.0084
16.0084
16.0084
16.0084
17.5987
17.5987
17.5987
17.5987
17.5987
17.5987
17.5987
17.5987
16.0084
16.0084
16.0084
16.0084
16.0084
16.0084
16.0084
16.0084
17.5987
17.5987
17.5987
17.5987
17.5987
17.5987
17.5987
17.5987
19.2027
19.2027
19.2027
19.2027
19.2027
19.2027
19.2027
19.2027
23.8343
23.8343
23.8343
23.8343
23.8343
23.8343
23.8343
23.8343
25.3500
25.3500
25.3500
25.3500
25.3500
25.3500
25.3500
25.3500
25.3500
25.3500
25.3500
25.3500
25.3500
25.3500
25.3500
25.3500
19.2027
19.2027
19.2027
19.2027
19.2027
19.2027
19.2027
19.2027
23.8343
23.8343
23.8343
23.8343
23.8343
23.8343
23.8343
23.8343
25.3500
25.3500
25.3500
25.3500
25.3500
25.3500
25.3500
25.3500
25.3500
25.3500
25.3500
25.3500
25.3500
25.3500
25.3500
25.3500
10.0000
10.0000
10.0000
10.0000
10.0000
10.0000
10.0000
10.0000
18.5250
18.5250
18.5250
18.5250
18.5250
18.5250
18.5250
18.5250
10.9887
10.9887
10.9887
10.9887
10.9887
10.9887
10.9887
10.9887
18.5250
18.5250
18.5250
18.5250
18.5250
18.5250
18.5250
18.5250
15.2080
15.2080
15.2080
15.2080
15.2080
15.2080
15.2080
15.2080
18.5250
18.5250
18.5250
18.5250
18.5250
18.5250
18.5250
18.5250
15.2080
15.2080
15.2080
15.2080
15.2080
15.2080
15.2080
15.2080
18.5250
18.5250
18.5250
18.5250
18.5250
18.5250
18.5250
18.5250
17.1701
17.1701
17.1701
17.1701
17.1701
17.1701
17.1701
17.1701
18.5250
18.5250
18.5250
18.5250
18.5250
18.5250
18.5250
18.5250
20.0137
20.0137
20.0137
20.0137
20.0137
20.0137
20.0137
20.0137
22.2009
22.2009
22.2009
22.2009
22.2009
22.2009
22.2009
22.2009
17.1701
17.1701
17.1701
17.1701
17.1701
17.1701
17.1701
17.1701
18.5250
18.5250
18.5250
18.5250
18.5250
18.5250
18.5250
18.5250
20.0137
20.0137
20.0137
20.0137
20.0137
20.0137
20.0137
20.0137
22.2009
22.2009
22.2009
22.2009
22.2009
22.2009
22.2009
22.2009
10.0000
10.0000
10.0000
10.0000
10.0000
10.0000
10.0000
10.0000
18.5250
18.5250
18.5250
18.5250
18.5250
18.5250
18.5250
18.5250
15.0575
15.0575
15.0575
15.0575
15.0575
15.0575
15.0575
15.0575
18.5250
18.5250
18.5250
18.5250
18.5250
18.5250
18.5250
18.5250
15.2080
15.2080
15.2080
15.2080
15.2080
15.2080
15.2080
15.2080
18.5250
18.5250
18.5250
18.5250
18.5250
18.5250
18.5250
18.5250
15.2080
15.2080
15.2080
15.2080
15.2080
15.2080
15.2080
15.2080
18.5250
18.5250
18.5250
18.5250
18.5250
18.5250
18.5250
18.5250
18.2426
18.2426
18.2426
18.2426
18.2426
18.2426
18.2426
18.2426
18.5250
18.5250
18.5250
18.5250
18.5250
18.5250
18.5250
18.5250
24.0825
24.0825
24.0825
24.0825
24.0825
24.0825
24.0825
24.0825
24.0825
24.0825
24.0825
24.0825
24.0825
24.0825
24.0825
24.0825
18.2426
18.2426
18.2426
18.2426
18.2426
18.2426
18.2426
18.2426
18.5250
18.5250
18.5250
18.5250
18.5250
18.5250
18.5250
18.5250
24.0825
24.0825
24.0825
24.0825
24.0825
24.0825
24.0825
24.0825
24.0825
24.0825
24.0825
24.0825
24.0825
24.0825
24.0825
24.0825
7.3509
7.3509
7.3509
7.3509
7.3509
7.3509
7.3509
7.3509
9.0640
9.0640
9.0640
9.0640
9.0640
9.0640
9.0640
9.0640
12.0153
12.0153
12.0153
12.0153
12.0153
12.0153
12.0153
12.0153
16.3261
16.3261
16.3261
16.3261
16.3261
16.3261
16.3261
16.3261
14.7793
14.7793
14.7793
14.7793
14.7793
14.7793
14.7793
14.7793
15.8422
15.8422
15.8422
15.8422
15.8422
15.8422
15.8422
15.8422
16.3209
16.3209
16.3209
16.3209
16.3209
16.3209
16.3209
16.3209
22.7655
22.7655
22.7655
22.7655
22.7655
22.7655
22.7655
22.7655
10.2496
10.2496
10.2496
10.2496
10.2496
10.2496
10.2496
10.2496
13.4177
13.4177
13.4177
13.4177
13.4177
13.4177
13.4177
13.4177
16.8032
16.8032
16.8032
16.8032
16.8032
16.8032
16.8032
16.8032
19.4813
19.4813
19.4813
19.4813
19.4813
19.4813
19.4813
19.4813
16.9688
16.9688
16.9688
16.9688
16.9688
16.9688
16.9688
16.9688
19.7096
19.7096
19.7096
19.7096
19.7096
19.7096
19.7096
19.7096
23.8358
23.8358
23.8358
23.8358
23.8358
23.8358
23.8358
23.8358
26.1006
26.1006
26.1006
26.1006
26.1006
26.1006
26.1006
26.1006
12.5190
12.5190
12.5190
12.5190
12.5397
12.5190
12.5397
12.5190
16.3029
16.3029
16.3029
16.3029
16.3029
16.3029
16.3029
16.3029
18.8466
18.8466
18.8466
18.8466
18.8466
18.8466
18.8466
18.8466
22.5621
22.5621
22.5621
22.5621
22.5621
22.5621
22.5621
22.5621
17.5600
17.5600
17.5600
17.5600
17.5600
17.5600
17.5600
17.5600
22.1451
22.1451
22.1451
22.1451
22.1451
22.1451
22.1451
22.1451
22.5576
22.5576
22.5576
22.5576
22.5576
22.5576
22.5576
22.5576
28.1122
28.1122
28.1122
28.1122
28.1122
28.1122
28.1122
28.1122
18.1081
18.1081
18.1081
18.1081
18.1081
18.1081
18.1081
18.1081
20.0555
20.0555
20.0555
20.0555
20.0555
20.0555
20.0555
20.0555
22.9733
22.9733
22.9733
22.9733
22.9733
22.9733
22.9733
22.9733
25.2815
25.2815
25.2815
25.2815
25.2815
25.2815
25.2815
25.2815
23.1161
23.1161
23.1161
23.1161
23.1161
23.1161
23.1161
23.1161
25.4784
25.4784
25.4784
25.4784
25.4784
25.4784
25.4784
25.4784
29.0346
29.0346
29.0346
29.0346
29.0346
29.0346
29.0346
29.0346
30.9867
30.9867
30.9867
30.9867
30.9867
30.9867
30.9867
30.9867
7.7378
7.7378
8.8382
13.7481
7.7378
7.9618
8.8438
13.7779
12.6205
13.3960
15.4228
18.4616
12.6205
13.6460
15.4283
18.6771
16.0084
16.0084
16.0084
17.6052
16.0084
16.0084
16.0084
17.6052
19.4947
19.4947
19.4947
21.5617
19.4947
19.4947
19.4947
21.5617
13.6233
13.6233
13.6233
17.2165
13.6233
14.9962
13.6233
19.8409
19.8453
19.8453
19.8453
20.9590
19.8453
19.8453
19.8453
20.9590
20.6123
20.6123
20.6123
20.9642
20.6123
20.6123
20.6123
22.5246
26.2996
26.2996
26.2996
26.2996
26.2996
26.2996
26.2996
26.2996
15.4960
15.4960
15.4960
16.4535
15.4960
15.4960
15.4960
16.4535
19.0440
19.0440
19.0440
19.7815
19.0440
19.0440
19.0440
19.7815
19.4889
19.4889
19.4889
20.1783
19.4889
19.4889
19.4889
20.1783
23.9065
23.9065
23.9065
23.9065
23.9065
23.9065
23.9065
23.9065
18.9289
18.9289
18.9289
19.6618
18.9289
18.9289
18.9289
19.8409
24.2848
24.2848
24.2848
24.2848
24.2848
24.2848
24.2848
24.2848
26.5562
26.5562
26.5562
26.5562
26.5562
26.5562
26.5562
26.5562
30.4908
30.4908
30.4908
30.4908
30.4908
30.4908
30.4908
30.4908
16.4834
16.4834
17.0777
21.1281
16.4834
16.4834
17.0824
21.3128
20.3205
20.9854
22.7231
25.3285
20.3205
21.1997
22.7278
25.5133
21.6086
21.6086
21.6086
21.6086
21.6086
21.6086
21.6086
21.6086
26.2143
26.2143
26.2143
26.2143
26.2143
26.2143
26.2143
26.2143
21.1802
21.1802
21.1802
23.3503
21.1802
22.3574
21.1802
26.5111
26.3396
26.3396
26.3396
26.3396
26.3396
26.3396
26.3396
26.8693
27.1724
27.1724
27.1724
27.1724
27.1724
27.1724
27.1724
28.8121
32.0486
32.0486
32.0486
32.0486
32.0486
32.0486
32.0486
32.0486
22.7859
22.7859
22.7859
22.7859
22.7859
22.7859
22.7859
22.7859
25.7279
25.7279
25.7279
25.7279
25.7279
25.7279
25.7279
25.7279
26.7848
26.7848
26.7848
26.7848
26.7848
26.7848
26.7848
26.7848
30.2766
30.2766
30.2766
30.2766
30.2766
30.2766
30.2766
30.2766
26.0670
26.0670
26.0670
26.0670
26.0670
26.0670
26.0670
26.5111
30.3212
30.3212
30.3212
30.3212
30.3212
30.3212
30.3212
30.3212
32.5895
32.5895
32.5895
32.5895
32.5895
32.5895
32.5895
32.5895
35.6421
35.6421
35.6421
35.6421
35.6421
35.6421
35.6421
35.6421
8.1451
8.1451
8.1451
11.1992
8.1451
8.1451
8.1451
11.3712
13.2847
13.2847
13.2847
15.1104
13.2847
13.2847
13.2847
15.2824
16.8509
16.8509
16.8509
16.8509
16.8509
16.8509
16.8509
16.8509
20.5208
20.5208
20.5208
20.5208
20.5208
20.5208
20.5208
20.5208
16.3759
16.3759
16.3759
16.3759
16.3759
16.3759
16.3759
16.3759
20.6746
20.6746
20.6746
20.6746
20.6746
20.6746
20.6746
20.6746
21.6971
21.6971
21.6971
21.6971
21.6971
21.6971
21.6971
21.6971
27.6838
27.6838
27.6838
27.6838
27.6838
27.6838
27.6838
27.6838
16.3116
16.3116
16.3116
16.3116
16.3116
16.3116
16.3116
16.3116
22.1913
22.1913
22.1913
22.1913
22.1913
22.1913
22.1913
22.1913
21.2213
21.2213
21.2213
21.2213
21.2213
21.2213
21.2213
21.2213
25.5082
25.5082
25.5082
25.5082
25.5082
25.5082
25.5082
25.5082
20.9739
20.9739
20.9739
20.9739
20.9739
20.9739
20.9739
20.9739
25.5630
25.5630
25.5630
25.5630
25.5630
25.5630
25.5630
25.5630
28.3479
28.3479
28.3479
28.3479
28.3479
28.3479
28.3479
28.3479
32.0956
32.0956
32.0956
32.0956
32.0956
32.0956
32.0956
32.0956
15.6592
15.6592
16.2238
20.0717
15.6592
15.6592
16.2283
20.2472
19.3044
19.9361
21.5869
24.0621
19.3044
20.1397
21.5915
24.2376
20.4839
20.4839
20.4839
20.4839
20.4839
20.4839
20.4839
20.4839
23.8613
23.8613
23.8613
24.1881
23.8613
23.8613
23.8613
24.3573
20.1212
20.1212
20.1212
22.1828
20.1212
21.2395
20.1212
25.1855
25.0226
25.0226
25.0226
25.0226
25.0226
25.0226
25.0226
25.5259
24.2790
24.2790
24.2790
24.4838
24.2790
24.2790
24.2790
27.3715
29.6870
29.6870
29.6870
29.6870
29.6870
29.6870
29.6870
29.6870
21.6466
21.6466
21.6466
21.6466
21.6466
21.6466
21.6466
21.6466
24.5365
24.5365
24.5365
24.5365
24.5365
24.5365
24.5365
24.5365
24.8340
24.8340
24.8340
24.8340
24.8340
24.8340
24.8340
24.8340
27.5288
27.5288
27.5288
27.5288
27.5288
27.5288
27.5288
27.5288
24.1994
24.1994
24.1994
24.1994
24.1994
24.1994
24.1994
25.1855
28.8051
28.8051
28.8051
28.8051
28.8051
28.8051
28.8051
28.8051
30.6552
30.6552
30.6552
30.6552
30.6552
30.6552
30.6552
30.6552
32.7042
32.7042
32.7042
32.7042
32.7042
32.7042
32.7042
32.7042
8.5738
8.5738
9.0071
13.0232
8.5738
8.5738
9.0071
13.0232
13.9568
13.9568
13.9568
16.8011
13.9568
13.9568
13.9568
16.8011
14.2013
14.2013
14.2013
16.7181
14.2013
14.2013
14.2013
16.7181
18.7940
18.7940
18.7940
19.7744
18.7940
18.7940
18.7940
19.7744
17.2378
17.2378
17.2378
17.2378
17.2378
17.2378
17.2378
17.2378
19.8347
19.8347
19.8347
19.8957
19.8347
19.8347
19.8347
19.8957
20.4440
20.4440
20.4440
20.4440
20.4440
20.4440
20.4440
20.4440
25.3185
25.3185
25.3185
25.3185
25.3185
25.3185
25.3185
25.3185
17.1701
17.1701
17.1701
17.1701
17.1701
17.1701
17.1701
17.1701
23.3593
23.3593
23.3593
23.3593
23.3593
23.3593
23.3593
23.3593
19.4646
19.4646
19.4646
20.2513
19.4646
19.4646
19.4646
20.2513
23.3593
23.3593
23.3593
23.3593
23.3593
23.3593
23.3593
23.3593
21.1640
21.1640
21.1640
21.1640
21.1640
21.1640
21.1640
21.1640
26.0825
26.0825
26.0825
26.0825
26.0825
26.0825
26.0825
26.0825
23.2007
23.2007
23.2007
23.2007
23.2007
23.2007
23.2007
23.2007
26.0987
26.0987
26.0987
26.0987
26.0987
26.0987
26.0987
26.0987
13.8563
13.8563
13.8563
16.8535
13.8563
13.8563
13.8563
16.9942
17.6826
17.6826
18.0672
20.0560
17.6826
17.6826
18.0708
20.1968
19.4597
19.4597
19.4597
19.8165
19.4597
19.4597
19.4597
19.8165
21.7176
21.7176
21.7176
21.7176
21.7176
21.7176
21.7176
21.7176
17.5990
17.5990
17.5990
19.0429
17.5990
17.5990
17.5990
20.9973
20.1940
20.1940
20.1940
20.1940
20.1940
20.1940
20.1940
21.2705
24.2408
24.2408
24.2408
24.2408
24.2408
24.2408
24.2408
24.2408
25.5263
25.5263
25.5263
25.5263
25.5263
25.5263
25.5263
25.5263
19.7741
19.7741
19.7741
19.7741
19.7741
19.7741
19.7741
19.7741
23.3593
23.3593
23.3593
23.3593
23.3593
23.3593
23.3593
23.3593
23.5923
23.5923
23.5923
23.5923
23.5923
23.5923
23.5923
23.5923
26.0230
26.0230
26.0230
26.0230
26.0230
26.0230
26.0230
26.0230
23.0566
23.0566
23.0566
23.0566
23.0566
23.0566
23.0566
23.0566
26.1861
26.1861
26.1861
26.1861
26.1861
26.1861
26.1861
26.1861
28.7194
28.7194
28.7194
28.7194
28.7194
28.7194
28.7194
28.7194
26.4961
26.4961
26.4961
26.4961
26.4961
26.4961
26.4961
26.4961
9.0250
9.0250
9.0250
10.1072
9.0250
9.0250
11.6942
10.2625
14.3343
14.3343
14.3343
14.3343
14.3343
14.3343
14.3343
14.3343
13.4912
13.4912
13.4912
13.4912
13.4912
13.4912
13.4912
13.4912
17.3711
17.3711
17.3711
17.3711
17.3711
17.3711
17.3711
17.3711
10.4807
10.6841
11.8300
11.9747
10.4807
10.6841
11.5163
14.6309
18.2335
18.2335
18.2335
18.2335
18.2335
18.2335
18.2335
18.2335
17.9346
17.9346
17.9346
17.9346
17.9346
17.9346
17.9346
17.9346
24.0994
24.0994
24.0994
24.0994
24.0994
24.0994
24.0994
24.0994
18.0737
18.0737
18.0737
18.0737
18.0737
18.0737
18.0737
18.0737
24.5887
24.5887
24.5887
24.5887
24.5887
24.5887
24.5887
24.5887
18.4914
18.4914
18.4914
18.4914
18.4914
18.4914
18.4914
18.4914
24.5887
24.5887
24.5887
24.5887
24.5887
24.5887
24.5887
24.5887
18.0737
18.0737
18.0737
18.0737
18.0737
18.0737
18.0737
18.0737
24.5887
24.5887
24.5887
24.5887
24.5887
24.5887
24.5887
24.5887
25.2633
25.2633
25.2633
25.2633
25.2633
25.2633
25.2633
25.2633
27.4828
27.4828
27.4828
27.4828
27.4828
27.4828
27.4828
27.4828
12.3776
12.6206
13.0748
16.0108
12.3779
12.6317
13.0782
16.1445
15.4572
15.4572
17.1638
19.0532
15.4572
15.4572
17.1673
19.1869
18.4867
18.4867
18.4867
18.4867
18.4867
18.4867
18.4867
18.4867
19.7689
19.7689
19.7689
19.7689
19.7689
19.7689
19.7689
19.7689
17.8494
17.8494
17.8494
17.8494
17.8494
17.8494
17.8494
19.9475
20.4861
20.4861
20.4861
20.4861
20.4861
20.4861
20.4861
20.4861
24.5465
24.5465
24.5465
24.5465
24.5465
24.5465
24.5465
24.5465
27.2016
27.2016
27.2016
27.2016
27.2016
27.2016
27.2016
27.2016
18.0737
18.0737
18.0737
18.0737
18.0737
18.0737
18.0737
18.0737
24.5887
24.5887
24.5887
24.5887
24.5887
24.5887
24.5887
24.5887
22.4127
22.4127
22.4127
22.4127
22.4127
22.4127
22.4127
22.4127
24.5887
24.5887
24.5887
24.5887
24.5887
24.5887
24.5887
24.5887
21.3264
21.3264
21.3264
21.3264
21.3264
21.3264
21.3264
21.3264
24.5887
24.5887
24.5887
24.5887
24.5887
24.5887
24.5887
24.5887
28.0165
28.0165
28.0165
28.0165
28.0165
28.0165
28.0165
28.0165
29.5021
29.5021
29.5021
29.5021
29.5021
29.5021
29.5021
29.5021
9.5000
9.5000
9.5000
9.6019
9.5000
9.5000
9.5000
9.7494
16.7188
16.7188
16.7188
16.7188
16.7188
16.7188
16.7188
16.7188
12.8167
12.8167
12.8167
12.8167
12.8167
12.8167
12.8167
12.8167
16.7188
16.7188
16.7188
16.7188
16.7188
16.7188
16.7188
16.7188
9.5000
9.5000
13.8710
13.8710
9.5000
9.5000
13.8710
13.8994
16.7188
16.7188
16.7188
16.7188
16.7188
16.7188
16.7188
16.7188
12.8167
12.8167
13.8710
13.8710
12.8167
12.8167
13.8710
15.7363
16.7188
16.7188
16.7188
16.7188
16.7188
16.7188
16.7188
16.7188
19.0250
19.0250
19.0250
19.0250
19.0250
19.0250
19.0250
19.0250
25.8829
25.8829
25.8829
25.8829
25.8829
25.8829
25.8829
25.8829
22.1759
22.1759
22.1759
22.1759
22.1759
22.1759
22.1759
22.1759
25.8829
25.8829
25.8829
25.8829
25.8829
25.8829
25.8829
25.8829
19.0250
19.0250
19.0250
19.0250
19.0250
19.0250
19.0250
19.0250
25.8829
25.8829
25.8829
25.8829
25.8829
25.8829
25.8829
25.8829
22.1759
22.1759
22.1759
22.1759
22.1759
22.1759
22.1759
22.1759
25.8829
25.8829
25.8829
25.8829
25.8829
25.8829
25.8829
25.8829
11.7588
11.9896
12.4210
15.2103
11.7590
12.0001
12.4243
15.3373
16.7188
16.7188
16.7188
18.1006
16.7188
16.7188
16.7188
18.2276
17.5623
17.5623
17.5623
17.5623
17.5623
17.5623
17.5623
17.5623
17.5623
17.5623
17.5623
18.1917
17.5623
17.5623
17.5623
18.3141
11.7621
12.1193
13.8710
16.7772
11.7667
12.2991
13.8710
18.9501
16.7188
16.7188
16.7188
17.0237
16.7188
16.7188
16.7188
19.1966
17.5623
17.5623
17.5623
18.4418
17.5623
17.5623
17.5623
20.5315
17.5623
17.5623
17.5623
18.6883
17.5623
17.5623
17.5623
20.7780
20.2134
20.2134
20.2134
20.2134
20.2134
20.2134
20.2134
20.2134
25.8829
25.8829
25.8829
25.8829
25.8829
25.8829
25.8829
25.8829
26.6842
26.6842
26.6842
26.6842
26.6842
26.6842
26.6842
26.6842
26.6842
26.6842
26.6842
26.6842
26.6842
26.6842
26.6842
26.6842
20.2134
20.2134
20.2134
20.2134
20.2134
20.2134
20.2134
20.2134
25.8829
25.8829
25.8829
25.8829
25.8829
25.8829
25.8829
25.8829
26.6842
26.6842
26.6842
26.6842
26.6842
26.6842
26.6842
26.6842
26.6842
26.6842
26.6842
26.6842
26.6842
26.6842
26.6842
26.6842
10.0000
10.0000
10.0000
10.0000
10.0000
10.0000
10.0000
10.0000
10.0000
10.0000
10.0000
10.0000
10.0000
10.0000
10.0000
10.0000
10.0000
10.0000
10.0000
10.0000
10.0000
10.0000
10.0000
10.0000
16.1765
16.1765
16.1765
16.1765
16.1765
16.1765
16.1765
16.1765
10.0000
10.0000
10.0000
10.0000
10.0000
10.0000
10.0000
10.0000
10.0000
10.0000
10.0000
10.0000
10.0000
10.0162
10.0000
10.0000
10.0000
10.0000
10.0000
10.0000
10.0000
10.0000
10.0000
10.0000
16.1765
16.1765
16.1765
16.1765
16.1765
16.1765
16.1765
16.1765
18.0737
18.0737
18.0737
18.0737
18.0737
18.0737
18.0737
18.0737
18.0737
18.0737
18.0737
18.0737
18.0737
18.0737
18.0737
18.0737
21.0671
21.0671
21.0671
21.0671
21.0671
21.0671
21.0671
21.0671
21.0671
21.0671
21.0671
21.0671
21.0671
21.0671
21.0671
21.0671
18.0737
18.0737
18.0737
18.0737
18.0737
18.0737
18.0737
18.0737
18.0737
18.0737
18.0737
18.0737
18.0737
18.0737
18.0737
18.0737
21.0671
21.0671
21.0671
21.0671
21.0671
21.0671
21.0671
21.0671
21.0671
21.0671
21.0671
21.0671
21.0671
21.0671
21.0671
21.0671
10.0000
10.0000
10.0000
10.0000
10.0000
10.0000
10.0000
10.0000
10.0000
10.0000
10.0000
10.0000
10.0000
10.0000
10.0000
10.0000
11.1000
11.1000
11.1000
11.1000
11.1000
11.1000
11.1000
11.1000
16.1765
16.1765
16.1765
16.1765
16.1765
16.1765
16.1765
16.1765
10.0000
10.0000
10.0000
10.0000
10.0000
10.0000
10.0000
10.0000
10.0000
10.0000
10.0000
10.0000
10.0000
10.0000
10.0000
10.0000
11.1000
11.1000
11.1000
11.1000
11.1000
11.1000
11.1000
11.1000
16.1765
16.1765
16.1765
16.1765
16.1765
16.1765
16.1765
16.1765
19.2027
19.2027
19.2027
19.2027
19.2027
19.2027
19.2027
19.2027
19.2027
19.2027
19.2027
19.2027
19.2027
19.2027
19.2027
19.2027
25.3500
25.3500
25.3500
25.3500
25.3500
25.3500
25.3500
25.3500
25.3500
25.3500
25.3500
25.3500
25.3500
25.3500
25.3500
25.3500
19.2027
19.2027
19.2027
19.2027
19.2027
19.2027
19.2027
19.2027
19.2027
19.2027
19.2027
19.2027
19.2027
19.2027
19.2027
19.2027
25.3500
25.3500
25.3500
25.3500
25.3500
25.3500
25.3500
25.3500
25.3500
25.3500
25.3500
25.3500
25.3500
25.3500
25.3500
25.3500
7.3509
7.3509
7.3509
7.3509
7.3509
7.3509
7.3509
7.3509
7.3509
7.3509
7.3509
7.3509
7.3509
7.3509
7.3509
7.3509
8.9752
8.9752
8.9752
8.9752
8.9752
8.9752
8.9752
8.9752
11.5453
11.5453
11.5453
11.5453
8.9752
8.9752
8.9752
8.9752
7.3509
7.3509
7.3509
7.3509
7.3509
7.3509
7.3509
7.3509
11.9275
11.9275
11.9275
11.9275
11.9275
11.9275
11.9275
11.9275
8.9752
8.9752
8.9752
8.9752
8.9752
8.9752
8.9752
8.9752
11.6882
11.6882
11.6882
11.6882
11.6882
11.6882
11.6882
11.6882
9.3751
9.3751
9.3751
9.3751
9.3751
9.3751
9.3751
9.3751
9.3751
9.3751
9.3751
9.3751
9.3751
9.3751
9.3751
9.3751
8.9752
8.9752
8.9752
8.9752
8.9752
8.9752
8.9752
8.9752
8.9752
8.9752
8.9752
8.9752
8.9752
8.9752
8.9752
8.9752
7.3509
7.3509
7.3509
7.3509
7.3509
7.3509
7.3509
7.3509
11.8387
11.8387
11.8387
11.8387
11.8387
11.8387
11.8387
11.8387
8.9752
8.9752
8.9752
8.9752
8.9752
8.9752
8.9752
8.9752
11.6848
11.6848
11.6848
11.6848
11.6848
11.6848
11.6848
11.6848
16.4834
16.4834
16.4834
16.4834
16.4834
16.4834
16.4834
16.4834
16.4834
16.4834
16.4834
16.4834
16.4834
16.4834
16.4834
16.4834
23.2252
23.2252
23.2252
23.2252
23.2252
23.2252
23.2252
23.2252
23.2252
23.2252
23.2252
23.2252
23.2252
23.2252
23.2252
23.2252
16.4834
16.4834
16.4834
16.4834
16.4834
16.4834
16.4834
16.4834
16.4834
16.4834
16.4834
16.4834
16.4834
16.4834
16.4834
16.4834
23.2252
23.2252
23.2252
23.2252
23.2252
23.2252
23.2252
23.2252
23.2252
23.2252
23.2252
23.2252
23.2252
23.2252
23.2252
23.2252
16.4834
16.4834
16.4834
16.4834
16.4834
16.4834
16.4834
16.4834
16.4834
16.4834
16.4834
16.4834
16.4834
16.4834
16.4834
16.4834
23.2252
23.2252
23.2252
23.2252
23.2252
23.2252
23.2252
23.2252
23.2252
23.2252
23.2252
23.2252
23.2252
23.2252
23.2252
23.2252
16.4834
16.4834
16.4834
16.4834
16.4834
16.4834
16.4834
16.4834
16.4834
16.4834
16.4834
16.4834
16.4834
16.4834
16.4834
16.4834
23.2252
23.2252
23.2252
23.2252
23.2252
23.2252
23.2252
23.2252
23.2252
23.2252
23.2252
23.2252
23.2252
23.2252
23.2252
23.2252
7.7378
7.7378
8.3963
13.0607
7.7378
7.7378
8.4016
13.0890
11.9894
12.7262
14.6516
17.5385
11.9894
12.9637
14.6569
17.7433
15.2080
15.2080
15.2080
16.7250
15.2080
15.2080
15.2080
16.7250
18.5200
18.5200
18.5200
20.4836
18.5200
18.5200
18.5200
20.4836
12.9421
12.9421
12.9421
16.3556
12.9421
14.2464
12.9421
18.8488
18.6588
18.6588
18.6588
19.9110
18.6588
18.6588
18.6588
19.9110
19.5816
19.5816
19.5816
19.9160
19.5816
19.5816
19.5816
21.3984
24.9846
24.9846
24.9846
24.9846
24.9846
24.9846
24.9846
24.9846
14.7212
14.7212
14.7212
15.6308
14.7212
14.7212
14.7212
15.6308
18.0918
18.0918
18.0918
18.7924
18.0918
18.0918
18.0918
18.7924
19.1522
19.1522
19.1522
19.1694
19.1522
19.1522
19.1522
19.1694
23.0212
23.0212
23.0212
23.0212
23.0212
23.0212
23.0212
23.0212
18.3568
18.3568
18.3568
18.6787
18.3568
18.3568
18.3568
18.8488
23.0706
23.0706
23.0706
23.0706
23.0706
23.0706
23.0706
23.0706
25.5840
25.5840
25.5840
25.5840
25.5840
25.5840
25.5840
25.5840
28.9663
28.9663
28.9663
28.9663
28.9663
28.9663
28.9663
28.9663
17.3509
17.3509
17.9765
22.2401
17.3509
17.3509
17.9815
22.4346
21.3900
22.0898
23.9190
26.6616
21.3900
22.3155
23.9241
26.8561
24.4476
24.4476
24.4476
24.4476
24.4476
24.4476
24.4476
24.4476
27.5940
27.5940
27.5940
27.5940
27.5940
27.5940
27.5940
27.5940
22.2950
22.2950
22.2950
24.5793
22.2950
23.5341
22.2950
27.9064
27.7259
27.7259
27.7259
27.7259
27.7259
27.7259
27.7259
28.2835
28.6026
28.6026
28.6026
28.6026
28.6026
28.6026
28.6026
30.3285
33.7354
33.7354
33.7354
33.7354
33.7354
33.7354
33.7354
33.7354
23.9851
23.9851
23.9851
23.9851
23.9851
23.9851
23.9851
23.9851
27.1872
27.1872
27.1872
27.1872
27.1872
27.1872
27.1872
27.1872
28.1946
28.1946
28.1946
28.1946
28.1946
28.1946
28.1946
28.1946
31.8701
31.8701
31.8701
31.8701
31.8701
31.8701
31.8701
31.8701
27.4389
27.4389
27.4389
27.4389
27.4389
27.4389
27.4389
27.9064
31.9171
31.9171
31.9171
31.9171
31.9171
31.9171
31.9171
31.9171
34.3048
34.3048
34.3048
34.3048
34.3048
34.3048
34.3048
34.3048
37.5179
37.5179
37.5179
37.5179
37.5179
37.5179
37.5179
37.5179
8.1451
8.1451
8.1451
8.1451
8.1451
8.1451
8.1451
8.1451
12.6205
12.6205
12.6205
12.6205
12.6205
12.6205
12.6205
12.6205
14.1228
14.1228
14.1228
14.1228
14.1228
14.1228
14.1228
14.1228
19.4706
19.4706
19.4706
19.4706
19.4706
19.4706
19.4706
19.4706
15.5571
15.5571
15.5571
15.5571
15.5571
15.5571
15.5571
15.5571
18.1027
18.1027
18.1027
18.1027
18.1027
18.1027
18.1027
18.1027
20.6123
20.6123
20.6123
20.6123
20.6123
20.6123
20.6123
20.6123
25.6781
25.6781
25.6781
25.6781
25.6781
25.6781
25.6781
25.6781
15.4960
15.4960
15.4960
15.4960
15.4960
15.4960
15.4960
15.4960
17.8994
17.8994
17.8994
17.8994
17.8994
17.8994
17.8994
17.8994
20.1602
20.1602
20.1602
20.1602
20.1602
20.1602
20.1602
20.1602
24.2328
24.2328
24.2328
24.2328
24.2328
24.2328
24.2328
24.2328
19.5438
19.5438
19.5438
19.5438
19.5438
19.5438
19.5438
19.5438
22.7727
22.7727
22.7727
22.7727
22.7727
22.7727
22.7727
22.7727
26.9305
26.9305
26.9305
26.9305
26.9305
26.9305
26.9305
26.9305
30.2078
30.2078
30.2078
30.2078
30.2078
30.2078
30.2078
30.2078
16.4834
16.4834
16.4834
16.4834
16.4834
16.4834
16.4834
16.4834
19.5929
19.5929
19.5929
19.5929
19.5929
19.5929
19.5929
19.5929
17.0762
17.0762
17.0762
17.0762
17.0762
17.0762
17.0762
17.0762
23.3681
23.3681
23.3681
23.3681
23.3681
23.3681
23.3681
23.3681
21.1802
21.1802
21.1802
21.1802
21.1802
21.1802
21.1802
21.1802
23.5268
23.5268
23.5268
23.5268
23.5268
23.5268
23.5268
23.5268
25.3230
25.3230
25.3230
25.3230
25.3230
25.3230
25.3230
25.3230
29.0239
29.0239
29.0239
29.0239
29.0239
29.0239
29.0239
29.0239
22.7859
22.7859
22.7859
22.7859
22.7859
22.7859
22.7859
22.7859
25.8279
25.8279
25.8279
25.8279
25.8279
25.8279
25.8279
25.8279
22.7859
22.7859
22.7859
22.7859
22.7859
22.7859
22.7859
22.7859
25.8279
25.8279
25.8279
25.8279
25.8279
25.8279
25.8279
25.8279
25.3397
25.3397
25.3397
25.3397
25.3397
25.3397
25.3397
25.3397
25.9816
25.9816
25.9816
25.9816
25.9816
25.9816
25.9816
25.9816
26.9305
26.9305
26.9305
26.9305
26.9305
26.9305
26.9305
26.9305
30.2078
30.2078
30.2078
30.2078
30.2078
30.2078
30.2078
30.2078
8.5738
8.5738
8.5738
8.5738
8.5738
8.5738
8.5738
8.5738
8.5738
8.5738
8.5738
8.5738
8.5738
8.5738
8.5738
8.5738
8.5738
8.5738
12.1633
8.5738
8.5738
8.5738
12.1228
8.5738
8.5738
8.5738
12.1633
8.5738
8.5738
8.5738
12.1228
8.5738
8.5738
8.5738
8.5738
8.5738
8.5738
8.5738
8.5738
8.5738
8.5738
8.5738
8.5738
8.5738
8.5738
8.5738
8.5738
8.5738
11.6572
11.6572
11.6572
11.6572
11.6572
11.6572
11.6572
11.6572
11.6578
11.6578
11.6578
11.6578
11.6578
11.6578
11.6578
11.6578
8.5738
8.5738
8.5738
8.5738
8.6835
8.5738
8.6835
8.5738
10.9990
10.9990
10.9990
10.9990
10.9990
10.9990
10.9990
10.9990
8.5738
8.5738
12.1633
8.5738
8.5738
8.5738
12.1228
8.5738
10.9990
10.9990
12.1633
10.9990
10.9990
10.9990
12.1228
10.9990
14.7458
14.7458
14.7458
14.7458
14.7458
14.7458
14.7458
14.7458
14.7458
14.7458
14.7458
14.7458
14.7458
14.7458
14.7458
14.7458
14.7458
14.7458
14.7458
14.7458
14.7458
14.7458
14.7458
14.7458
14.7458
14.7458
14.7458
14.7458
14.7458
14.7458
14.7458
14.7458
14.5856
14.5856
14.5856
14.5856
14.5856
14.5856
14.5856
14.5856
18.6133
18.6133
18.6133
18.6133
18.6133
18.6133
18.6133
18.6133
14.5856
14.5856
14.5856
14.5856
14.5856
14.5856
14.5856
14.5856
18.6133
18.6133
18.6133
18.6133
18.6133
18.6133
18.6133
18.6133
14.5825
14.5825
14.5825
14.5825
14.5825
14.5825
14.5825
14.5825
18.6268
18.6268
18.6268
18.6268
18.6268
18.6268
18.6268
18.6268
14.5825
14.5825
14.5825
14.5825
14.5825
14.5825
14.5825
14.5825
18.6268
18.6268
18.6268
18.6268
18.6268
18.6268
18.6268
18.6268
20.6101
20.6101
20.6101
20.6101
20.6101
20.6101
20.6101
20.6101
24.5365
24.5365
24.5365
24.5365
24.5365
24.5365
24.5365
24.5365
20.6101
20.6101
20.6101
20.6101
20.6101
20.6101
20.6101
20.6101
24.5365
24.5365
24.5365
24.5365
24.5365
24.5365
24.5365
24.5365
20.6071
20.6071
20.6071
20.6071
20.6071
20.6071
20.6071
20.6071
24.6826
24.6826
24.6826
24.6826
24.6826
24.6826
24.6826
24.6826
20.6071
20.6071
20.6071
20.6071
20.6071
20.6071
20.6071
20.6071
24.6826
24.6826
24.6826
24.6826
24.6826
24.6826
24.6826
24.6826
9.0250
9.0250
9.0250
9.0250
9.0250
9.0250
11.1095
9.0250
9.0250
9.0250
9.0250
9.0250
9.0250
9.0250
11.1095
9.0250
9.0250
9.0250
9.0250
9.0250
9.0250
9.0250
11.0488
9.0250
9.0250
9.0250
9.0250
9.0250
9.0250
9.0250
11.0488
9.0250
9.0250
9.0250
11.2385
9.0250
9.0250
9.0250
10.9405
9.0250
9.0250
9.0250
11.2385
9.0250
9.0250
9.0250
10.9405
9.0250
9.0250
9.0250
11.4585
9.0250
9.0250
9.0250
11.1510
9.0250
9.0250
9.0250
11.4585
9.0250
9.0250
9.0250
11.1510
9.0250
17.1701
17.1701
17.1701
17.1701
17.1701
17.1701
17.1701
17.1701
17.1701
17.1701
17.1701
17.1701
17.1701
17.1701
17.1701
17.1701
17.1701
17.1701
17.1701
17.1701
17.1701
17.1701
17.1701
17.1701
17.1701
17.1701
17.1701
17.1701
17.1701
17.1701
17.1701
17.1701
17.1701
17.1701
17.1701
17.1701
17.1701
17.1701
17.1701
17.1701
17.1701
17.1701
17.1701
17.1701
17.1701
17.1701
17.1701
17.1701
17.1701
17.1701
17.1701
17.1701
17.1701
17.1701
17.1701
17.1701
17.1701
17.1701
17.1701
17.1701
17.1701
17.1701
17.1701
17.1701
9.0250
9.0250
9.0250
9.0250
9.0250
9.0250
11.1095
9.0250
9.0250
9.0250
9.0250
9.0250
9.0250
9.0250
11.1095
9.0250
9.0250
9.0250
9.0250
9.0250
9.0250
9.0250
11.0488
9.0250
9.0250
9.0250
9.0250
9.0250
9.0250
9.0250
11.0488
9.0250
9.0250
9.0250
11.2385
9.0250
9.0250
9.0250
10.9405
9.0250
9.0250
9.0250
11.2385
9.0250
9.0250
9.0250
10.9405
9.0250
9.0250
9.0250
11.4585
9.0250
9.0250
9.0250
11.1510
9.0250
9.0250
9.0250
11.4585
9.0250
9.0250
9.0250
11.1510
9.0250
17.1701
17.1701
17.1701
17.1701
17.1701
17.1701
17.1701
17.1701
17.1701
17.1701
17.1701
17.1701
17.1701
17.1701
17.1701
17.1701
17.1701
17.1701
17.1701
17.1701
17.1701
17.1701
17.1701
17.1701
17.1701
17.1701
17.1701
17.1701
17.1701
17.1701
17.1701
17.1701
17.1701
17.1701
17.1701
17.1701
17.1701
17.1701
17.1701
17.1701
17.1701
17.1701
17.1701
17.1701
17.1701
17.1701
17.1701
17.1701
17.1701
17.1701
17.1701
17.1701
17.1701
17.1701
17.1701
17.1701
17.1701
17.1701
17.1701
17.1701
17.1701
17.1701
17.1701
17.1701
9.5000
9.5000
9.5000
9.5000
9.5000
9.5000
9.5000
9.5000
9.5000
9.5000
9.5000
9.5000
9.5000
9.5000
9.5000
9.5000
9.5000
9.5000
9.5000
9.5000
9.5000
9.5000
9.5000
9.5000
9.5000
9.5000
9.5000
9.5000
9.5000
9.5000
9.5000
9.5000
9.5000
9.5000
9.5000
9.5000
9.5000
9.5000
9.5000
9.5000
9.5000
9.5000
9.5000
9.5000
9.5000
9.5000
9.5000
9.5000
9.5000
9.5000
9.5000
9.5000
9.5000
9.5000
9.5000
9.5000
9.5000
9.5000
9.5000
9.5000
9.5000
9.5000
9.5000
9.5000
18.0737
18.0737
18.0737
18.0737
18.0737
18.0737
18.0737
18.0737
18.0737
18.0737
18.0737
18.0737
18.0737
18.0737
18.0737
18.0737
18.0737
18.0737
18.0737
18.0737
18.0737
18.0737
18.0737
18.0737
18.0737
18.0737
18.0737
18.0737
18.0737
18.0737
18.0737
18.0737
18.0737
18.0737
18.0737
18.0737
18.0737
18.0737
18.0737
18.0737
18.0737
18.0737
18.0737
18.0737
18.0737
18.0737
18.0737
18.0737
18.0737
18.0737
18.0737
18.0737
18.0737
18.0737
18.0737
18.0737
18.0737
18.0737
18.0737
18.0737
18.0737
18.0737
18.0737
18.0737
9.5000
9.5000
9.5000
9.5000
9.5000
9.5000
9.5000
9.5000
9.5000
9.5000
9.5000
9.5000
9.5000
9.5000
9.5000
9.5000
9.5000
9.5000
9.5000
9.5000
9.5000
9.5000
9.5000
9.5000
9.5000
9.5000
9.5000
9.5000
9.5000
9.5000
9.5000
9.5000
9.5000
9.5000
9.5000
9.5000
9.5000
9.5000
9.5000
9.5000
9.5000
9.5000
9.5000
9.5000
9.5000
9.5000
9.5000
9.5000
9.5000
9.5000
9.5000
9.5000
9.5000
9.5000
9.5000
9.5000
9.5000
9.5000
9.5000
9.5000
9.5000
9.5000
9.5000
9.5000
18.0737
18.0737
18.0737
18.0737
18.0737
18.0737
18.0737
18.0737
18.0737
18.0737
18.0737
18.0737
18.0737
18.0737
18.0737
18.0737
18.0737
18.0737
18.0737
18.0737
18.0737
18.0737
18.0737
18.0737
18.0737
18.0737
18.0737
18.0737
18.0737
18.0737
18.0737
18.0737
18.0737
18.0737
18.0737
18.0737
18.0737
18.0737
18.0737
18.0737
18.0737
18.0737
18.0737
18.0737
18.0737
18.0737
18.0737
18.0737
18.0737
18.0737
18.0737
18.0737
18.0737
18.0737
18.0737
18.0737
18.0737
18.0737
18.0737
18.0737
18.0737
18.0737
18.0737
18.0737
10.0000
10.0000
10.0000
10.0000
10.0000
10.0000
10.0000
10.0000
10.0000
10.0000
10.0000
10.0000
10.0000
10.0000
10.0000
10.0000
10.0000
10.0000
10.0000
10.0000
10.0000
10.0000
10.0000
10.0000
10.0000
10.0000
10.0000
10.0000
10.0000
10.0000
10.0000
10.0000
10.0000
10.0000
10.0000
10.0000
10.0000
10.0000
10.0000
10.0000
10.0000
10.0000
10.0000
10.0000
10.0000
10.0000
10.0000
10.0000
10.0000
10.0000
10.0000
10.0000
10.0000
10.0000
10.0000
10.0000
10.0000
10.0000
10.0000
10.0000
10.0000
10.0000
10.0000
10.0000
10.0000
10.0000
15.5059
15.5059
10.0000
10.0000
15.5059
15.5059
10.0000
10.0000
15.5059
15.5059
10.0000
10.0000
15.5059
15.5059
10.0000
10.0000
15.5059
15.5059
10.0000
10.0000
15.5059
15.5059
10.5543
10.5543
15.5059
15.5059
10.5543
10.5543
15.5059
15.5059
10.0000
10.0000
15.5059
15.5059
10.0000
10.0000
15.5059
15.5059
10.0000
10.0000
15.5059
15.5059
10.0000
10.0000
15.5059
15.5059
10.0000
10.0000
15.5059
15.5059
10.0000
10.0000
15.5059
15.5059
10.0000
10.0000
15.5059
15.5059
10.0000
10.0000
15.5059
15.5059
10.0000
10.0000
10.0000
10.0000
10.0000
10.0000
10.0000
10.0000
10.0000
10.0000
10.0000
10.0000
10.0000
10.0000
10.0000
10.0000
10.0000
10.0000
10.0000
10.0000
10.0000
10.0000
10.0000
10.0000
10.0000
10.0000
10.0000
10.0000
10.0000
10.0000
10.0000
10.0000
10.0000
10.0000
10.0000
10.0000
10.0000
10.0000
10.0000
10.0000
10.0000
10.0000
10.0000
10.0000
10.0000
10.0000
10.0000
10.0000
10.0000
10.0000
10.0000
10.0000
10.0000
10.0000
10.0000
10.0000
10.0000
10.0000
10.0000
10.0000
10.0000
10.0000
10.0000
10.0000
10.0000
10.0000
15.5059
15.5059
10.0000
10.0000
15.5059
15.5059
10.0000
10.0000
15.5059
15.5059
10.0000
10.0000
15.5059
15.5059
10.0000
10.0000
15.5059
15.5059
10.0000
10.0000
15.5059
15.5059
10.3316
10.3316
15.5059
15.5059
10.3316
10.3316
15.5059
15.5059
10.0000
10.0000
15.5059
15.5059
10.0000
10.0000
15.5059
15.5059
10.0000
10.0000
15.5059
15.5059
10.0000
10.0000
15.5059
15.5059
10.0000
10.0000
15.5059
15.5059
10.0000
10.0000
15.5059
15.5059
10.0000
10.0000
15.5059
15.5059
10.0000
10.0000
15.5059
15.5059
