10.000
5.423
0.687
2.268
-0.157
-0.305
-0.303
-0.284
-0.492
-0.909
-0.445
-0.307
-0.322
-0.293
-0.294
-0.370
-0.528
-0.419
-0.683
-2.924
-1.870
-1.778
-1.477
-1.138
-0.701
-0.703
-1.015
-1.381
-2.637
6.863
10.000
6.371
0.504
2.333
0.321
-0.427
-0.248
-0.465
-0.955
-0.410
-0.379
-0.308
-0.308
-0.347
-0.329
-0.401
-0.320
-0.489
-3.028
-2.321
-1.897
-1.556
-1.200
-0.900
-0.680
-0.801
-0.890
-1.772
1.314
5.834
10.000
-0.376
-0.154
1.673
-0.511
-0.234
-0.289
-1.137
-0.490
-0.288
-0.291
-0.372
-0.441
-0.300
-0.342
-0.242
-0.416
-4.170
-2.722
-2.024
-1.496
-1.386
-0.980
-0.676
-0.584
-0.568
-1.531
7.837
2.108
1.668
9.929
1.843
0.804
1.927
-0.199
-0.398
-0.873
-0.325
-0.270
-0.278
-0.244
-0.247
-0.286
-0.374
-0.331
-0.583
-0.695
-0.869
-1.420
-1.339
-0.993
-0.646
-0.618
-0.832
-0.760
-0.820
6.328
7.089
6.346
6.345
8.312
6.340
0.062
0.936
0.194
-1.112
-0.390
-0.323
-0.278
-0.304
-0.353
-0.205
-0.312
-0.188
-0.111
-1.518
-1.633
-1.609
-1.461
-1.111
-0.802
-0.539
-0.479
0.230
0.670
1.397
2.190
7.742
0.974
2.011
9.940
-0.459
-0.160
2.091
-1.267
-0.452
-0.347
-0.300
-0.273
-0.375
-0.282
-0.223
0.038
0.463
-2.608
-2.215
-1.810
-1.535
-1.204
-0.975
-0.590
-0.370
0.820
1.354
4.203
1.383
0.782
4.676
0.607
0.742
9.691
0.645
0.319
-0.277
-0.050
-0.374
-0.316
-0.236
0.812
-0.243
-0.250
0.050
0.150
0.489
0.127
-0.975
-1.097
-0.762
-0.253
-0.424
-0.448
0.143
1.095
4.990
5.219
5.038
4.526
3.691
4.715
4.447
6.945
4.826
-1.124
-0.436
-0.391
-0.400
-0.297
-0.347
0.762
0.040
0.612
1.278
-0.535
-0.765
-1.241
-1.206
-0.908
-0.585
0.315
0.580
1.675
2.355
0.586
0.908
4.750
0.884
0.687
4.463
0.263
0.722
9.655
-1.783
-0.548
-0.446
-0.363
-0.326
-0.290
-0.222
1.697
0.907
2.391
-2.544
-1.518
-1.500
-1.370
-1.007
-0.764
-0.469
1.265
2.391
3.457
-0.619
-1.796
-2.897
-0.300
-0.694
-2.325
-0.286
-0.482
-1.134
10.000
3.300
-0.315
-0.487
-0.559
-0.398
-0.404
-0.510
-1.125
-3.764
6.480
-0.218
-0.418
-0.551
-0.750
-0.903
-0.953
-1.187
-1.851
-3.629
-0.657
-1.601
-1.687
-0.282
-0.666
-1.830
-0.234
-0.398
-1.148
7.849
9.813
2.695
-0.369
-0.471
-0.404
-0.421
-0.422
-1.070
-2.414
6.580
1.358
-0.048
-0.448
-0.650
-0.827
-0.845
-1.063
-1.662
-2.002
-0.589
-1.079
-0.725
-0.260
-0.545
-1.045
-0.209
-0.476
-0.933
6.126
4.896
9.113
2.026
-0.320
-0.343
-0.365
-0.442
-0.948
-1.182
5.253
2.469
4.875
-0.218
-0.443
-0.650
-0.767
-0.925
-1.205
-0.834
-0.523
-0.364
0.290
-0.263
-0.403
-0.116
-0.226
-0.360
-0.739
4.663
2.864
3.042
9.076
1.845
-0.290
-0.266
-0.350
-0.595
0.107
3.983
2.246
1.673
3.271
-0.074
-0.434
-0.571
-0.740
-0.454
0.218
-0.423
0.692
1.369
-0.203
-0.082
0.923
-0.173
-0.287
-0.369
3.266
1.706
0.377
2.027
9.244
0.179
-0.194
-0.285
0.136
1.436
2.776
1.772
0.269
0.242
2.750
-0.086
-0.369
-0.396
0.603
1.297
0.920
1.955
2.523
0.337
0.527
1.961
2.070
-0.121
0.238
1.944
0.817
-0.425
-0.309
2.132
7.036
0.935
0.000
1.312
2.880
1.622
0.984
-0.376
-0.711
-0.196
3.371
0.547
0.549
1.859
2.404
3.748
3.576
3.753
2.916
1.244
3.323
1.762
1.228
1.987
0.722
-0.008
-0.612
-0.494
-0.332
0.714
6.756
1.773
2.594
4.479
0.517
0.157
-0.891
-0.910
-0.651
-0.007
4.192
2.915
3.406
3.575
2.526
1.742
1.401
1.572
0.378
0.669
0.003
-0.121
1.915
-0.419
-0.811
-0.803
-0.547
-0.394
-0.273
0.314
7.957
5.126
6.075
-0.535
-0.762
-1.179
-1.064
-0.775
-0.502
0.056
5.245
4.895
4.843
1.218
0.187
-0.413
0.267
-0.190
-0.212
-0.579
-0.301
-0.163
-1.580
-1.402
-0.939
-0.666
-0.503
-0.300
-0.229
0.973
9.897
7.754
-1.548
-1.543
-1.283
-1.022
-0.773
-0.548
-0.370
0.207
4.660
5.677
-1.605
-0.923
-0.619
-0.743
-0.450
-0.261
-0.739
-0.302
-0.185
-2.983
-1.772
-1.093
-0.735
-0.542
-0.297
-0.272
-0.181
3.466
10.000
-2.940
-2.038
-1.345
-0.992
-0.731
-0.644
-0.429
-0.290
0.076
6.371
-0.672
-1.926
-3.999
-0.252
-0.753
-2.407
-0.362
-0.530
-1.265
7.315
0.220
-0.403
-0.546
-0.709
-0.482
-0.504
-0.654
-1.617
-4.324
10.000
1.074
-0.268
-0.457
-0.594
-0.776
-0.815
-0.965
-1.692
-4.185
-0.641
-1.791
-2.699
-0.274
-0.756
-2.159
-0.283
-0.555
-1.215
6.133
4.249
-0.103
-0.467
-0.602
-0.501
-0.490
-0.617
-1.368
-3.780
7.884
7.915
1.065
-0.347
-0.528
-0.650
-0.711
-0.950
-1.535
-3.539
-0.561
-1.422
-2.085
-0.273
-0.599
-1.603
-0.314
-0.512
-1.107
3.373
1.002
1.895
-0.212
-0.425
-0.441
-0.401
-0.542
-1.124
-3.121
5.697
3.965
9.574
2.240
-0.366
-0.526
-0.616
-0.830
-1.180
-2.746
-0.528
-1.078
-1.522
-0.271
-0.535
-0.983
-0.245
-0.373
-0.819
0.049
0.254
0.164
2.558
-0.167
-0.298
-0.377
-0.488
-0.814
-2.279
2.610
0.709
2.556
9.289
1.473
-0.292
-0.477
-0.629
-0.875
-2.010
-0.726
-0.566
-1.198
-0.292
-0.329
-0.357
-0.198
-0.332
-0.587
-0.806
0.117
-0.342
-0.202
2.565
-0.189
-0.248
-0.345
-0.582
-1.866
-0.229
0.243
-0.264
2.116
9.206
2.124
-0.196
-0.471
-0.429
-1.683
-0.873
-0.167
-0.448
-0.254
-0.083
0.140
-0.200
-0.268
-0.391
-1.093
-0.365
-0.647
-0.478
-0.200
0.394
-0.188
-0.258
-0.254
-1.080
-2.133
-0.194
-0.508
-0.472
1.805
9.463
2.921
0.008
0.079
0.597
0.034
0.189
0.298
0.347
0.292
0.768
0.072
-0.178
0.039
-1.820
-0.842
-0.878
-0.639
-0.382
-0.182
-0.012
-0.039
0.263
1.438
-1.733
-0.708
-0.743
-0.615
-0.378
2.020
9.697
3.538
1.057
3.555
-0.753
-0.320
-0.837
-0.089
-0.140
-0.226
-0.522
-0.243
-0.214
-2.362
-1.356
-1.031
-0.776
-0.500
-0.270
-0.211
0.527
1.055
4.036
-2.497
-1.181
-1.013
-0.747
-0.518
-0.357
2.243
9.826
6.489
6.135
-0.873
-0.835
-0.787
-0.775
-0.389
-0.315
-0.725
-0.287
-0.192
-3.103
-1.830
-1.168
-0.865
-0.607
-0.374
-0.281
-0.176
5.238
5.693
-3.123
-1.562
-1.085
-0.760
-0.615
-0.434
-0.303
1.611
9.862
7.754
-2.864
-1.351
-0.691
-1.385
-0.535
-0.234
-0.816
-0.354
-0.168
-4.011
-1.982
-1.246
-0.892
-0.649
-0.426
-0.305
-0.171
0.087
7.084
-4.079
-1.744
-1.115
-0.787
-0.702
-0.500
-0.364
-0.221
1.463
10.000
