7.3509
16.0084
16.1342
19.4774
14.7793
16.0084
21.1616
24.6135
9.5266
16.0084
18.9996
22.9614
16.8005
16.8005
25.4604
28.0632
10.8557
17.8837
19.9212
25.6192
15.7942
17.8837
25.1534
28.7080
14.8163
22.5180
24.3626
27.7836
20.2063
22.5180
28.6960
31.9542
9.3270
16.0084
19.3884
23.4919
17.2737
17.7673
28.6737
29.1673
14.1478
20.3003
23.8092
27.0474
20.7124
21.3418
30.4678
32.7418
16.2523
23.6629
25.4130
29.4997
20.7847
23.6629
30.4256
32.8402
21.2812
28.2613
29.6392
32.2907
24.5941
28.2613
34.1775
35.7996
10.0496
16.0084
18.0737
24.2652
16.1623
16.5611
24.8542
27.9611
13.5014
18.6562
22.3308
25.0445
19.7523
19.7523
28.2751
29.8535
14.6752
22.3949
24.2361
29.1461
20.0756
22.3949
28.5718
31.8676
18.8491
24.9282
28.3491
29.7490
22.5136
24.9282
32.0033
33.6488
14.9058
20.1355
23.6276
28.5997
20.6068
21.2490
30.3615
32.6490
17.7938
22.5574
27.0237
29.7163
23.1158
23.2160
33.5947
34.6160
21.2224
28.0965
29.5191
33.1879
24.4928
28.0965
34.0722
35.7211
24.6102
30.5184
33.4080
34.1457
26.7748
30.5184
36.2748
37.3459
10.3054
16.0084
18.6501
22.3797
14.7793
16.0084
23.2535
26.8373
13.9005
16.8112
22.8726
24.4731
16.8744
17.9248
25.8012
29.3248
14.4352
21.1568
23.6577
28.6854
18.5886
21.1568
28.3001
30.8420
18.1691
24.6890
27.6691
29.3593
21.8373
24.6890
30.6750
33.2028
13.6572
18.8696
23.1572
27.4054
18.3884
19.5332
29.3413
30.9332
17.6686
22.0385
27.1686
27.9062
21.3169
22.0385
30.7330
33.2042
20.5422
25.4778
28.5401
30.0857
23.5148
25.4778
33.6336
34.9201
22.2503
28.5376
31.7503
32.2765
26.4018
28.5376
36.7960
37.1537
14.7623
17.6767
22.7300
25.0758
16.9041
18.4452
25.7490
29.8452
18.8222
21.1184
26.4202
27.8417
20.0111
21.1184
28.6047
32.2559
18.0337
25.4477
27.5337
29.9812
22.4948
25.4477
31.1846
33.7085
21.0307
28.8699
30.6107
32.7576
25.6198
28.8699
33.9599
35.9909
17.5332
22.7620
27.0332
28.7539
21.9127
22.7620
31.8559
33.6548
19.6746
25.9314
29.1746
29.1746
24.6995
25.9314
34.1940
35.8220
23.3092
29.2610
31.6216
33.1683
27.0215
29.2610
37.5162
37.6332
25.7930
32.4302
33.6560
34.9192
29.8178
32.4302
40.6786
40.6786
7.7378
16.8509
15.3275
19.1778
15.5571
20.0654
20.1035
24.2223
10.3956
18.9008
18.0753
23.1052
17.6847
25.7579
24.1874
28.6598
12.2154
19.1009
18.9252
24.3383
16.8855
24.1583
23.8957
27.7894
15.9196
24.0072
23.3357
26.9961
21.2698
28.2168
27.2612
30.9142
9.9530
17.9121
17.8159
22.7027
17.7784
24.7279
24.2678
27.7090
14.9452
23.0659
22.6188
26.2920
23.2330
29.1237
28.9444
31.1047
17.2907
24.9083
24.1423
28.0247
23.4882
29.0661
28.9044
31.2955
21.8145
29.7487
28.4261
30.6906
27.2350
32.9418
32.4686
34.0096
10.5785
17.9249
17.1785
23.0519
17.0130
23.3899
23.6115
28.0960
14.2120
21.9420
21.2143
25.3626
20.7919
28.6470
26.8613
30.9037
16.7895
24.1439
23.2195
27.6888
21.1322
29.1241
27.1433
30.8431
19.6463
26.2402
26.4173
29.0171
23.6985
33.1074
30.3709
33.1074
15.6230
23.1546
22.4462
27.1697
23.1153
29.7990
28.8435
31.1948
18.9084
26.3532
25.6725
29.0034
26.6978
32.3160
31.9150
33.0631
22.2618
29.5753
29.0299
31.5285
27.1313
33.8030
32.3686
33.9351
25.6643
32.1247
32.2699
33.2664
29.5597
37.5973
34.4426
37.5973
10.8478
17.8587
17.7176
23.7796
15.6669
20.3973
21.9413
26.8963
14.6321
19.4435
22.0093
26.9108
17.7626
25.7417
24.5112
29.1896
16.1994
23.9920
22.5527
27.7302
20.4693
26.7161
26.8851
30.9231
19.0497
25.9884
26.3081
30.7126
22.9866
29.8820
29.1412
32.7607
14.3119
22.7254
21.9993
27.3124
21.4640
27.2739
27.8742
29.4523
18.5241
24.1091
26.0269
30.2869
23.2819
30.4229
29.1964
31.7633
20.3501
28.6153
27.4578
31.0864
26.7115
33.7661
31.9519
33.7661
23.3470
30.0396
30.1628
33.9199
28.8641
36.9147
34.9562
36.9147
15.5392
20.9228
21.5935
27.2682
18.4287
24.1191
24.3790
29.0962
19.8128
23.7808
25.0992
29.0773
21.0876
28.6326
27.1744
31.1587
19.3821
26.9029
26.1570
31.0444
23.6787
30.6147
29.6254
33.1551
23.3282
30.3894
29.3188
32.7630
26.9682
33.8118
32.2619
34.8776
18.8495
25.4082
25.6815
30.6187
24.0878
31.1594
30.2631
31.9721
21.1870
27.8278
27.7159
32.3271
26.7345
34.3411
32.4843
34.3411
23.7010
31.1640
30.0406
34.2274
29.5191
37.6501
35.6404
37.6501
26.4338
34.1371
32.2385
35.8504
32.6089
40.8298
38.6446
40.8298
8.1451
17.7378
13.2067
22.5463
16.3759
23.2252
19.1055
28.1434
12.6962
21.5482
17.6772
26.7933
20.5259
29.4996
23.6752
32.4915
14.4476
23.7252
18.9624
28.0143
20.6832
29.6490
24.7680
33.5296
18.4010
27.3870
23.5382
32.3613
24.4239
33.2027
28.1245
36.7183
13.1967
22.0748
18.3786
27.4597
21.0383
29.0599
25.8780
34.5841
17.9208
27.0248
22.6352
31.3661
26.5199
35.1939
28.0683
36.0398
19.7021
28.7170
23.8757
32.6820
27.0833
34.8155
28.7861
36.7721
26.3174
35.0015
27.9195
36.3931
31.4287
39.8573
31.9920
40.3924
11.9905
21.3910
16.3277
25.5113
19.0459
28.0936
22.9718
31.8232
15.8588
24.6161
20.4144
29.3937
23.4214
32.2503
26.2826
34.9685
18.8611
27.6313
23.0288
30.9370
23.9440
32.7468
27.7754
36.3866
23.2503
31.9815
25.5850
34.3058
27.7040
36.3188
29.9169
38.4210
18.8582
27.9153
23.1300
31.9735
26.1423
34.8351
27.9695
36.5711
22.1293
31.0229
24.6326
33.3216
29.7551
38.0695
30.9850
39.4358
26.8870
35.5426
27.7321
36.1995
31.9564
40.3586
31.9648
40.3666
29.4784
37.4539
30.6564
39.1236
32.9312
41.2846
33.8978
42.2029
11.7489
20.8304
17.0400
26.1880
17.3226
26.4565
22.4601
31.3158
13.3124
22.6468
20.9088
29.8634
20.5838
29.5546
24.9601
33.6631
19.6560
28.6732
22.5217
30.6132
24.5943
33.3646
27.0486
35.6962
21.3722
30.0938
24.9927
33.7431
27.2788
35.9149
29.9305
38.4339
16.7118
25.8762
21.6667
30.5834
23.8448
32.6525
26.8888
35.5444
19.7347
28.7480
24.7255
33.4892
27.5950
36.2153
28.0914
36.6418
24.6596
33.4266
26.6294
34.8768
31.0249
39.4737
31.5564
39.5051
26.5042
35.0015
28.6547
37.2219
32.1529
40.5452
33.2307
40.5937
15.7629
23.3252
21.3570
30.2891
21.3551
29.5390
25.8373
34.5455
18.9375
26.9123
23.8443
31.8992
24.4497
33.2272
27.7571
36.2474
22.3093
31.1938
24.8491
33.6067
26.9704
35.6219
30.6134
39.0828
26.1165
34.8107
27.8529
36.2577
30.1567
38.4819
33.5878
41.9084
20.4715
29.4479
25.2613
33.9982
28.5257
37.0995
28.8264
37.3851
23.3914
32.2218
26.3301
35.0136
32.6125
40.9819
32.6125
40.9819
27.9176
36.5217
29.3660
37.8977
35.7915
44.0019
35.7915
44.0019
30.9577
39.3643
32.5283
40.9018
36.7293
44.8928
36.7327
44.8928
8.5738
16.8509
12.1826
20.3481
17.2378
22.0639
19.6937
26.1209
13.1340
19.5260
16.2898
25.2817
21.2307
28.0246
24.1760
30.8669
13.3276
20.9870
17.9937
25.5365
20.1454
26.4763
25.3768
30.1727
16.4683
25.2904
20.9875
29.4381
24.7334
31.0388
28.6738
33.4509
14.7793
20.3420
16.5867
24.7824
23.5403
27.5377
24.8347
30.5917
19.3827
24.4304
20.3333
28.5292
27.9157
31.8344
28.7495
33.9520
19.8508
27.0914
22.4806
30.1317
28.5087
33.0592
29.8584
34.6485
24.8241
33.2515
25.6545
33.8718
32.7605
37.8644
33.5775
37.8644
11.9012
19.2315
15.5113
23.3971
20.8061
25.6623
24.2358
29.2573
17.0475
23.1325
19.1459
27.7588
25.4331
29.3814
27.1183
33.2201
17.9180
25.5166
21.8773
29.3901
25.2425
30.3796
29.0379
33.5100
22.0878
29.4342
23.9054
32.1496
28.9592
33.5815
31.7171
35.5458
19.2564
25.3366
20.2249
28.7464
27.5182
33.0934
29.3786
34.1584
23.8590
28.8701
23.8590
31.0910
31.3211
35.6394
31.7310
36.3860
24.0574
32.5412
26.3454
34.3895
33.6383
38.3407
34.1752
38.3407
28.0045
35.5812
29.1236
37.1674
35.5655
38.4683
36.4099
39.0303
9.8873
18.4388
15.9901
23.8682
18.4007
24.3248
24.7436
29.3798
13.2930
20.7237
19.6104
27.0816
21.2769
28.0769
27.4373
32.0358
16.6203
24.9548
21.3956
28.8361
24.2345
29.7915
28.8197
32.6908
19.3833
27.3562
23.7228
30.7309
27.4045
31.8994
31.2111
35.1845
17.5914
24.5367
19.8544
27.9610
25.7300
30.6778
28.4121
33.6247
20.3661
27.3106
23.2937
30.4371
27.9488
31.7863
30.7942
34.8172
24.5904
31.7553
25.4917
33.0417
32.3859
35.9674
32.7668
37.5298
26.3006
33.2515
27.9397
34.8465
34.8052
38.3663
34.8052
38.5508
14.1094
21.5539
19.4882
27.5327
22.2961
27.0293
28.4319
32.0121
19.0362
25.4530
22.6520
28.7767
27.1094
30.3673
30.2966
33.8108
20.1402
28.1969
23.8343
31.0899
28.3453
32.5245
32.3236
35.1398
24.4420
31.9888
26.2448
33.9466
32.4617
35.5753
34.0951
37.3118
21.1417
27.9755
23.1776
30.8869
28.9030
33.2279
31.9159
35.4468
24.3104
30.6107
25.0136
32.0246
32.4568
35.6895
33.6874
37.2804
26.9938
34.6956
27.3712
34.6956
35.6489
40.0277
35.6489
40.0277
30.9577
37.3961
30.9577
37.3961
39.4596
42.4531
39.4596
42.4531
9.0250
16.0084
9.3108
17.3943
16.3759
18.9476
17.2870
22.4952
15.0887
17.2706
15.0887
21.7679
18.8980
23.4368
21.0443
26.6501
10.3033
17.5698
14.2648
21.5800
17.2029
23.3080
21.8851
27.1348
15.4338
22.2047
17.8504
24.5512
21.7972
26.5413
25.3234
28.5839
13.7140
16.9854
13.7140
20.9961
18.4087
23.7346
21.4928
25.9169
16.1443
21.9337
17.5022
24.3086
23.4541
28.4280
24.4295
29.0638
17.1390
22.7373
18.1882
24.4465
23.4057
28.3385
25.8018
30.1709
21.0539
27.2059
21.7997
27.2059
27.7702
31.8699
28.3591
31.8699
13.6534
16.1591
13.6534
20.1543
17.3767
22.1151
21.6560
25.1504
18.6439
20.0052
18.6439
23.9331
22.0308
26.0347
23.1348
28.7070
15.2643
22.0824
17.7238
24.3142
21.6609
26.2090
26.0159
29.7398
20.3598
24.9491
20.3598
27.4019
24.1981
29.7309
27.2118
30.7331
15.2972
21.8313
17.3748
24.7454
23.1061
28.2884
25.6567
29.4788
20.8353
25.0792
20.8353
26.8848
26.4770
31.3930
26.6612
31.3930
20.6376
27.4506
21.6795
27.8150
27.6408
31.7691
29.7276
32.8868
24.9206
30.5193
24.9206
30.7644
30.0511
33.8684
30.4212
33.8684
9.0250
16.0084
13.3900
20.5197
16.3759
21.1574
20.8500
25.3703
15.0887
18.6132
16.5740
23.3306
19.0895
23.4225
23.7196
27.6419
14.7995
21.2915
17.2733
23.8933
21.3102
25.4445
24.3560
29.4167
17.4295
24.4137
20.3043
26.5636
23.4840
28.2351
27.0077
30.3977
14.5875
20.2739
16.9376
23.5558
22.4319
25.8909
24.0153
27.9617
17.5741
22.3704
19.9624
26.2167
23.9547
28.4546
26.6510
30.1197
19.7846
25.9794
20.6685
26.7622
27.3076
30.7516
28.2088
30.7020
23.1603
27.9802
23.5240
29.2900
29.3727
33.2540
29.8647
33.2540
13.6534
19.4151
16.5110
23.2660
19.0845
23.3768
23.6200
27.6391
20.5877
23.0318
20.5877
24.8205
22.2342
26.0220
25.6454
29.1966
18.2246
25.1755
20.2470
26.6276
23.9651
28.8719
27.2631
30.3328
24.6616
28.6114
24.6616
29.1693
27.2142
31.6864
29.8286
31.7864
18.1923
22.1262
19.9026
26.1532
25.1931
28.3601
26.6468
30.1171
25.1371
25.1371
25.1371
27.6205
27.6836
31.4407
28.4559
31.5967
23.9569
27.5407
23.9569
29.3225
29.7383
33.8891
29.9660
33.8891
29.0073
30.5360
29.0073
31.5897
32.7453
36.7605
32.6559
36.7605
9.5000
11.3980
9.5000
11.3980
15.2080
15.2080
15.2080
15.2080
15.8829
15.8829
15.8829
15.8829
15.8829
15.8829
15.8829
15.8829
9.5000
11.3980
13.3463
13.3463
15.2080
15.2080
15.2080
15.2080
15.8829
15.8829
16.9578
16.9578
15.8829
15.8829
16.9578
16.9578
9.5000
11.0174
12.9816
12.9816
15.2080
15.2080
15.2080
15.2080
15.8829
15.8829
16.6271
16.6271
15.8829
15.8829
16.6271
16.6271
14.3772
14.3772
17.2788
17.2788
15.2080
15.2080
17.2788
17.2788
18.5335
18.5335
20.7097
20.7097
18.5335
18.5335
20.7097
20.7097
14.0403
14.0403
14.0403
14.0403
15.2080
15.2080
15.2080
15.2080
19.6251
19.6251
19.6251
19.6251
19.6251
19.6251
19.6251
19.6251
14.0403
14.0403
16.8376
16.8376
15.2080
15.2080
16.8376
16.8376
19.6309
19.6309
19.6309
19.6309
19.6309
19.6309
19.6309
19.6309
14.4508
14.4508
16.5060
16.5060
15.2080
15.2080
16.5060
16.5060
20.0839
20.0839
20.0839
20.0839
20.0839
20.0839
20.0839
20.0839
18.9665
18.9665
20.5955
20.5955
18.9665
18.9665
20.5955
20.5955
23.9759
23.9759
23.9759
23.9759
23.9759
23.9759
23.9759
23.9759
9.5000
9.8289
12.7205
12.7205
15.2080
15.2080
15.2080
15.2080
15.8829
15.8829
15.8829
15.8829
15.8829
15.8829
15.8829
15.8829
12.3317
12.3317
16.4097
16.4097
15.2080
15.2080
16.4097
16.4097
18.2574
18.2574
19.2891
19.2891
18.2574
18.2574
19.2891
19.2891
12.8850
12.8850
16.0907
16.0907
15.2080
15.2080
16.0907
16.0907
18.7343
18.7343
18.9643
18.9643
18.7343
18.7343
18.9643
18.9643
17.3880
17.3880
19.6123
19.6123
17.3880
17.3880
19.6123
19.6123
22.6154
22.6154
22.6154
22.6154
22.6154
22.6154
22.6154
22.6154
14.1772
14.1772
15.6855
15.6855
15.2080
15.2080
15.6855
15.6855
19.8480
19.8480
19.8480
19.8480
19.8480
19.8480
19.8480
19.8480
18.6802
18.6802
19.2346
19.2346
18.6802
18.6802
19.2346
19.2346
23.7292
23.7292
23.7292
23.7292
23.7292
23.7292
23.7292
23.7292
19.2058
19.2058
19.2058
19.2058
19.2058
19.2058
19.2058
19.2058
24.1822
24.1822
24.1822
24.1822
24.1822
24.1822
24.1822
24.1822
23.4837
23.4837
23.4837
23.4837
23.4837
23.4837
23.4837
23.4837
27.8693
27.8693
27.8693
27.8693
27.8693
27.8693
27.8693
27.8693
10.0000
10.0000
10.0000
10.0000
10.0000
10.0000
10.0000
10.0000
16.7188
16.7188
16.7188
16.7188
16.7188
16.7188
16.7188
16.7188
10.0000
10.0000
10.0000
10.0000
10.0000
10.0000
10.0000
10.0000
16.7188
16.7188
16.7188
16.7188
16.7188
16.7188
16.7188
16.7188
10.0000
10.0000
10.0000
10.0000
10.0000
10.0000
10.0000
10.0000
16.7188
16.7188
16.7188
16.7188
16.7188
16.7188
16.7188
16.7188
10.0000
10.0000
10.0000
10.0000
10.0000
10.0000
10.0000
10.0000
16.7188
16.7188
16.7188
16.7188
16.7188
16.7188
16.7188
16.7188
13.6534
13.6534
13.6534
13.6534
13.6534
13.6534
13.6534
13.6534
21.8596
21.8596
21.8596
21.8596
21.8596
21.8596
21.8596
21.8596
13.6534
13.6534
13.6534
13.6534
13.6534
13.6534
13.6534
13.6534
21.8596
21.8596
21.8596
21.8596
21.8596
21.8596
21.8596
21.8596
13.6534
13.6534
13.6534
13.6534
13.6534
13.6534
13.6534
13.6534
21.8596
21.8596
21.8596
21.8596
21.8596
21.8596
21.8596
21.8596
13.6534
13.6534
13.6534
13.6534
13.6534
13.6534
13.6534
13.6534
21.8596
21.8596
21.8596
21.8596
21.8596
21.8596
21.8596
21.8596
10.0000
10.0000
10.0000
10.0000
13.3866
13.3866
13.3866
13.3866
16.7188
16.7188
16.7188
16.7188
16.7188
16.7188
16.7188
16.7188
10.0000
10.0000
10.0000
10.0000
13.3866
13.3866
13.3866
13.3866
16.7188
16.7188
16.7188
16.7188
16.7188
16.7188
16.7188
16.7188
10.0000
10.0000
10.0000
10.0000
13.3866
13.3866
13.3866
13.3866
16.7188
16.7188
16.7188
16.7188
16.7188
16.7188
16.7188
16.7188
10.0000
10.0000
10.0000
10.0000
13.3866
13.3866
13.3866
13.3866
16.7188
16.7188
16.7188
16.7188
16.7188
16.7188
16.7188
16.7188
13.6534
13.6534
13.6534
13.6534
13.6534
13.6534
13.6534
13.6534
21.8596
21.8596
21.8596
21.8596
21.8596
21.8596
21.8596
21.8596
13.6534
13.6534
13.6534
13.6534
13.6534
13.6534
13.6534
13.6534
21.8596
21.8596
21.8596
21.8596
21.8596
21.8596
21.8596
21.8596
13.6534
13.6534
13.6534
13.6534
13.6534
13.6534
13.6534
13.6534
21.8596
21.8596
21.8596
21.8596
21.8596
21.8596
21.8596
21.8596
13.6534
13.6534
13.6534
13.6534
13.6534
13.6534
13.6534
13.6534
21.8596
21.8596
21.8596
21.8596
21.8596
21.8596
21.8596
21.8596
7.3509
11.2849
16.9834
20.5239
15.5571
16.7462
22.6356
25.9089
11.7573
17.0857
21.1695
24.9435
20.8636
20.8636
29.8204
29.8204
12.7545
17.8758
22.1168
26.9820
18.3618
21.2831
27.4437
30.2189
18.3725
21.3921
27.4538
30.3225
22.2767
24.8799
31.1629
33.6359
12.0378
17.2659
21.4359
26.4026
21.2451
21.7921
30.1829
30.7025
17.2637
21.9124
26.4005
30.8168
23.9342
25.7527
32.7375
34.4650
18.7868
22.4797
27.8475
31.3558
24.8155
25.8617
33.5747
34.5686
25.0015
27.0760
32.5639
35.7222
28.2258
29.1408
36.8145
37.6838
10.8214
16.3829
20.2804
25.5637
17.8370
20.4556
26.9451
29.4328
15.0448
19.8687
24.2925
28.7045
22.0303
22.5524
30.9288
31.4248
17.7470
21.7900
26.8596
30.7005
22.1317
24.7840
31.0251
33.5448
21.1932
25.3626
30.1336
34.0945
25.0195
26.7577
33.7686
35.4198
17.8713
21.1933
26.9777
30.1336
23.8129
25.6499
32.6223
34.3674
20.3896
24.5148
29.2801
33.2891
27.5152
27.8294
36.1394
36.4379
24.2539
26.9810
32.3453
35.6320
28.7284
29.0539
37.2920
37.6012
27.4539
30.1082
35.9055
38.6028
29.7496
30.8542
38.2621
39.3115
12.0505
15.6560
21.4479
24.8732
16.6067
19.2104
25.7763
28.2498
15.1442
18.1708
24.3870
27.2623
20.8636
21.9665
29.8204
30.8682
17.7577
21.2838
26.8698
30.2196
21.8716
23.6476
30.7780
32.4652
20.1582
23.4545
29.1502
32.2818
24.5728
26.2635
33.3442
34.9504
16.0748
20.2437
25.2710
29.2315
22.4861
23.7487
31.3618
32.5612
20.1807
21.5845
29.1716
30.5053
24.2686
26.2650
33.0551
34.9518
22.7614
25.5359
31.6233
34.2591
28.2166
28.2166
36.8058
36.8058
25.0015
27.1446
33.4214
35.7874
30.3856
30.6412
38.7587
39.1092
16.0531
18.7831
25.1736
27.8440
18.8730
22.5432
27.9294
31.4160
19.9202
21.7837
28.8362
30.6945
22.3089
25.2143
31.1934
33.9536
21.1907
24.1753
30.1312
32.9665
25.4128
26.8238
34.1421
35.4826
24.6470
27.4627
33.4146
36.0895
29.1011
29.3528
37.6460
37.8851
20.4880
22.7168
29.4636
31.5810
25.1170
26.7644
33.8611
35.4261
23.1661
24.9680
32.0078
33.7196
28.2563
29.1656
36.8435
37.7073
25.8274
27.8281
34.5360
36.4367
32.3018
32.3018
40.6867
40.6867
29.4099
30.1651
37.9394
38.6568
34.6875
34.6875
42.8432
42.8432
7.7378
12.1289
16.1342
19.4977
16.3759
18.9345
21.5038
21.5038
12.5328
17.9849
20.1110
23.6963
21.9617
24.4700
28.3294
28.3294
13.4258
18.8241
21.0110
25.6329
19.3283
22.4032
25.1358
25.6329
17.7091
22.4152
26.0811
28.8064
23.6780
26.1894
29.3756
29.3756
13.7252
18.1746
20.3641
25.0825
22.3633
23.4916
28.6737
28.6737
17.9856
23.0657
25.0805
29.2759
25.1939
27.6675
31.1006
31.1006
19.7756
23.5773
26.4551
29.7880
26.1215
27.2409
31.8959
31.8959
26.3174
28.5137
30.9357
33.9361
29.7113
30.6915
34.1962
34.1962
11.3503
17.2451
19.2663
24.2855
19.0079
21.7101
24.8542
24.8542
16.2596
21.9759
23.0779
27.2693
23.7053
27.2147
29.1220
29.1220
18.6810
23.1960
25.5166
29.1655
23.5257
26.0884
29.2784
29.2784
22.3516
27.9625
28.6269
32.3898
27.7040
28.1660
32.0801
32.3898
18.8119
22.5491
25.6288
28.6270
25.0662
28.3091
30.9912
30.9912
21.4627
27.3157
27.8161
31.6246
28.9634
30.7002
34.3325
34.3325
25.5304
28.5071
30.7280
33.8504
30.2404
30.6006
35.4181
35.4181
28.8988
33.0354
34.1102
36.6727
32.9312
33.0354
36.3490
36.6727
12.6847
16.9539
19.6978
23.6296
17.4807
20.2214
24.4875
24.4875
15.9413
19.1272
23.1677
25.8992
21.9617
24.4546
28.3294
28.3294
18.6923
22.8920
25.5263
28.7086
23.3616
24.8922
29.2391
29.2391
21.3722
24.5948
27.6927
30.6677
26.2276
27.6458
31.0742
31.0742
16.9208
21.5722
24.0075
27.7699
23.6696
25.9080
29.7937
29.7937
20.8738
23.5157
27.7131
28.9801
25.5459
27.7275
31.1262
31.1262
23.9594
27.1595
30.0422
32.5461
31.0249
31.0249
34.9655
34.9655
26.3174
28.5732
31.7503
33.9980
32.1529
32.3216
36.8207
36.8207
16.8980
19.8565
23.9149
26.4518
19.9956
23.7296
25.7490
26.4518
20.9686
23.4681
27.3944
29.1597
23.7053
27.2010
29.1076
29.1597
22.3060
25.5274
28.6246
31.3182
26.9704
28.2356
31.7641
31.7641
25.9442
28.9081
31.7439
34.2851
30.6327
30.8977
34.8784
34.8784
21.5663
24.2104
27.9904
30.0019
27.8304
28.2533
31.8559
31.8559
23.5553
27.3281
30.4074
32.0336
29.7435
30.7768
34.3800
34.3800
27.1867
29.5719
32.8092
34.6149
35.7915
35.7915
37.5511
37.5511
30.9577
31.9288
36.0424
36.7240
36.7293
36.7293
40.7010
40.7010
8.1451
16.8509
15.3275
20.3481
17.2378
20.9971
20.1111
25.1263
14.3343
20.1008
18.6076
24.3213
23.1176
27.3529
24.9213
29.6791
15.2080
21.0104
19.9604
25.2829
21.7718
24.9378
26.0716
29.3648
19.3695
24.9507
24.7771
28.3621
25.8397
29.1202
29.6047
33.0772
13.8913
20.2694
19.3459
24.7824
23.5403
25.6760
27.2400
30.0748
18.9489
25.6735
23.8265
27.8121
27.2837
30.5117
29.5456
33.9812
20.7391
26.2193
25.1324
29.4955
27.5411
30.2847
30.3011
34.1336
27.7025
31.6746
29.3889
32.4951
33.0829
34.0941
33.6758
37.8324
12.6216
19.3054
18.3030
23.0713
20.0258
24.2820
24.1808
27.6133
17.1154
23.3324
21.9240
26.6975
24.9529
30.6378
27.6659
31.9366
19.8538
25.5166
24.2408
28.2663
25.6877
29.1455
29.2373
31.2835
24.4740
29.6723
27.1956
30.7703
29.1621
33.2968
31.4914
34.1048
19.8908
25.0938
24.3474
28.2490
27.5182
30.9322
29.4416
32.8367
24.7064
28.7534
26.4253
30.5299
31.3211
33.1470
32.6158
34.8129
28.3021
32.0772
29.1916
33.0270
33.6383
33.9928
33.6472
34.6175
31.2206
35.2017
32.3067
35.2017
34.6644
37.6331
35.6819
38.3119
12.3672
18.3970
18.7129
24.3235
19.3692
22.5036
23.2631
28.0541
14.3343
21.5144
22.0093
27.1069
23.1176
27.4941
26.2504
30.7622
20.6905
25.4958
24.2500
27.7117
25.8888
27.6564
28.4722
30.9498
22.4971
27.3562
26.3081
30.8245
28.7146
30.7106
31.5058
33.5342
17.8114
23.7327
22.8071
27.3233
26.2267
29.4689
28.3040
31.0095
20.7734
25.3821
26.3274
30.4361
29.0474
30.8169
29.5699
33.3609
25.9575
29.8501
28.3673
31.6423
32.6578
33.8146
33.2172
33.9196
27.8992
31.7395
30.1628
33.9914
35.4403
35.9018
35.4403
36.9292
16.5926
22.0340
22.7192
27.6635
22.4791
26.4041
26.1718
30.5656
19.9342
25.5051
26.0247
30.3043
26.6764
30.9084
28.5300
32.1881
24.3367
28.2068
27.1934
30.7194
28.8801
31.3647
32.2247
33.3402
28.5080
32.1113
30.1567
33.2961
32.8913
34.3189
35.3556
35.3556
21.5490
26.6091
26.5909
30.8869
30.0271
31.4127
30.2631
33.3828
25.2362
29.2274
28.8870
31.9927
34.3289
34.3289
34.3289
35.7941
29.3869
32.5105
30.9116
33.8915
37.6752
37.6752
37.6752
37.6752
32.5871
35.2440
34.2403
35.4811
40.4577
40.4577
40.4577
40.4577
8.5738
14.3138
13.2067
19.3307
18.1451
23.5981
22.5463
28.3641
15.0887
18.5383
17.6772
23.1052
24.3343
25.7622
26.5509
30.7130
14.0291
19.9599
18.9624
24.0187
22.9177
28.9619
28.0143
32.8178
18.3021
23.1677
22.6933
26.1559
27.3870
31.6834
31.5586
34.8481
15.5571
17.9870
18.3786
23.5432
24.7793
27.0877
27.4597
32.3661
21.1065
22.7505
22.4906
26.4152
30.0512
30.9460
31.3661
35.0945
21.5441
24.4499
23.8757
28.0207
30.4669
33.2274
32.6820
36.6197
26.3174
30.0094
27.7822
30.6274
35.0015
38.5090
36.3931
39.0960
13.0339
18.3401
17.3879
21.9177
22.3822
27.4231
26.0528
30.8218
18.9644
21.9759
20.8278
25.3626
27.9150
30.8771
29.7864
33.4996
19.5360
23.2908
23.0288
26.3218
28.5592
32.0362
31.8773
35.0057
23.2503
27.9625
25.8358
29.2318
32.0878
36.5644
34.5440
37.7702
21.0724
23.8391
23.1300
26.2628
30.0188
32.6472
31.9735
34.5440
26.1918
27.3157
26.1918
28.5412
34.8822
35.9499
34.8822
37.1142
26.8870
28.8916
27.7321
30.5499
35.4088
37.4471
36.3454
39.0224
29.6596
33.0354
30.6914
33.0971
38.1296
41.3836
39.1568
41.4422
11.1614
16.4800
17.7764
22.6748
20.3886
25.6560
26.0459
31.2824
15.0887
19.2568
20.9088
25.7275
24.3343
28.2940
29.8634
34.4411
19.6560
24.2210
23.0375
26.0293
28.3412
33.0100
31.8856
34.7279
22.2058
24.7078
24.9927
29.1944
31.0955
33.4724
33.7431
37.7346
19.5092
21.1621
21.6667
25.7500
28.5337
30.1040
30.5834
34.4625
22.5402
22.7554
25.0110
28.9152
31.4132
31.6177
33.4892
37.4695
27.2470
27.5372
28.7222
31.1278
35.8846
35.8846
37.2861
39.5714
28.7427
30.0094
31.5575
33.3417
37.3056
38.5090
39.9796
41.6746
15.6922
19.7608
21.3570
26.1561
24.9075
28.7728
29.9283
33.6969
21.0927
23.3113
24.7235
27.2801
30.0381
32.1457
33.4873
35.9161
23.1199
26.2045
25.8337
28.4098
31.9639
34.1698
34.5420
36.9893
27.0826
28.8923
28.6489
30.9423
35.7285
37.4477
37.2164
39.3952
23.4813
23.8391
25.2613
29.3426
31.6598
32.6472
33.5957
36.6224
27.5113
27.5113
27.5113
29.9101
36.1357
36.1357
36.1357
38.4146
31.2191
31.2191
31.2191
31.3354
39.6582
39.6582
39.6582
39.7687
34.3022
34.3022
34.3022
34.3022
42.5871
42.5871
42.5871
42.5871
9.0250
15.2080
9.9112
15.2511
17.2378
18.5258
18.9158
23.9042
15.8829
15.8829
15.8829
18.5507
20.9397
22.4527
23.0455
27.1645
10.5548
15.9507
15.3043
19.7525
18.7969
25.0129
23.6210
29.2525
16.2461
20.1093
19.3290
23.0129
23.9151
28.9725
27.4898
32.5129
14.4358
15.2080
14.4795
18.9572
19.6569
23.1452
23.2066
27.6129
16.5249
19.1949
18.6056
21.9987
25.1062
27.0634
27.1035
30.5404
18.8566
20.4383
19.2273
23.4612
26.0431
29.9383
27.8693
32.9612
24.4822
24.4848
24.5049
26.3887
31.1202
33.8565
31.4174
35.8887
14.3720
15.2080
14.3720
19.0914
18.7316
22.8454
22.8388
27.0862
16.9047
18.6362
17.3077
22.1840
24.4109
26.7294
25.6341
29.0504
16.0677
20.0246
19.4015
23.0566
23.6917
28.8676
27.3898
32.4346
21.4314
23.7458
21.9774
25.9946
26.5866
31.5835
29.9035
34.2185
16.2513
19.2100
18.5645
22.6336
24.9538
27.2745
27.0081
30.9748
21.9319
23.2597
21.9319
25.5720
28.6820
31.1217
29.5771
32.7212
24.3134
24.3256
24.3203
26.8232
30.9678
33.7348
31.7700
36.3232
27.4065
28.1409
27.4086
29.2116
33.7593
35.8055
33.7961
38.0695
9.0250
15.2080
14.3184
19.6739
17.2378
22.2243
22.9627
27.2490
15.8829
16.9642
17.5991
22.3858
21.1518
24.4394
26.2821
29.8000
15.5785
18.9519
18.4076
22.9514
22.4318
27.8035
26.9050
31.3823
18.3469
22.1389
21.4804
25.5278
25.8391
30.8174
29.9255
33.7538
15.3553
17.9348
18.0102
22.4719
23.6125
26.0631
26.3926
30.0018
18.4991
20.0652
21.0970
25.0534
25.2602
28.0869
29.5200
32.4165
23.8906
24.1021
25.0754
27.1444
30.5862
31.5220
31.6555
35.1922
26.5717
26.6390
27.1558
28.0625
33.0060
33.8295
33.5331
36.6034
14.3720
17.6630
17.5492
22.3496
20.0889
25.0980
26.0959
29.7402
21.6713
21.6713
21.6713
23.8951
24.6363
28.0480
28.3591
31.1947
19.1838
22.8028
21.3926
25.4933
26.4865
31.4644
29.8649
34.2526
25.9596
25.9596
25.9596
27.0430
30.0968
34.3843
32.0250
36.5430
18.4148
20.6625
21.0796
25.0201
26.5191
28.6543
29.4439
32.3576
26.4601
26.4601
26.4601
26.4934
29.1716
31.2009
31.5070
33.6871
27.0244
27.0389
27.2047
28.0309
33.4145
34.3053
33.5773
36.3767
30.7390
30.7525
30.7940
30.9258
36.7669
36.7791
36.8165
37.5383
9.5000
9.5000
9.5000
9.5000
16.3759
16.3759
16.3759
16.3759
16.7188
16.7188
16.7188
16.7188
16.7188
16.7188
16.7188
16.7188
9.5000
9.5000
13.2009
13.2009
16.3759
16.3759
16.3759
16.3759
16.7188
16.7188
16.7543
16.7543
16.7188
16.7188
16.7543
16.7543
9.6567
9.6567
12.7939
12.7939
16.3759
16.3759
16.3759
16.3759
16.7188
16.7188
16.7188
16.7188
16.7188
16.7188
16.7188
16.7188
15.0054
15.0054
17.3936
17.3936
16.3759
16.3759
17.3936
17.3936
19.4917
19.4917
20.7597
20.7597
19.4917
19.4917
20.7597
20.7597
15.4960
15.4960
15.4960
15.4960
16.3759
16.3759
16.3759
16.3759
20.6580
20.6580
20.6580
20.6580
20.6580
20.6580
20.6580
20.6580
15.4960
15.4960
17.4778
17.4778
16.3759
16.3759
17.4778
17.4778
20.6641
20.6641
20.8785
20.8785
20.6641
20.6641
20.8785
20.8785
15.4960
15.4960
17.0937
17.0937
16.3759
16.3759
17.0937
17.0937
21.1409
21.1409
21.1409
21.1409
21.1409
21.1409
21.1409
21.1409
19.9647
19.9647
21.4474
21.4474
19.9647
19.9647
21.4474
21.4474
25.2378
25.2378
25.2378
25.2378
25.2378
25.2378
25.2378
25.2378
9.5000
9.5000
13.4907
13.4907
16.3759
16.3759
16.3759
16.3759
16.7188
16.7188
16.7188
16.7188
16.7188
16.7188
16.7188
16.7188
12.9808
12.9808
17.3230
17.3230
16.3759
16.3759
17.3230
17.3230
19.2184
19.2184
20.3192
20.3192
19.2184
19.2184
20.3192
20.3192
13.5631
13.5631
16.9837
16.9837
16.3759
16.3759
16.9837
16.9837
19.7203
19.7203
19.9739
19.9739
19.7203
19.7203
19.9739
19.9739
18.3032
18.3032
20.6570
20.6570
18.3032
18.3032
20.6570
20.6570
23.8057
23.8057
23.8057
23.8057
23.8057
23.8057
23.8057
23.8057
15.4960
15.4960
16.6144
16.6144
16.3759
16.3759
16.6144
16.6144
20.8927
20.8927
20.8927
20.8927
20.8927
20.8927
20.8927
20.8927
19.6634
19.6634
20.2907
20.2907
19.6634
19.6634
20.2907
20.2907
24.9781
24.9781
24.9781
24.9781
24.9781
24.9781
24.9781
24.9781
20.2166
20.2166
20.2166
20.2166
20.2166
20.2166
20.2166
20.2166
25.4549
25.4549
25.4549
25.4549
25.4549
25.4549
25.4549
25.4549
24.7197
24.7197
24.7197
24.7197
24.7197
24.7197
24.7197
24.7197
29.3361
29.3361
29.3361
29.3361
29.3361
29.3361
29.3361
29.3361
10.0000
10.0000
10.0000
10.0000
11.3602
11.3602
11.3602
11.3602
17.5987
17.5987
17.5987
17.5987
17.5987
17.5987
17.5987
17.5987
10.0000
10.0000
10.0000
10.0000
11.3602
11.3602
11.3602
11.3602
17.5987
17.5987
17.5987
17.5987
17.5987
17.5987
17.5987
17.5987
10.0000
10.0000
10.0000
10.0000
10.9852
10.9852
10.9852
10.9852
17.5987
17.5987
17.5987
17.5987
17.5987
17.5987
17.5987
17.5987
10.0000
10.0000
10.0000
10.0000
10.9852
10.9852
10.9852
10.9852
17.5987
17.5987
17.5987
17.5987
17.5987
17.5987
17.5987
17.5987
14.3720
14.3720
14.3720
14.3720
14.3720
14.3720
14.3720
14.3720
23.0101
23.0101
23.0101
23.0101
23.0101
23.0101
23.0101
23.0101
14.3720
14.3720
14.3720
14.3720
14.3720
14.3720
14.3720
14.3720
23.0101
23.0101
23.0101
23.0101
23.0101
23.0101
23.0101
23.0101
14.3720
14.3720
14.3720
14.3720
14.3720
14.3720
14.3720
14.3720
23.0101
23.0101
23.0101
23.0101
23.0101
23.0101
23.0101
23.0101
14.3720
14.3720
14.3720
14.3720
14.3720
14.3720
14.3720
14.3720
23.0101
23.0101
23.0101
23.0101
23.0101
23.0101
23.0101
23.0101
10.0000
10.0000
10.0000
10.0000
10.0000
10.0000
10.0000
10.0000
17.5987
17.5987
17.5987
17.5987
17.5987
17.5987
17.5987
17.5987
10.0000
10.0000
10.0000
10.0000
10.0000
10.0000
10.0000
10.0000
19.1186
19.1186
19.1186
19.1186
19.1186
19.1186
19.1186
19.1186
10.0000
10.0000
10.0000
10.0000
10.0000
10.0000
10.0000
10.0000
17.5987
17.5987
17.5987
17.5987
17.5987
17.5987
17.5987
17.5987
10.0000
10.0000
10.0000
10.0000
10.0000
10.0000
10.0000
10.0000
19.1186
19.1186
19.1186
19.1186
19.1186
19.1186
19.1186
19.1186
14.3720
14.3720
14.3720
14.3720
14.3720
14.3720
14.3720
14.3720
23.0101
23.0101
23.0101
23.0101
23.0101
23.0101
23.0101
23.0101
14.3720
14.3720
14.3720
14.3720
14.3720
14.3720
14.3720
14.3720
23.0101
23.0101
23.0101
23.0101
23.0101
23.0101
23.0101
23.0101
14.3720
14.3720
14.3720
14.3720
14.3720
14.3720
14.3720
14.3720
23.0101
23.0101
23.0101
23.0101
23.0101
23.0101
23.0101
23.0101
14.3720
14.3720
14.3720
14.3720
14.3720
14.3720
14.3720
14.3720
23.0101
23.0101
23.0101
23.0101
23.0101
23.0101
23.0101
23.0101
7.3509
7.3509
16.1342
18.3767
12.6356
12.6356
16.1342
18.3767
10.1024
11.7553
19.3041
23.1553
19.8204
19.8204
19.8204
23.1553
12.8650
12.8650
18.3916
22.9900
15.7203
15.7203
18.3916
22.9900
19.3394
19.3394
23.2209
27.1232
19.8204
19.8204
23.2209
27.1232
14.0403
14.0403
18.4400
24.5064
15.5996
15.5996
18.4400
24.5064
18.1723
18.1723
23.6332
29.2690
19.8204
19.8204
23.6332
29.2690
19.5017
19.5017
23.5332
28.2855
21.2740
21.2740
23.5332
28.2855
26.3174
26.3174
28.1299
32.4026
26.3174
26.3174
28.1299
32.4026
11.3910
11.3910
17.3986
18.7550
13.9061
13.9061
17.3986
18.7550
14.9652
14.9652
22.2862
23.5329
19.8204
19.8204
22.2862
23.5329
18.5592
18.5592
23.0461
23.0479
18.8432
18.8432
23.0461
23.0479
22.3087
22.3087
25.6432
27.1804
22.3087
22.3087
25.6432
27.1804
17.8048
17.8048
23.3365
24.9172
19.5489
19.5489
23.3365
24.9172
20.4388
20.4388
26.1947
29.6393
21.8347
21.8347
26.1947
29.6393
24.6524
24.6524
27.9745
28.3759
24.6524
24.6524
27.9745
28.3759
28.5839
28.5839
30.4288
32.4526
28.5839
28.5839
30.4288
32.4526
11.8942
11.8942
17.8502
17.8502
12.9113
12.9113
17.8502
17.8502
15.9413
15.9413
21.9080
22.0298
19.8204
19.8204
21.9080
22.0298
17.3256
17.3256
22.6019
22.9705
18.1428
18.1428
22.6019
22.9705
21.2191
21.2191
26.4999
27.1037
21.2191
21.2191
26.4999
27.1037
16.2933
16.2933
22.1139
23.3809
18.5598
18.5598
22.1139
23.3809
21.2428
21.2428
26.0115
28.1429
21.6397
21.6397
26.0115
28.1429
23.1277
23.1277
26.7643
28.2660
23.5308
23.5308
26.7643
28.2660
26.3174
26.3174
30.4680
32.3825
26.3245
26.3245
30.4680
32.3825
16.8128
16.8128
21.7108
21.7108
16.8128
16.8128
21.7108
21.7108
20.5749
20.5749
23.9715
25.3188
20.5749
20.5749
23.9715
25.3188
21.4738
21.4738
26.3660
26.3660
21.7283
21.7283
26.3660
26.3660
25.9184
25.9184
28.3814
28.3814
25.9184
25.9184
28.3814
28.3814
21.5663
21.5663
25.8776
26.7025
22.2561
22.2561
25.8776
26.7025
24.3853
24.3853
27.8928
31.4094
25.1611
25.1611
27.8928
31.4094
26.1548
26.1548
30.3418
30.3418
26.9371
26.9371
30.3418
30.3418
28.9119
28.9119
32.2541
32.4675
29.7226
29.7226
32.2541
32.4675
7.7378
10.8671
12.9503
17.4578
9.8797
16.9046
12.9503
17.4578
12.3696
16.1098
17.5332
20.8177
14.9658
21.8888
17.5332
20.9179
14.4702
16.8972
18.8241
23.0165
15.8698
16.9778
18.8241
23.0165
18.6412
18.6412
20.8763
24.3777
19.2948
21.9499
20.8763
24.4379
14.4476
15.7286
16.7947
22.0094
15.7658
21.0415
16.7947
22.1014
18.9322
20.7297
21.2191
26.3198
19.7326
24.8193
21.2747
26.3906
20.9050
20.9720
23.3557
26.5286
21.3984
21.3984
23.3557
26.5286
27.7025
27.7025
27.7025
29.1559
27.7025
27.7025
27.7025
29.1707
11.9477
15.4753
16.6341
21.7910
13.9988
19.3727
16.6341
21.7910
16.6701
18.6786
20.3145
21.7988
17.5746
24.3294
20.3145
21.7988
19.6642
20.6007
22.9237
26.2086
19.6642
20.6007
22.9237
26.2086
22.4771
22.4771
23.0525
26.2160
22.4771
24.3855
23.0525
26.2160
18.8119
20.0269
21.7484
25.7140
19.6973
25.3216
21.7484
25.7140
22.4874
22.4874
24.9931
26.6707
22.4874
27.5153
24.9931
26.7658
26.8741
26.8741
27.6403
29.8666
26.8741
26.8741
27.6403
29.8666
30.4198
30.4198
30.4198
30.4198
30.4198
30.4198
30.4198
30.4198
14.1324
14.1324
15.9858
20.0846
14.1324
16.9244
15.9858
20.0846
16.7803
16.7803
19.6596
20.0982
16.7803
21.8578
19.6596
20.0982
19.8788
20.1169
22.4152
25.7916
19.8788
20.1169
22.4152
25.7916
22.4971
22.4971
23.8164
25.8045
22.4971
22.4971
23.8164
25.8045
17.5032
18.7728
20.0741
24.6331
18.4992
23.1679
20.0741
24.6331
21.9724
21.9724
23.3733
25.3006
21.9724
24.0120
23.3733
25.3779
24.9971
24.9971
24.9971
26.1958
24.9971
25.7945
24.9971
26.1958
27.7025
27.7025
27.7025
29.1377
27.7025
27.7025
27.7025
29.1415
17.7874
17.7874
19.4802
21.4499
17.7874
19.3993
19.4802
21.4499
22.0722
22.0722
22.0722
22.7812
22.0722
24.3447
22.0722
22.8791
23.4800
23.4800
23.6960
26.3539
23.4800
23.4800
23.6960
26.3539
27.3097
27.3097
27.3097
27.3097
27.3097
27.3097
27.3097
27.3097
22.7013
22.7013
23.2505
25.8536
22.7013
25.2995
23.2505
25.8536
24.7951
24.7951
25.0860
28.2570
25.2005
26.8409
25.2985
28.3239
28.2853
28.2853
28.2853
29.8489
28.2853
28.2853
28.2853
29.8489
32.5871
32.5871
32.5871
32.5871
32.5871
32.5871
32.5871
32.5871
8.1451
11.8245
14.5611
16.9680
12.8769
12.8769
16.9551
16.9680
15.0887
17.8920
15.0887
20.6111
17.6254
17.8920
20.5938
20.6111
16.0084
17.6777
17.7632
21.8579
17.7349
17.7349
21.1624
21.8579
21.6466
21.6466
21.6466
25.4623
21.6466
21.6466
24.6115
25.4623
14.6224
16.9204
16.0221
20.8380
17.6107
17.6107
21.7175
21.7175
19.9462
22.1599
19.9462
24.3058
22.5108
22.5108
25.6384
25.6384
22.2231
22.6299
22.2231
25.9601
25.5753
25.5753
28.2513
28.2513
29.1606
29.1606
29.1606
29.1997
29.1606
29.1606
30.9495
30.9495
13.2859
17.2096
16.3277
20.7080
16.7545
17.2096
20.4347
20.7080
17.9447
20.8131
17.9447
23.4694
20.4740
20.8131
22.4474
23.4694
20.8987
21.5704
21.6486
25.3905
21.0868
21.5704
24.4963
25.3905
25.7621
25.7621
25.7621
27.3960
25.7621
25.7621
26.3498
27.3960
20.8955
22.3834
21.0886
24.4805
22.4513
22.4513
25.5916
25.5916
25.0331
25.0331
25.0331
27.0089
25.7969
25.7969
28.2256
28.2256
29.7916
29.7916
29.7916
29.7916
29.7916
29.7916
30.8398
30.8398
32.8638
32.8638
32.8638
32.8638
32.8638
32.8638
32.8638
32.8638
13.0181
15.4600
15.8736
20.8158
14.4347
15.4600
20.5406
20.8158
15.0887
18.0331
19.5042
23.6203
17.9908
18.0331
23.4915
23.6203
21.7795
21.7795
21.7795
24.4907
21.7795
21.7795
24.0698
24.4907
23.6812
23.6812
24.2205
26.9409
23.6812
23.6812
26.8122
26.9409
18.7488
19.8073
20.5194
23.8915
21.7637
21.7637
25.0503
25.0503
21.8667
22.2729
23.2490
26.5542
24.0486
24.0486
26.5209
26.5542
27.3237
27.3237
27.8427
29.5460
27.3237
27.3237
30.8681
30.8681
29.3675
29.3675
30.0425
31.3692
29.3675
29.3675
32.9107
32.9107
17.4659
18.6653
19.3816
23.5932
18.7542
18.7542
23.3555
23.5932
20.9834
22.0372
21.3197
25.4861
22.1985
22.1985
24.9652
25.4861
25.6176
25.6176
25.6176
27.4154
25.6176
25.6176
26.7565
27.4154
30.0084
30.0084
30.0084
30.0084
30.0084
30.0084
30.0084
30.0084
22.6831
22.6831
23.0814
26.5258
24.7745
24.7745
27.2273
27.2273
26.5644
26.5644
26.5644
28.3158
28.0499
28.0499
29.1763
29.1763
30.9336
30.9336
30.9336
31.0100
30.9336
30.9336
32.8914
32.8914
34.3022
34.3022
34.3022
34.3022
34.3022
34.3022
34.3022
34.3022
8.5738
10.5273
10.8763
16.0539
17.2378
19.3607
18.9716
24.4009
15.8829
15.8829
15.8829
19.5253
20.8784
20.8784
22.6569
24.4648
15.2080
16.7873
15.2080
20.7364
18.8131
25.4466
23.7585
29.1996
20.5642
20.5642
20.5642
23.4687
22.7325
25.4808
27.2597
29.2602
16.3759
16.3759
16.3759
19.7561
19.6237
23.3172
22.4849
27.5194
22.2174
22.2174
22.2174
23.0537
26.1264
26.1264
26.5100
27.5900
22.6780
22.6780
22.6780
24.8051
25.3423
29.2934
27.0537
32.2315
27.7025
27.7025
27.7025
27.7025
29.8893
29.8893
30.9480
32.2985
14.7212
15.3727
14.7212
19.6228
19.0609
24.0950
22.8752
28.1413
19.9626
19.9626
19.9626
21.6995
24.4103
24.4103
24.5598
28.1496
20.5642
20.5642
20.5642
23.6373
22.5821
28.9306
27.4533
31.9548
24.4740
24.4740
24.4740
25.5232
25.8996
28.9812
28.7799
31.9627
22.1815
22.1815
22.1815
23.1878
26.3855
28.3885
26.6158
31.5278
27.5703
27.5703
27.5703
27.5703
30.4877
30.4877
30.4877
31.5380
28.3021
28.3021
28.3021
28.3021
30.3643
32.9339
31.0059
35.1125
31.2206
31.2206
31.2206
31.2206
32.9635
32.9858
32.9635
35.1222
11.7489
14.6272
15.1851
19.7277
17.2378
22.2200
23.4508
26.6679
15.8829
16.5181
18.8702
22.3950
20.8784
22.2777
26.9517
26.9517
19.2419
20.3578
20.8129
23.2583
22.1240
28.5023
27.1273
31.5958
23.3746
23.3746
23.6483
25.5569
25.3485
28.5600
30.4531
31.6085
20.5360
20.5360
21.7552
23.8187
23.8881
27.1168
26.8924
30.5917
23.7265
23.7265
24.4203
25.9508
26.1264
27.1767
30.2240
30.5991
28.6810
28.6810
30.2339
32.7661
29.7859
30.8580
30.3968
32.7661
30.2555
30.4704
33.2184
35.0965
33.6683
33.6683
33.6683
35.0965
16.5181
17.1221
17.6120
22.3664
19.8663
23.7604
24.8632
27.8482
22.2029
22.2029
22.2029
24.1625
24.4103
24.4103
27.1995
27.8849
23.8372
23.8372
23.8372
25.5081
26.2444
29.1635
28.6980
32.0827
28.5080
28.5080
28.5080
28.5080
29.7550
29.6138
31.3986
32.1177
24.7172
24.7193
24.9436
25.7400
26.9782
28.5034
28.0706
31.6470
28.9592
28.9592
28.9592
28.9592
30.5461
30.5461
30.5461
31.6777
32.8622
32.8622
32.8622
32.9506
34.5525
34.5525
34.5525
35.0973
36.1076
36.1076
36.1076
36.1076
38.4349
38.4349
38.4349
38.4349
9.0250
9.9050
9.0250
14.4612
9.0250
11.1176
10.8497
14.4612
16.7188
16.7188
16.7188
17.5020
16.7188
16.7188
16.7188
17.5020
14.0291
15.1532
14.0291
18.4120
14.0291
15.1532
14.0291
18.4120
19.2659
19.2659
19.2659
21.3007
19.2659
19.2659
19.2659
21.3007
15.5571
15.5571
15.5571
18.0093
15.5571
15.5571
15.5571
18.0093
17.7884
18.2351
17.7887
20.8988
17.7884
18.2351
17.7887
20.8988
19.5614
19.5614
19.5614
21.7823
19.5614
19.5614
19.5614
21.7823
24.1275
24.1275
24.1275
24.5265
24.1275
24.1275
24.1275
24.5265
15.1284
15.1284
15.1284
18.1368
15.1284
15.1284
15.1284
18.1368
19.8572
19.8572
19.8572
21.0748
19.8572
19.8572
19.8572
21.0748
16.8900
19.0234
16.8972
21.9038
16.8900
19.0234
16.8972
21.9038
22.5593
22.5593
22.5593
24.6948
22.5593
22.5593
22.5593
24.6948
18.4106
18.4106
18.4106
21.5019
18.4106
18.4106
18.4106
21.5019
23.0862
23.0862
23.0862
24.2934
23.0862
23.0862
23.0862
24.2934
23.6420
23.6420
23.6420
25.0995
23.6420
23.6420
23.6420
25.0995
27.6128
27.6128
27.6128
27.7510
27.6128
27.6128
27.6128
27.7510
9.4034
12.9291
12.7380
18.6902
9.4034
12.9291
12.7380
18.6902
16.7188
16.7188
16.7188
21.2666
16.7188
16.7188
16.7188
21.2666
16.3984
18.0043
17.6157
21.8038
16.3984
18.0043
17.6157
21.8038
19.4098
21.0320
19.8458
24.2514
19.4098
21.0320
19.8458
24.2514
17.0782
17.0817
17.0974
21.3483
17.0782
17.0817
17.0974
21.3483
19.4727
19.4727
19.4727
23.8007
19.4727
19.4727
19.4727
23.8007
23.0014
23.1989
24.1078
26.0399
23.0014
23.1989
24.1078
26.0399
26.5843
26.5843
26.5843
26.6951
26.5843
26.5843
26.5843
26.6951
15.1284
16.7799
15.6951
21.2321
15.1284
16.7799
15.6951
21.2321
22.8119
22.8119
22.8119
22.8119
22.8119
22.8119
22.8119
22.8119
20.3877
21.6627
20.3877
24.2187
20.3877
21.6627
20.3877
24.2187
27.3259
27.3259
27.3259
27.3259
27.3259
27.3259
27.3259
27.3259
20.4069
20.4071
20.4098
23.7691
20.4069
20.4071
20.4098
23.7691
27.8528
27.8528
27.8528
27.8528
27.8528
27.8528
27.8528
27.8528
27.5134
27.5134
27.5134
27.5134
27.5134
27.5134
27.5134
27.5134
32.1411
32.1411
32.1411
32.1411
32.1411
32.1411
32.1411
32.1411
9.5000
9.5000
9.5000
9.5000
15.5571
15.5571
15.5571
15.5571
17.5987
17.5987
17.5987
17.5987
17.5987
17.5987
17.5987
17.5987
9.5000
9.5000
9.5000
9.5000
15.5571
15.5571
15.5571
15.5571
17.5987
17.5987
17.5987
17.5987
17.5987
17.5987
17.5987
17.5987
14.4476
14.4476
14.4476
14.4476
15.5571
15.5571
15.5571
15.5571
17.5987
17.5987
17.5987
17.5987
17.5987
17.5987
17.5987
17.5987
14.4476
14.4476
14.4476
14.4476
15.5571
15.5571
15.5571
15.5571
20.5176
20.5176
20.5176
20.5176
20.5176
20.5176
20.5176
20.5176
16.3116
16.3116
16.3116
16.3116
16.3116
16.3116
16.3116
16.3116
21.7453
21.7453
21.7453
21.7453
21.7453
21.7453
21.7453
21.7453
16.3116
16.3116
16.3116
16.3116
16.3116
16.3116
16.3116
16.3116
22.4529
22.4529
22.4529
22.4529
22.4529
22.4529
22.4529
22.4529
16.8563
16.8563
16.8563
16.8563
16.8563
16.8563
16.8563
16.8563
22.9813
22.9813
22.9813
22.9813
22.9813
22.9813
22.9813
22.9813
22.1231
22.1231
22.1231
22.1231
22.1231
22.1231
22.1231
22.1231
27.5207
27.5207
27.5207
27.5207
27.5207
27.5207
27.5207
27.5207
9.5000
9.5000
9.5000
9.5000
15.5571
15.5571
15.5571
15.5571
17.5987
17.5987
17.5987
17.5987
17.5987
17.5987
17.5987
17.5987
13.6640
13.6640
13.6640
13.6640
15.5571
15.5571
15.5571
15.5571
20.2298
20.2298
20.2298
20.2298
20.2298
20.2298
20.2298
20.2298
14.4476
14.4476
14.4476
14.4476
15.5571
15.5571
15.5571
15.5571
20.7582
20.7582
20.7582
20.7582
20.7582
20.7582
20.7582
20.7582
19.2665
19.2665
19.2665
19.2665
19.2665
19.2665
19.2665
19.2665
25.0587
25.0587
25.0587
25.0587
25.0587
25.0587
25.0587
25.0587
16.5371
16.5371
16.5371
16.5371
16.5371
16.5371
16.5371
16.5371
22.7062
22.7062
22.7062
22.7062
22.7062
22.7062
22.7062
22.7062
21.7893
21.7893
21.7893
21.7893
21.7893
21.7893
21.7893
21.7893
27.2330
27.2330
27.2330
27.2330
27.2330
27.2330
27.2330
27.2330
22.4023
22.4023
22.4023
22.4023
22.4023
22.4023
22.4023
22.4023
27.7613
27.7613
27.7613
27.7613
27.7613
27.7613
27.7613
27.7613
27.3918
27.3918
27.3918
27.3918
27.3918
27.3918
27.3918
27.3918
32.0618
32.0618
32.0618
32.0618
32.0618
32.0618
32.0618
32.0618
10.0000
10.0000
10.0000
10.0000
10.0000
10.0000
10.0000
10.0000
18.5250
18.5250
18.5250
18.5250
18.5250
18.5250
18.5250
18.5250
10.0000
10.0000
10.0000
10.0000
10.0000
10.0000
10.0000
10.0000
18.5250
18.5250
18.5250
18.5250
18.5250
18.5250
18.5250
18.5250
10.0000
10.0000
10.0000
10.0000
10.0000
10.0000
10.0000
10.0000
18.5250
18.5250
18.5250
18.5250
18.5250
18.5250
18.5250
18.5250
10.0000
10.0000
10.0000
10.0000
10.0000
10.0000
10.0000
10.0000
18.5250
18.5250
18.5250
18.5250
18.5250
18.5250
18.5250
18.5250
15.1284
15.1284
15.1284
15.1284
15.1284
15.1284
15.1284
15.1284
24.2212
24.2212
24.2212
24.2212
24.2212
24.2212
24.2212
24.2212
15.1284
15.1284
15.1284
15.1284
15.1284
15.1284
15.1284
15.1284
24.2212
24.2212
24.2212
24.2212
24.2212
24.2212
24.2212
24.2212
15.1284
15.1284
15.1284
15.1284
15.1284
15.1284
15.1284
15.1284
24.2212
24.2212
24.2212
24.2212
24.2212
24.2212
24.2212
24.2212
15.1284
15.1284
15.1284
15.1284
15.1284
15.1284
15.1284
15.1284
24.2212
24.2212
24.2212
24.2212
24.2212
24.2212
24.2212
24.2212
10.0000
10.0000
10.0000
10.0000
10.0000
10.0000
10.0000
10.0000
18.5250
18.5250
18.5250
18.5250
18.5250
18.5250
18.5250
18.5250
10.0000
10.0000
10.0000
10.0000
10.0000
10.0000
10.0000
10.0000
20.1248
20.1248
20.1248
20.1248
20.1248
20.1248
20.1248
20.1248
10.0000
10.0000
10.0000
10.0000
10.0000
10.0000
10.0000
10.0000
18.5250
18.5250
18.5250
18.5250
18.5250
18.5250
18.5250
18.5250
10.0000
10.0000
10.0000
10.0000
10.0000
10.0000
10.0000
10.0000
20.1248
20.1248
20.1248
20.1248
20.1248
20.1248
20.1248
20.1248
15.1284
15.1284
15.1284
15.1284
15.1284
15.1284
15.1284
15.1284
24.2212
24.2212
24.2212
24.2212
24.2212
24.2212
24.2212
24.2212
15.1284
15.1284
15.1284
15.1284
15.1284
15.1284
15.1284
15.1284
24.2212
24.2212
24.2212
24.2212
24.2212
24.2212
24.2212
24.2212
15.1284
15.1284
15.1284
15.1284
15.1284
15.1284
15.1284
15.1284
24.2212
24.2212
24.2212
24.2212
24.2212
24.2212
24.2212
24.2212
15.1284
15.1284
15.1284
15.1284
15.1284
15.1284
15.1284
15.1284
24.2212
24.2212
24.2212
24.2212
24.2212
24.2212
24.2212
24.2212
7.3509
7.3509
13.0102
17.4578
7.3509
7.3509
13.0102
17.4578
10.6341
11.1675
18.3389
21.9975
10.6341
11.1675
18.3389
21.9975
15.2080
15.2080
17.4721
21.8405
15.2080
15.2080
17.4721
21.8405
20.3573
20.3573
22.0599
25.7670
20.3573
20.3573
22.0599
25.7670
14.7793
14.7793
17.5180
23.2811
14.7793
14.7793
17.5180
23.2811
19.1288
19.1288
22.4516
27.8055
19.1288
19.1288
22.4516
27.8055
20.5281
20.5281
22.3565
26.8713
20.5281
20.5281
22.3565
26.8713
27.7025
27.7025
27.7025
30.7825
27.7025
27.7025
27.7025
30.7825
11.9905
11.9905
16.5287
17.8172
11.9905
11.9905
16.5287
17.8172
15.7529
15.7529
21.1719
22.3563
15.7529
15.7529
21.1719
22.3563
19.5360
19.5360
21.8938
21.8955
19.5360
19.5360
21.8938
21.8955
23.4828
23.4828
24.3610
25.8214
23.4828
23.4828
24.3610
25.8214
18.7419
18.7419
22.1696
23.6713
18.7419
18.7419
22.1696
23.6713
21.6738
21.6738
24.8849
28.1573
21.6738
21.6738
24.8849
28.1573
25.9499
25.9499
26.5758
26.9571
25.9499
25.9499
26.5758
26.9571
30.0883
30.0883
30.0883
30.8299
30.0883
30.0883
30.0883
30.8299
12.5202
12.5202
16.9577
16.9577
12.5202
12.5202
16.9577
16.9577
16.7803
16.7803
20.8126
20.9283
16.7803
16.7803
20.8126
20.9283
18.2375
18.2375
21.4719
21.8220
18.2375
18.2375
21.4719
21.8220
22.3359
22.3359
25.1749
25.7485
22.3359
22.3359
25.1749
25.7485
17.1509
17.1509
21.0082
22.2118
17.1509
17.1509
21.0082
22.2118
22.3609
22.3609
24.7109
26.7357
22.3609
22.3609
24.7109
26.7357
24.3449
24.3449
25.4261
26.8527
24.3449
24.3449
25.4261
26.8527
27.7025
27.7025
28.9446
30.7634
27.7025
27.7025
28.9446
30.7634
17.6977
17.6977
20.6253
20.6253
17.6977
17.6977
20.6253
20.6253
21.6578
21.6578
22.7729
24.0529
21.6578
21.6578
22.7729
24.0529
22.6040
22.6040
25.0477
25.0477
22.6040
22.6040
25.0477
25.0477
27.2825
27.2825
27.2825
27.2825
27.2825
27.2825
27.2825
27.2825
22.7013
22.7013
24.5837
25.3673
22.7013
22.7013
24.5837
25.3673
25.6688
25.6688
26.4982
29.8389
25.6688
25.6688
26.4982
29.8389
27.5313
27.5313
28.8247
28.8247
27.5313
27.5313
28.8247
28.8247
30.4336
30.4336
30.6414
30.8441
30.4336
30.4336
30.6414
30.8441
7.7378
10.3238
11.1660
16.5849
9.2174
16.0594
11.2706
16.5849
13.0206
15.3043
16.4132
19.7768
14.2175
20.7943
16.5133
19.8720
16.0084
16.0523
16.0084
21.8657
16.0084
16.1289
16.0084
21.8657
21.4287
21.4287
21.4287
23.1209
21.4287
21.4287
21.4287
23.2160
15.5571
15.5571
15.6691
20.9005
15.5571
19.9894
15.7701
20.9963
19.9286
19.9286
20.1134
24.9784
19.9286
23.5783
20.2109
25.0711
22.0053
22.0053
22.0053
25.2022
22.0053
22.0053
22.0053
25.2022
29.1606
29.1606
29.1606
29.1606
29.1606
29.1606
29.1606
29.1606
13.9851
14.7016
14.9264
20.7015
13.9851
18.4041
14.9264
20.7015
17.5475
17.7446
18.9708
20.7089
17.5475
23.1129
19.0687
20.7089
20.6992
20.6992
20.6992
24.8982
20.6992
20.6992
20.6992
24.8982
23.6858
23.6858
23.6858
24.9052
23.6858
23.6858
23.6858
24.9052
19.8020
19.8020
19.8736
24.4283
19.8020
24.0555
19.9707
24.4283
23.6709
23.6709
23.6709
25.3371
23.6709
26.1396
23.6709
25.4275
28.2885
28.2885
28.2885
28.3733
28.2885
28.2885
28.2885
28.3733
32.0209
32.0209
32.0209
32.0209
32.0209
32.0209
32.0209
32.0209
14.8762
14.8762
14.8762
19.0803
14.8762
16.0782
14.8762
19.0803
17.6635
17.6635
17.7233
19.0933
17.6635
20.7649
17.7233
19.0933
20.9250
20.9250
20.9250
24.5020
20.9250
20.9250
20.9250
24.5020
23.5115
23.5115
23.5115
24.5143
23.5115
23.5115
23.5115
24.5143
18.4244
18.4244
18.4244
23.4015
18.4244
22.0095
18.4244
23.4015
23.1289
23.1289
23.1289
24.0157
23.1289
23.1289
23.1289
24.1090
26.3128
26.3128
26.3128
26.3128
26.3128
26.3128
26.3128
26.3128
29.1606
29.1606
29.1606
29.1606
29.1606
29.1606
29.1606
29.1606
18.7235
18.7235
18.7235
20.3774
18.7235
18.7235
18.7235
20.3774
23.2339
23.2466
23.3115
23.5180
23.2339
23.2466
23.3115
23.5180
24.7158
24.7158
24.7158
25.0362
24.7158
24.7158
24.7158
25.0362
28.7470
28.7470
28.7470
28.7470
28.7470
28.7470
28.7470
28.7470
23.8961
23.8961
23.8961
24.5609
23.8961
24.0346
23.8961
24.5609
26.1001
26.1001
26.1001
26.8168
26.1001
26.1001
26.1001
26.9077
29.7521
29.7521
29.7521
29.7521
29.7521
29.7521
29.7521
29.7521
32.8978
32.8978
32.8978
32.8978
32.8978
32.8978
32.8978
32.8978
8.1451
10.8448
10.4114
16.1196
12.6724
12.6724
16.3504
16.3504
15.8829
15.8829
15.8829
19.5805
17.4161
17.4161
19.9921
19.9921
16.8509
16.8509
16.8509
20.5413
17.2573
17.2573
20.6053
20.6053
22.7859
22.7859
22.7859
23.5066
22.7859
22.7859
24.0572
24.0572
16.3759
16.3759
16.3759
19.7961
16.4060
16.4060
19.7634
19.7961
20.9960
20.9960
20.9960
23.0905
20.9960
20.9960
23.0486
23.0905
24.2793
24.2793
24.2793
24.2793
26.9214
26.9214
29.7382
29.7382
30.6953
30.6953
30.6953
30.6953
30.6953
30.6953
32.5784
32.5784
14.7212
16.3491
15.0502
19.6726
16.5079
16.5079
19.8541
19.8541
19.9626
19.9626
19.9626
22.2414
20.2512
20.2512
21.9035
22.2414
22.7859
22.7859
22.7859
23.5143
22.7859
22.7859
23.9639
23.9639
27.1180
27.1180
27.1180
27.1180
27.1180
27.1180
27.1180
27.1180
21.9953
21.9953
21.9953
23.2565
21.9953
21.9953
22.9730
23.2565
26.3506
26.3506
26.3506
26.3506
26.3506
26.3506
26.3506
26.3506
31.3596
31.3596
31.3596
31.3596
31.3596
31.3596
32.4630
32.4630
34.5935
34.5935
34.5935
34.5935
34.5935
34.5935
34.5935
34.5935
13.7033
14.6870
14.1345
19.7750
13.7033
14.6870
19.5135
19.7750
16.3203
17.0229
16.7963
22.4393
17.5209
17.5209
22.3169
22.4393
22.9258
22.9258
22.9258
25.7797
22.9258
22.9258
22.9258
25.7797
24.9275
24.9275
25.4953
26.4246
24.9275
24.9275
25.4953
26.4246
19.7356
19.7356
21.5994
23.8448
19.7356
19.7356
22.6341
23.8448
23.0176
23.0176
24.4726
26.1380
23.0176
23.0176
25.1948
26.1380
28.7618
28.7618
29.3081
31.1011
28.7618
28.7618
32.4928
32.4928
30.9132
30.9132
31.6237
33.0202
30.9132
30.9132
34.6428
34.6428
18.3851
18.3851
18.3851
22.4136
18.3851
18.3851
22.1877
22.4136
22.0878
22.0878
22.0878
24.2118
22.0878
22.0878
24.3631
24.3631
27.8026
27.8026
27.8026
27.8026
27.8026
27.8026
27.8026
27.8026
31.5878
31.5878
31.5878
31.5878
31.5878
31.5878
31.5878
31.5878
23.8770
23.8770
23.8770
25.1995
23.8770
23.8770
25.0898
25.1995
27.9625
27.9625
27.9625
27.9625
27.9625
27.9625
27.9625
27.9625
32.5617
32.5617
32.5617
32.5617
32.5617
32.5617
34.6225
34.6225
36.1076
36.1076
36.1076
36.1076
36.1076
36.1076
36.1076
36.1076
8.5738
10.0842
10.3325
15.3136
13.3394
13.3394
17.2109
17.2109
16.7188
16.7188
16.7188
18.6015
18.3327
18.3327
21.0443
21.0443
16.0084
16.0084
16.0084
19.2017
17.0092
17.0092
21.6898
21.6898
21.6466
21.6466
21.6466
22.3313
21.6466
21.6466
25.3234
25.3234
17.2378
17.2378
17.2378
18.8063
19.3161
19.3161
22.2768
22.2768
23.3867
23.3867
23.3867
23.3867
23.3867
23.3867
25.1860
25.1860
24.7080
24.7080
24.7974
26.1106
26.8803
26.8803
29.5970
29.5970
29.1606
29.1606
29.1606
29.1606
30.3662
30.3662
32.2751
32.2751
15.4960
15.4960
15.4960
18.5133
17.3767
17.3767
20.8990
20.8990
21.0132
21.0132
21.0132
21.1294
21.3170
21.3170
23.0563
23.0563
21.6466
21.6466
21.6466
22.2543
21.6466
21.6466
25.2251
25.2251
25.7621
25.7621
25.7621
25.7621
25.7621
25.7621
27.2118
27.2118
23.3489
23.3489
23.3489
23.3489
23.3489
23.3489
25.0742
25.0742
29.0214
29.0214
29.0214
29.0214
29.0214
29.0214
29.0214
29.0214
29.6356
29.6356
29.6356
29.6356
29.7083
29.7083
32.1740
32.1740
32.8638
32.8638
32.8638
32.8638
32.8638
32.8638
33.6811
33.6811
12.3672
13.9527
14.4258
18.7863
13.8982
14.4032
22.2783
22.2783
16.7188
16.7188
17.9267
21.3173
18.4431
18.4431
25.6041
25.6041
20.2546
21.4293
21.9083
24.4671
20.8000
24.6917
25.7709
25.7709
24.6048
24.6048
24.8929
26.8062
24.6048
27.3849
28.9305
28.9305
21.6168
21.6168
22.9002
25.0724
21.6168
23.9032
25.5478
25.5478
24.9753
24.9753
25.7056
27.3167
24.9753
26.5964
28.7128
28.7128
30.1905
30.9293
31.8252
34.4906
30.3000
34.1917
31.8252
34.4906
31.9358
33.7622
34.9667
36.9437
33.1440
36.8849
34.9667
36.9437
17.3874
17.3874
17.3874
21.2929
17.5404
17.5404
23.4545
23.4545
23.3714
23.3714
23.3714
23.3714
23.3714
23.3714
25.8395
25.8395
25.0918
25.0918
25.0918
25.0918
25.0918
26.0254
27.2631
27.2631
30.0084
30.0084
30.0084
30.0084
30.0084
30.0084
30.0084
30.0084
26.0181
26.0203
26.2564
27.0948
26.0181
26.0203
27.3308
27.3308
30.4834
30.4834
30.4834
30.4834
30.4834
30.4834
30.4834
30.4834
34.5918
34.5918
34.5918
34.6848
34.5918
35.5254
34.5918
34.6848
38.0080
38.0080
38.0080
38.0080
38.0080
38.2038
38.0080
38.0080
9.0250
9.0250
9.0250
9.0250
9.0250
9.0250
9.0250
9.0250
17.5987
17.5987
17.5987
17.5987
17.5987
17.5987
17.5987
17.5987
14.7674
14.7674
14.7674
14.7674
14.7674
14.7674
14.7674
14.7674
20.2798
20.2798
20.2798
20.2798
20.2798
20.2798
20.2798
20.2798
16.3759
16.3759
16.3759
16.3759
16.3759
16.3759
16.3759
16.3759
19.3653
19.3653
19.3653
19.3653
19.3653
19.3653
19.3653
19.3653
19.1920
19.2001
19.2371
19.3159
19.1920
19.2001
19.2371
19.3159
24.8063
24.8089
24.8286
24.8536
24.8063
24.8089
24.8286
24.8536
15.9247
15.9247
15.9247
15.9247
15.9247
15.9247
15.9247
15.9247
22.1192
22.1192
22.1192
22.1192
22.1192
22.1192
22.1192
22.1192
17.2042
17.2042
17.2042
17.2042
17.2042
17.2042
17.2042
17.2042
23.7467
23.7467
23.7467
23.7467
23.7467
23.7467
23.7467
23.7467
19.6996
19.6996
19.6996
19.6996
19.6996
19.6996
19.6996
19.6996
24.3012
24.3012
24.3012
24.3012
24.3012
24.3012
24.3012
24.3012
24.6423
24.6429
24.6492
24.6546
24.6423
24.6429
24.6492
24.6546
29.3411
29.3411
29.3411
29.3411
29.3411
29.3411
29.3411
29.3411
9.8983
9.9021
9.9195
9.9566
9.8983
9.9021
9.9195
9.9566
17.5987
17.5987
17.5987
17.5987
17.5987
17.5987
17.5987
17.5987
16.4613
16.6802
17.6872
19.8280
16.4613
16.6802
17.6872
19.8280
21.4132
21.4132
21.4132
21.4132
21.4132
21.4132
21.4132
21.4132
17.9771
17.9807
17.9973
18.0325
17.9771
17.9807
17.9973
18.0325
21.9678
21.9678
21.9678
21.9678
21.9678
21.9678
21.9678
21.9678
24.2120
24.4199
25.3766
27.4104
24.2120
24.4199
25.3766
27.4104
27.5375
27.5375
27.5375
28.1001
27.5375
27.5375
27.5375
28.1001
16.5371
16.5371
16.5371
16.5371
16.5371
16.5371
16.5371
16.5371
24.6015
24.6015
24.6015
24.6015
24.6015
24.6015
24.6015
24.6015
21.7893
21.7893
21.7893
21.7893
21.7893
21.7893
21.7893
21.7893
28.7641
28.7641
28.7641
28.7641
28.7641
28.7641
28.7641
28.7641
22.4023
22.4023
22.4023
22.4023
22.4023
22.4023
22.4023
22.4023
29.3187
29.3187
29.3187
29.3187
29.3187
29.3187
29.3187
29.3187
28.4964
28.4964
28.4964
28.4964
28.4964
28.4964
28.4964
28.4964
33.8327
33.8327
33.8327
33.8327
33.8327
33.8327
33.8327
33.8327
9.5000
9.5000
9.5000
9.5000
9.5000
9.5000
9.5000
9.5000
18.5250
18.5250
18.5250
18.5250
18.5250
18.5250
18.5250
18.5250
9.5000
9.5000
9.5000
9.5000
9.5000
9.5000
9.5000
9.5000
18.5250
18.5250
18.5250
18.5250
18.5250
18.5250
18.5250
18.5250
15.2080
15.2080
15.2080
15.2080
15.2080
15.2080
15.2080
15.2080
18.5250
18.5250
18.5250
18.5250
18.5250
18.5250
18.5250
18.5250
15.5803
15.5803
15.5803
15.5803
15.5803
15.5803
15.5803
15.5803
22.8581
22.8581
22.8581
22.8581
22.8581
22.8581
22.8581
22.8581
17.1701
17.1701
17.1701
17.1701
17.1701
17.1701
17.1701
17.1701
24.2212
24.2212
24.2212
24.2212
24.2212
24.2212
24.2212
24.2212
18.0743
18.0743
18.0743
18.0743
18.0743
18.0743
18.0743
18.0743
24.9965
24.9965
24.9965
24.9965
24.9965
24.9965
24.9965
24.9965
18.7552
18.7552
18.7552
18.7552
18.7552
18.7552
18.7552
18.7552
25.5803
25.5803
25.5803
25.5803
25.5803
25.5803
25.5803
25.5803
24.6053
24.6053
24.6053
24.6053
24.6053
24.6053
24.6053
24.6053
30.5959
30.5959
30.5959
30.5959
30.5959
30.5959
30.5959
30.5959
9.5000
9.5000
9.5000
9.5000
9.5000
9.5000
9.5000
9.5000
18.5250
18.5250
18.5250
18.5250
18.5250
18.5250
18.5250
18.5250
15.2095
15.2095
15.2095
15.2095
15.2095
15.2095
15.2095
15.2095
22.5402
22.5402
22.5402
22.5402
22.5402
22.5402
22.5402
22.5402
15.8903
15.8903
15.8903
15.8903
15.8903
15.8903
15.8903
15.8903
23.1240
23.1240
23.1240
23.1240
23.1240
23.1240
23.1240
23.1240
21.4324
21.4324
21.4324
21.4324
21.4324
21.4324
21.4324
21.4324
27.8756
27.8756
27.8756
27.8756
27.8756
27.8756
27.8756
27.8756
19.1239
19.1239
19.1239
19.1239
19.1239
19.1239
19.1239
19.1239
25.8963
25.8963
25.8963
25.8963
25.8963
25.8963
25.8963
25.8963
24.2345
24.2345
24.2345
24.2345
24.2345
24.2345
24.2345
24.2345
30.2780
30.2780
30.2780
30.2780
30.2780
30.2780
30.2780
30.2780
24.9153
24.9153
24.9153
24.9153
24.9153
24.9153
24.9153
24.9153
30.8618
30.8618
30.8618
30.8618
30.8618
30.8618
30.8618
30.8618
30.4574
30.4574
30.4574
30.4574
30.4574
30.4574
30.4574
30.4574
35.6134
35.6134
35.6134
35.6134
35.6134
35.6134
35.6134
35.6134
10.0000
10.0000
10.0000
10.0000
10.0000
10.0000
10.0000
10.0000
19.5000
19.5000
19.5000
19.5000
19.5000
19.5000
19.5000
19.5000
10.0000
10.0000
10.0000
10.0000
10.0000
10.0000
10.0000
10.0000
19.5000
19.5000
19.5000
19.5000
19.5000
19.5000
19.5000
19.5000
10.0000
10.0000
10.0000
10.0000
10.0000
10.0000
10.0000
10.0000
19.5000
19.5000
19.5000
19.5000
19.5000
19.5000
19.5000
19.5000
14.8012
14.8012
14.8012
14.8012
14.8012
14.8012
14.8012
14.8012
24.0612
24.0612
24.0612
24.0612
24.0612
24.0612
24.0612
24.0612
16.3116
16.3116
16.3116
16.3116
16.3116
16.3116
16.3116
16.3116
25.4960
25.4960
25.4960
25.4960
25.4960
25.4960
25.4960
25.4960
17.1706
17.1706
17.1706
17.1706
17.1706
17.1706
17.1706
17.1706
26.3121
26.3121
26.3121
26.3121
26.3121
26.3121
26.3121
26.3121
17.8175
17.8175
17.8175
17.8175
17.8175
17.8175
17.8175
17.8175
26.9266
26.9266
26.9266
26.9266
26.9266
26.9266
26.9266
26.9266
23.3750
23.3750
23.3750
23.3750
23.3750
23.3750
23.3750
23.3750
32.2062
32.2062
32.2062
32.2062
32.2062
32.2062
32.2062
32.2062
10.0000
10.0000
10.0000
10.0000
10.0000
10.0000
10.0000
10.0000
19.5000
19.5000
19.5000
19.5000
19.5000
19.5000
19.5000
19.5000
14.4490
14.4490
14.4490
14.4490
14.4490
14.4490
14.4490
14.4490
23.7265
23.7265
23.7265
23.7265
23.7265
23.7265
23.7265
23.7265
15.0958
15.0958
15.0958
15.0958
15.0958
15.0958
15.0958
15.0958
24.3410
24.3410
24.3410
24.3410
24.3410
24.3410
24.3410
24.3410
20.3607
20.3607
20.3607
20.3607
20.3607
20.3607
20.3607
20.3607
29.3427
29.3427
29.3427
29.3427
29.3427
29.3427
29.3427
29.3427
18.1677
18.1677
18.1677
18.1677
18.1677
18.1677
18.1677
18.1677
27.2593
27.2593
27.2593
27.2593
27.2593
27.2593
27.2593
27.2593
23.0227
23.0227
23.0227
23.0227
23.0227
23.0227
23.0227
23.0227
31.8716
31.8716
31.8716
31.8716
31.8716
31.8716
31.8716
31.8716
23.6696
23.6696
23.6696
23.6696
23.6696
23.6696
23.6696
23.6696
32.4861
32.4861
32.4861
32.4861
32.4861
32.4861
32.4861
32.4861
28.9345
28.9345
28.9345
28.9345
28.9345
28.9345
28.9345
28.9345
37.4878
37.4878
37.4878
37.4878
37.4878
37.4878
37.4878
37.4878
7.3509
9.3172
11.8988
16.5849
8.3187
14.4936
11.8988
16.5849
11.1937
13.8121
17.4220
20.8977
12.8313
18.7669
17.4220
20.8977
16.0084
16.0084
16.0084
20.7485
16.0084
16.0084
16.0084
20.7485
20.2187
20.2187
20.2187
24.4787
20.2187
20.2187
20.2187
24.4787
15.5571
15.5571
16.6421
22.1170
15.5571
18.0404
16.6421
22.1170
20.1356
20.1356
21.3290
26.4152
20.1356
21.2794
21.3290
26.4152
21.6085
21.6085
21.6085
25.5277
21.6085
21.6085
21.6085
25.5277
27.7025
27.7025
27.7025
29.2434
27.7025
27.7025
27.7025
29.2434
12.6216
12.6216
14.6267
16.9264
12.6216
16.6097
14.6267
16.9264
16.5820
16.5820
20.1133
21.2384
16.5820
20.8594
20.1133
21.2384
20.6992
20.6992
20.6992
20.8008
20.6992
20.6992
20.6992
20.8008
24.7188
24.7188
24.7188
24.7188
24.7188
24.7188
24.7188
24.7188
19.7283
19.7283
21.0612
22.4877
19.7283
21.7101
21.0612
22.4877
22.8145
22.8145
23.6407
26.7495
22.8145
23.5910
23.6407
26.7495
27.4342
27.4342
27.4342
27.4342
27.4342
27.4342
27.4342
27.4342
31.6719
31.6719
31.6719
31.6719
31.6719
31.6719
31.6719
31.6719
13.8303
13.8303
13.8303
15.5692
13.8303
14.5106
13.8303
15.5692
17.6635
17.6635
17.6635
19.8819
17.6635
18.7403
17.6635
19.8819
19.9730
19.9730
19.9730
20.7309
19.9730
19.9730
19.9730
20.7309
23.5115
23.5115
23.5115
24.4611
23.5115
23.5115
23.5115
24.4611
18.0536
18.0536
18.0536
21.1012
18.0536
19.8636
18.0536
21.1012
23.5378
23.5378
23.5378
25.3989
23.5378
23.5378
23.5378
25.3989
25.6262
25.6262
25.6262
25.6262
25.6262
25.6262
25.6262
25.6262
28.7553
28.7553
28.7553
29.2252
28.7553
28.7553
28.7553
29.2252
18.6292
18.6292
18.6292
18.6292
18.6292
18.6292
18.6292
18.6292
22.7977
22.7977
22.7977
22.8502
22.7977
22.7977
22.7977
22.8502
23.6489
23.6489
23.6489
23.6489
23.6489
23.6489
23.6489
23.6489
27.6072
27.6072
27.6072
27.6072
27.6072
27.6072
27.6072
27.6072
23.8961
23.8961
23.8961
24.0990
23.8961
23.8961
23.8961
24.0990
27.0198
27.0198
27.0198
28.3470
27.0198
27.0198
27.0198
28.3470
28.9803
28.9803
28.9803
28.9803
28.9803
28.9803
28.9803
28.9803
32.0354
32.0354
32.0354
32.0354
32.0354
32.0354
32.0354
32.0354
7.7378
9.8076
10.6077
15.7557
8.7565
15.2564
10.7071
15.7557
13.1266
14.5391
15.5925
18.7880
13.5066
19.7546
15.6877
18.8784
16.8509
16.8509
16.8509
20.7724
16.8509
16.8509
16.8509
20.7724
22.5566
22.5566
22.5566
22.5566
22.5566
22.5566
22.5566
22.5566
16.3759
16.3759
16.3759
19.8554
16.3759
18.9899
16.3759
19.9465
21.1953
21.1953
21.1953
23.7295
21.1953
22.3994
21.1953
23.8175
23.1635
23.1635
23.1635
23.9421
23.1635
23.1635
23.1635
23.9421
29.1606
29.1606
29.1606
29.1606
29.1606
29.1606
29.1606
29.1606
14.7212
14.7212
14.7212
19.6664
14.7212
17.4839
14.7212
19.6664
18.4710
18.4710
18.4710
19.6735
18.4710
21.9573
18.4710
19.6735
21.7886
21.7886
21.7886
23.6533
21.7886
21.7886
21.7886
23.6533
26.0197
26.0197
26.0197
26.0197
26.0197
26.0197
26.0197
26.0197
20.8442
20.8442
20.8442
23.2069
20.8442
22.8527
20.8442
23.2069
24.8822
24.8822
24.8822
24.8822
24.8822
24.8822
24.8822
24.8822
28.8781
28.8781
28.8781
28.8781
28.8781
28.8781
28.8781
28.8781
33.4791
33.4791
33.4791
33.4791
33.4791
33.4791
33.4791
33.4791
15.6592
15.6592
17.7717
21.2164
15.6592
15.6592
17.7717
21.2164
19.1279
19.1279
21.8317
24.3867
19.1279
19.7266
21.8317
24.3867
22.9258
22.9258
22.9258
24.2770
22.9258
22.9258
22.9258
24.2770
24.7489
24.7489
24.7489
27.0191
24.7489
24.7489
24.7489
27.0191
19.3941
19.3941
21.2585
25.2830
19.3941
20.9090
21.2585
25.2830
25.2570
25.2570
25.2570
28.4426
25.2570
25.2570
25.2570
28.4426
27.9450
27.9450
27.9450
27.9450
27.9450
27.9450
27.9450
27.9450
30.2687
30.2687
30.2687
30.5216
30.2687
30.2687
30.2687
30.5216
21.3472
21.3472
21.3472
22.7387
21.3472
21.3472
21.3472
22.7387
25.7621
25.7621
25.7621
25.7621
25.7621
25.7621
25.7621
25.7621
26.0166
26.0166
26.0166
26.0166
26.0166
26.0166
26.0166
26.0166
30.2600
30.2600
30.2600
30.2600
30.2600
30.2600
30.2600
30.2600
25.1538
25.1538
25.1538
25.5556
25.1538
25.1538
25.1538
25.5556
27.4738
27.4738
27.4738
28.6883
27.4738
27.4738
27.4738
28.6883
31.7093
31.7093
31.7093
31.7093
31.7093
31.7093
31.7093
31.7093
35.0881
35.0881
35.0881
35.0881
35.0881
35.0881
35.0881
35.0881
8.1451
8.1451
9.3251
9.8671
12.0388
12.0388
15.5328
15.5328
14.7212
14.7212
14.7212
14.7212
16.5453
16.5453
18.9925
18.9925
17.7378
17.7378
18.8588
19.3738
21.4368
21.4368
24.7562
24.7562
23.9851
23.9851
23.9851
23.9851
25.7180
25.7180
28.0428
28.0428
17.2378
17.2378
17.2378
17.2378
19.3034
19.3034
22.4246
22.4246
23.4851
23.4851
23.4851
23.4851
23.4851
23.4851
25.5717
25.5717
25.5571
25.5571
25.5571
25.5571
28.3383
28.3383
31.3034
31.3034
32.3109
32.3109
32.3109
32.3109
32.3109
32.3109
34.2931
34.2931
15.4960
15.4960
15.4960
15.4960
15.6825
15.6825
18.8614
18.8614
19.5214
19.5214
19.5214
19.5214
19.5214
19.5214
20.8083
20.8083
24.7212
24.7212
24.7212
24.7212
24.8983
24.8983
27.9183
27.9183
28.5453
28.5453
28.5453
28.5453
28.5453
28.5453
29.7679
29.7679
24.2212
24.2212
24.2212
24.2212
24.2212
24.2212
25.4437
25.4437
28.8163
28.8163
28.8163
28.8163
28.8163
28.8163
28.8163
28.8163
33.0101
33.0101
33.0101
33.0101
33.0101
33.0101
34.1716
34.1716
36.4142
36.4142
36.4142
36.4142
36.4142
36.4142
36.4142
36.4142
14.8762
15.7832
16.8831
20.1556
15.0106
19.7886
17.6349
20.1556
18.1715
19.2613
20.7402
23.1674
18.5023
23.0952
20.7402
23.1674
24.1324
24.9941
26.0390
29.1478
24.2601
28.7992
26.7532
29.1478
27.2629
28.2982
29.7032
32.0090
27.5772
31.9404
29.7032
32.0090
21.6168
21.6168
22.7362
25.0998
21.6168
22.5331
25.4768
25.4768
24.2291
24.2291
25.7606
27.5137
24.2291
25.0394
27.8591
27.8591
30.2755
30.2755
30.8507
32.8179
30.2755
31.4064
34.2029
34.2029
32.7944
32.7944
33.2881
35.6695
32.7944
33.7874
36.4661
36.4661
20.2798
20.2798
20.2798
21.6018
20.2798
21.4260
20.6812
21.6018
24.4740
24.4740
24.4740
24.4740
24.4740
24.7144
24.4740
24.4740
29.2659
29.2659
29.2659
30.5217
29.2659
30.3547
29.6471
30.5217
33.2503
33.2503
33.2503
33.2503
33.2503
33.4787
33.2503
33.2503
25.5531
25.5531
25.5531
25.5679
25.5531
25.5531
27.8366
27.8366
29.4342
29.4342
29.4342
29.4342
29.4342
29.4342
29.4342
29.4342
34.2754
34.2754
34.2754
34.2754
34.2754
34.2754
36.4447
36.4447
38.0080
38.0080
38.0080
38.0080
38.0080
38.0080
38.0080
38.0080
8.5738
8.5738
8.5738
8.5738
12.3938
12.3938
16.2233
16.2233
15.4960
15.4960
15.4960
15.4960
16.8963
16.8963
19.6700
19.6700
16.8509
16.8509
17.9159
18.4051
20.3650
20.3650
23.5184
23.5184
22.7859
22.7859
22.7859
22.7859
24.4321
24.4321
26.6407
26.6407
18.1451
18.1451
18.1451
18.1451
21.7741
21.7741
25.4121
25.4121
24.7212
24.7212
24.7212
24.7212
26.0515
26.0515
28.6865
28.6865
26.0084
26.0084
26.1025
27.4848
28.2951
28.2951
31.1547
31.1547
30.6953
30.6953
30.6953
30.6953
31.9644
31.9644
33.9738
33.9738
16.3116
16.3116
16.3116
16.3116
16.3116
16.3116
19.5179
19.5179
21.6303
21.6303
21.6303
21.6303
21.6303
21.6303
21.6303
21.6303
22.7859
22.7859
22.7859
22.7859
23.6534
23.6534
26.5224
26.5224
27.1180
27.1180
27.1180
27.1180
27.1180
27.1180
28.2795
28.2795
25.4960
25.4960
25.4960
25.4960
25.4960
25.4960
28.5420
28.5420
30.5488
30.5488
30.5488
30.5488
30.5488
30.5488
30.5488
30.5488
31.4794
31.4794
31.4794
31.4794
31.4794
31.4794
33.8674
33.8674
34.5935
34.5935
34.5935
34.5935
34.5935
34.5935
35.4538
35.4538
13.7033
13.7033
14.8479
17.2851
13.7033
15.9592
19.6145
19.6145
17.1792
17.1792
18.0173
19.9598
17.1792
18.9434
22.4128
22.4128
22.9258
23.7444
24.7370
27.6905
23.0471
27.3592
25.4155
27.6905
25.8998
26.8833
28.2180
30.4085
26.1984
30.3434
28.2180
30.4085
23.0181
23.0181
24.1055
26.4208
23.0181
25.1612
28.6338
28.6338
26.3203
26.3203
27.1165
28.9618
26.3203
27.9962
31.2921
31.2921
31.7795
32.5571
33.5002
36.3059
31.8947
35.9912
33.5002
36.3059
34.5293
35.5392
36.8071
38.8881
34.8884
38.8262
36.8071
38.8881
18.3851
18.3851
18.5667
19.4956
18.3851
18.3851
22.2818
22.2818
23.2503
23.2503
23.2503
23.2503
23.2503
23.2503
23.8012
23.8012
27.8026
27.8026
27.8026
28.9956
27.8026
28.8370
28.1648
28.9956
31.5878
31.5878
31.5878
31.5878
31.5878
31.8047
31.5878
31.5878
27.4659
27.4659
27.6384
28.5208
27.4659
27.4659
31.1677
31.1677
32.0878
32.0878
32.0878
32.0878
32.0878
32.0878
32.6111
32.6111
36.4124
36.4124
36.4124
37.5458
36.4124
37.3951
36.4124
37.5458
40.0084
40.0084
40.0084
40.0084
40.0084
40.2145
40.0084
40.0084
9.0250
9.0250
9.0250
9.0250
9.0250
9.0250
9.0250
9.0250
16.1968
16.1968
16.1968
16.1968
16.1968
16.1968
16.1968
16.1968
16.0084
16.0084
16.0084
16.0084
16.0084
16.0084
16.0084
16.0084
21.3472
21.3472
21.3472
21.3472
21.3472
21.3472
21.3472
21.3472
17.2378
17.2378
17.2378
17.2378
17.2378
17.2378
17.2378
17.2378
20.5093
20.5093
20.5093
20.5093
20.5093
20.5093
20.5093
20.5093
20.2450
20.2450
20.2496
20.3325
20.2450
20.2450
20.2496
20.3325
26.1344
26.1344
26.1353
26.1617
26.1344
26.1344
26.1353
26.1617
17.1701
17.1701
17.1701
17.1701
17.1701
17.1701
17.1701
17.1701
22.6426
22.6426
22.6426
22.6426
22.6426
22.6426
22.6426
22.6426
19.0294
19.0294
19.0294
19.0294
19.0294
19.0294
19.0294
19.0294
22.6426
22.6426
22.6426
22.6426
22.6426
22.6426
22.6426
22.6426
20.5403
20.5403
20.5403
20.5403
20.5403
20.5403
20.5403
20.5403
25.3965
25.3965
25.3965
25.3965
25.3965
25.3965
25.3965
25.3965
26.0384
26.0384
26.0384
26.0384
26.0384
26.0384
26.0384
26.0384
29.2672
29.2672
29.2672
29.2672
29.2672
29.2672
29.2672
29.2672
10.4192
10.4232
10.4416
10.4806
10.4192
10.4232
10.4416
10.4806
16.1968
16.1968
16.1968
16.1968
16.1968
16.1968
16.1968
16.1968
17.3277
17.5581
18.6181
20.8716
17.3277
17.5581
18.6181
20.8716
21.4292
21.4292
21.4292
21.6359
21.4292
21.4292
21.4292
21.6359
18.9233
18.9271
18.9445
18.9816
18.9233
18.9271
18.9445
18.9816
21.3713
21.3713
21.3713
21.3713
21.3713
21.3713
21.3713
21.3713
25.4863
25.7052
26.7122
28.8530
25.4863
25.7052
26.7122
28.8530
28.9868
28.9868
28.9868
29.5791
28.9868
28.9868
28.9868
29.5791
18.5086
18.5086
18.5086
18.5086
18.5086
18.5086
18.5086
18.5086
22.6426
22.6426
22.6426
22.6426
22.6426
22.6426
22.6426
22.6426
22.5640
22.5640
22.5640
22.5640
22.5640
22.5640
22.5640
22.5640
27.1496
27.1496
27.1496
27.1496
27.1496
27.1496
27.1496
27.1496
22.6115
22.6118
22.6148
22.6173
22.6115
22.6118
22.6148
22.6173
25.9983
25.9985
25.9992
26.0016
25.9983
25.9985
25.9992
26.0016
29.9963
29.9963
29.9963
29.9963
29.9963
29.9963
29.9963
29.9963
34.3153
34.3153
34.3153
34.3153
34.3153
34.3153
34.3153
34.3153
9.5000
9.5000
9.5000
9.5000
9.5000
9.5000
9.5000
9.5000
17.0493
17.0493
17.0493
17.0493
17.0493
17.0493
17.0493
17.0493
9.5256
9.5256
9.5256
9.5256
9.5256
9.5256
9.5256
9.5256
17.0493
17.0493
17.0493
17.0493
17.0493
17.0493
17.0493
17.0493
16.3759
16.3759
16.3759
16.3759
16.3759
16.3759
16.3759
16.3759
17.0493
17.0493
17.0493
17.0493
17.0493
17.0493
17.0493
17.0493
16.4003
16.4003
16.4003
16.4003
16.4003
16.4003
16.4003
16.4003
17.0493
17.0493
17.0493
17.0493
17.0493
17.0493
17.0493
17.0493
18.0737
18.0737
18.0737
18.0737
18.0737
18.0737
18.0737
18.0737
23.9671
23.9671
23.9671
23.9671
23.9671
23.9671
23.9671
23.9671
19.0256
19.0256
19.0256
19.0256
19.0256
19.0256
19.0256
19.0256
23.9671
23.9671
23.9671
23.9671
23.9671
23.9671
23.9671
23.9671
19.7423
19.7423
19.7423
19.7423
19.7423
19.7423
19.7423
19.7423
23.9671
23.9671
23.9671
23.9671
23.9671
23.9671
23.9671
23.9671
25.9003
25.9003
25.9003
25.9003
25.9003
25.9003
25.9003
25.9003
25.9003
25.9003
25.9003
25.9003
25.9003
25.9003
25.9003
25.9003
9.8692
9.8692
9.8692
9.8692
9.8692
9.8692
9.8692
9.8692
17.0493
17.0493
17.0493
17.0493
17.0493
17.0493
17.0493
17.0493
16.0099
16.0099
16.0099
16.0099
16.0099
16.0099
16.0099
16.0099
17.0493
17.0493
17.0493
17.0493
17.0493
17.0493
17.0493
17.0493
16.7267
16.7267
16.7267
16.7267
16.7267
16.7267
16.7267
16.7267
17.0493
17.0493
17.0493
17.0493
17.0493
17.0493
17.0493
17.0493
22.5604
22.5604
22.5604
22.5604
22.5604
22.5604
22.5604
22.5604
22.5604
22.5604
22.5604
22.5604
22.5604
22.5604
22.5604
22.5604
20.1304
20.1304
20.1304
20.1304
20.1304
20.1304
20.1304
20.1304
23.8343
23.8343
23.8343
23.8343
23.8343
23.8343
23.8343
23.8343
25.5099
25.5099
25.5099
25.5099
25.5099
25.5099
25.5099
25.5099
25.5099
25.5099
25.5099
25.5099
25.5099
25.5099
25.5099
25.5099
26.2267
26.2267
26.2267
26.2267
26.2267
26.2267
26.2267
26.2267
26.2267
26.2267
26.2267
26.2267
26.2267
26.2267
26.2267
26.2267
32.0604
32.0604
32.0604
32.0604
32.0604
32.0604
32.0604
32.0604
32.0604
32.0604
32.0604
32.0604
32.0604
32.0604
32.0604
32.0604
10.0000
10.0000
10.0000
10.0000
10.0000
10.0000
10.0000
10.0000
18.5250
18.5250
18.5250
18.5250
18.5250
18.5250
18.5250
18.5250
10.0000
10.0000
10.0000
10.0000
10.0000
10.0000
10.0000
10.0000
18.5250
18.5250
18.5250
18.5250
18.5250
18.5250
18.5250
18.5250
10.0000
10.0000
10.0000
10.0000
10.0000
10.0000
10.0000
10.0000
18.5250
18.5250
18.5250
18.5250
18.5250
18.5250
18.5250
18.5250
10.0000
10.0000
10.0000
10.0000
10.0000
10.0000
10.0000
10.0000
18.5250
18.5250
18.5250
18.5250
18.5250
18.5250
18.5250
18.5250
17.1701
17.1701
17.1701
17.1701
17.1701
17.1701
17.1701
17.1701
18.5250
18.5250
18.5250
18.5250
18.5250
18.5250
18.5250
18.5250
17.1701
17.1701
17.1701
17.1701
17.1701
17.1701
17.1701
17.1701
22.2009
22.2009
22.2009
22.2009
22.2009
22.2009
22.2009
22.2009
17.1701
17.1701
17.1701
17.1701
17.1701
17.1701
17.1701
17.1701
18.5250
18.5250
18.5250
18.5250
18.5250
18.5250
18.5250
18.5250
17.1701
17.1701
17.1701
17.1701
17.1701
17.1701
17.1701
17.1701
22.2009
22.2009
22.2009
22.2009
22.2009
22.2009
22.2009
22.2009
10.0000
10.0000
10.0000
10.0000
10.0000
10.0000
10.0000
10.0000
18.5250
18.5250
18.5250
18.5250
18.5250
18.5250
18.5250
18.5250
10.0000
10.0000
10.0000
10.0000
10.0000
10.0000
10.0000
10.0000
18.5250
18.5250
18.5250
18.5250
18.5250
18.5250
18.5250
18.5250
10.0000
10.0000
10.0000
10.0000
10.0000
10.0000
10.0000
10.0000
18.5250
18.5250
18.5250
18.5250
18.5250
18.5250
18.5250
18.5250
10.0000
10.0000
10.0000
10.0000
10.0000
10.0000
10.0000
10.0000
18.5250
18.5250
18.5250
18.5250
18.5250
18.5250
18.5250
18.5250
17.1701
17.1701
17.1701
17.1701
17.1701
17.1701
17.1701
17.1701
18.5250
18.5250
18.5250
18.5250
18.5250
18.5250
18.5250
18.5250
17.1701
17.1701
17.1701
17.1701
17.1701
17.1701
17.1701
17.1701
22.2009
22.2009
22.2009
22.2009
22.2009
22.2009
22.2009
22.2009
17.1701
17.1701
17.1701
17.1701
17.1701
17.1701
17.1701
17.1701
18.5250
18.5250
18.5250
18.5250
18.5250
18.5250
18.5250
18.5250
17.1701
17.1701
17.1701
17.1701
17.1701
17.1701
17.1701
17.1701
22.2009
22.2009
22.2009
22.2009
22.2009
22.2009
22.2009
22.2009
7.3509
8.8513
11.3039
15.7557
7.9028
13.7689
11.3039
15.7557
10.1032
13.1215
16.5509
19.8528
12.1897
17.8285
16.5509
19.8528
14.4702
14.4702
14.4702
19.7111
14.4702
14.4702
14.4702
19.7111
17.3156
17.3156
17.3156
23.2547
17.3156
17.8783
17.3156
23.2547
10.6165
12.3942
15.8100
21.0112
11.4346
17.1384
15.8100
21.0112
16.5630
16.5630
20.2625
25.0945
16.5630
20.2155
20.2625
25.0945
20.9050
20.9050
20.9050
24.2513
20.9050
20.9050
20.9050
24.2513
23.4524
23.4524
23.4524
27.7812
23.4524
23.4524
23.4524
27.7812
9.8937
10.9672
13.8953
16.0800
10.0517
15.7792
13.8953
16.0800
14.1000
15.2138
19.1076
20.1765
14.3146
19.8165
19.1076
20.1765
17.1119
17.1119
17.1119
19.7607
17.1119
17.1119
17.1119
19.7607
20.3320
20.3320
20.3320
23.3038
20.3320
20.3320
20.3320
23.3038
16.3640
16.3640
20.0081
21.3633
16.3640
20.6246
20.0081
21.3633
20.3600
20.3600
22.4586
25.4120
20.3600
22.4114
22.4586
25.4120
23.2589
23.2589
23.2589
24.3288
23.2589
23.2589
23.2589
24.3288
26.3180
26.3180
26.3180
27.8240
26.3180
26.3180
26.3180
27.8240
15.6592
15.6592
15.6592
15.6592
15.6592
15.6592
15.6592
15.6592
18.4932
18.4932
18.4932
18.8878
18.4932
18.4932
18.4932
18.8878
19.8788
19.8788
19.8788
19.8788
19.8788
19.8788
19.8788
19.8788
24.7168
24.7168
24.7168
24.7168
24.7168
24.7168
24.7168
24.7168
19.0037
19.0037
19.0037
20.0462
19.0037
19.0037
19.0037
20.0462
24.7766
24.7766
24.7766
24.7766
24.7766
24.7766
24.7766
24.7766
25.0846
25.0846
25.0846
25.0846
25.0846
25.0846
25.0846
25.0846
30.2687
30.2687
30.2687
30.2687
30.2687
30.2687
30.2687
30.2687
18.5296
18.5296
18.5296
18.5296
18.5296
18.5296
18.5296
18.5296
22.5130
22.5130
22.5130
22.5130
22.5130
22.5130
22.5130
22.5130
24.5325
24.5325
24.5325
24.5325
24.5325
24.5325
24.5325
24.5325
27.4458
27.4458
27.4458
27.4458
27.4458
27.4458
27.4458
27.4458
24.6364
24.6364
24.6364
24.6364
24.6364
24.6364
24.6364
24.6364
28.4419
28.4419
28.4419
28.4419
28.4419
28.4419
28.4419
28.4419
30.0937
30.0937
30.0937
30.0937
30.0937
30.0937
30.0937
30.0937
32.8613
32.8613
32.8613
32.8613
32.8613
32.8613
32.8613
32.8613
7.7378
9.3172
10.7387
14.9679
8.3187
14.4936
10.7387
14.9679
12.4037
13.8121
15.7233
18.8601
12.8313
18.7669
15.7233
18.8601
15.2318
15.2318
15.2318
19.7338
15.2318
15.2318
15.2318
19.7338
19.3049
19.3049
19.3049
22.0920
19.3049
19.3049
19.3049
22.0920
12.3656
13.0465
15.0195
19.9606
12.3656
18.0404
15.0195
19.9606
19.9286
19.9286
19.9286
23.8398
19.9286
21.2794
19.9286
23.8398
22.0053
22.0053
22.0053
23.0388
22.0053
22.0053
22.0053
23.0388
26.0817
26.0817
26.0817
26.3922
26.0817
26.0817
26.0817
26.3922
15.4960
15.4960
15.4960
18.6831
15.4960
16.6097
15.4960
18.6831
20.5488
20.5488
20.5488
20.5488
20.5488
20.8594
20.5488
20.5488
19.0392
19.0392
19.0392
22.4706
19.0392
19.0392
19.0392
22.4706
22.6159
22.6159
22.6159
22.6159
22.6159
22.6159
22.6159
22.6159
19.8020
19.8020
19.8020
22.0465
19.8020
21.7101
19.8020
22.0465
22.6469
22.6469
22.6469
24.1414
22.6469
23.5910
22.6469
24.1414
25.8668
25.8668
25.8668
25.8668
25.8668
25.8668
25.8668
25.8668
29.2647
29.2647
29.2647
29.2647
29.2647
29.2647
29.2647
29.2647
16.4834
17.4883
18.7071
22.3331
16.6322
21.9264
18.7071
22.3331
20.1346
21.3422
22.9808
25.6702
20.5012
25.5902
22.9808
25.6702
22.5594
22.5594
22.5594
25.5548
22.5594
22.5594
22.5594
25.5548
26.0515
26.0515
26.0515
28.4411
26.0515
26.0515
26.0515
28.4411
20.1020
20.6857
22.3774
26.6137
20.1020
24.9674
22.3774
26.6137
26.5863
26.5863
26.5863
29.9396
26.5863
27.7445
26.5863
29.9396
28.3668
28.3668
28.3668
29.2529
28.3668
28.3668
28.3668
29.2529
31.8618
31.8618
31.8618
32.1280
31.8618
31.8618
31.8618
32.1280
22.4707
22.4707
22.4707
23.9355
22.4707
23.7407
22.4707
23.9355
27.1180
27.1180
27.1180
27.1180
27.1180
27.3844
27.1180
27.1180
26.5221
26.5221
26.5221
26.7706
26.5221
26.5221
26.5221
26.7706
29.6365
29.6365
29.6365
29.6365
29.6365
29.6365
29.6365
29.6365
26.4777
26.4777
26.4777
26.9006
26.4777
28.1137
26.4777
26.9006
28.9198
28.9198
28.9198
30.1982
28.9198
29.7263
28.9198
30.1982
32.3411
32.3411
32.3411
32.3411
32.3411
32.3411
32.3411
32.3411
35.2997
35.2997
35.2997
35.2997
35.2997
35.2997
35.2997
35.2997
8.1451
8.1451
8.1451
9.7098
8.1451
10.0001
8.1451
9.7829
13.0566
13.0566
13.0566
13.0566
13.0566
13.4807
13.0566
13.0566
16.8509
16.8509
16.8509
16.8509
16.8509
16.8509
16.8509
16.8509
20.2794
20.2794
20.2794
20.2794
20.2794
20.2794
20.2794
20.2794
13.0164
13.0164
13.0164
13.5588
13.0164
13.0164
13.0164
13.6292
20.9775
20.9775
20.9775
20.9775
20.9775
20.9775
20.9775
20.9775
20.8580
20.8580
20.8580
20.8580
20.8580
20.8580
20.8580
20.8580
27.4545
27.4545
27.4545
27.4545
27.4545
27.4545
27.4545
27.4545
16.3116
16.3116
16.3116
16.3116
16.3116
16.3116
16.3116
16.3116
21.6303
21.6303
21.6303
21.6303
21.6303
21.6303
21.6303
21.6303
20.8987
20.8987
20.8987
20.8987
20.8987
20.8987
20.8987
20.8987
24.7223
24.7223
24.7223
24.7223
24.7223
24.7223
24.7223
24.7223
20.1755
20.1755
20.1755
20.1755
20.1755
20.1755
20.1755
20.1755
25.0935
25.0935
25.0935
25.0935
25.0935
25.0935
25.0935
25.0935
28.0428
28.0428
28.0428
28.0428
28.0428
28.0428
28.0428
28.0428
31.6753
31.6753
31.6753
31.6753
31.6753
31.6753
31.6753
31.6753
15.6592
16.6139
17.2330
20.5398
15.8006
20.8301
17.3099
20.6129
19.0352
20.2750
21.0902
23.5628
19.4761
24.3107
21.1638
23.6327
19.2598
19.5290
19.6451
23.5196
19.2598
20.8812
19.6451
23.5196
24.7168
24.7168
24.7168
26.0210
24.7168
24.7168
24.7168
26.0909
18.5789
19.6515
20.5433
24.3888
18.8288
23.7191
20.6174
24.4592
24.0359
24.0359
24.0359
27.3864
24.0359
26.3572
24.0359
27.4546
25.0846
25.0846
25.0846
26.7317
25.0846
25.0846
25.0846
26.8021
30.2687
30.2687
30.2687
30.2687
30.2687
30.2687
30.2687
30.2687
21.3472
21.3472
21.3472
22.8707
21.3472
22.5537
21.3472
22.8707
25.7621
25.7621
25.7621
25.7621
25.7621
26.0151
25.7621
25.7621
24.5325
24.5325
24.5325
25.7514
24.5325
24.5325
24.5325
25.7514
28.6933
28.6933
28.6933
28.6933
28.6933
28.6933
28.6933
28.6933
25.1538
25.1538
25.1538
25.4289
25.1538
26.7080
25.1538
25.4289
27.4710
27.4710
27.4710
27.6501
27.4710
28.2400
27.4710
27.7165
30.0937
30.0937
30.0937
30.0937
30.0937
30.0937
30.0937
30.0937
32.8613
32.8613
32.8613
32.8613
32.8613
32.8613
32.8613
32.8613
8.5738
8.5738
8.5738
8.5738
8.5738
8.5738
8.5738
8.5738
14.4671
14.4671
14.4671
14.4671
14.4671
14.4671
14.4671
14.4671
12.1116
12.1116
12.1116
12.1116
12.1116
12.1116
12.1116
12.1116
18.4399
18.4399
18.4399
18.4399
18.4399
18.4399
18.4399
18.4399
17.2378
17.2378
17.2378
17.2378
17.2378
17.2378
17.2378
17.2378
21.4280
21.4280
21.4280
21.4280
21.4280
21.4280
21.4280
21.4280
20.1352
20.1352
20.1352
20.1352
20.1352
20.1352
20.1352
20.1352
24.5678
24.5678
24.5678
24.5678
24.5678
24.5678
24.5678
24.5678
17.1701
17.1701
17.1701
17.1701
17.1701
17.1701
17.1701
17.1701
22.7687
22.7687
22.7687
22.7687
22.7687
22.7687
22.7687
22.7687
18.2728
18.2728
18.2728
18.2728
18.2728
18.2728
18.2728
18.2728
22.7687
22.7687
22.7687
22.7687
22.7687
22.7687
22.7687
22.7687
21.2374
21.2374
21.2374
21.2374
21.2374
21.2374
21.2374
21.2374
26.4142
26.4142
26.4142
26.4142
26.4142
26.4142
26.4142
26.4142
24.4109
24.4109
24.4109
24.4109
24.4109
24.4109
24.4109
24.4109
27.7116
27.7116
27.7116
27.7116
27.7116
27.7116
27.7116
27.7116
14.4245
14.4245
15.6293
18.1628
14.4245
14.4245
15.6293
18.1628
18.0834
18.0834
18.9014
20.7805
18.0834
18.0834
18.9014
20.7805
19.6560
19.6560
19.6560
20.4138
19.6560
19.6560
19.6560
20.4138
21.5186
21.5186
21.5186
22.7165
21.5186
21.5186
21.5186
22.7165
20.5360
20.5360
20.5360
21.1537
20.5360
20.5360
20.5360
21.1537
21.4280
21.4280
21.4280
23.7635
21.4280
21.4280
21.4280
23.7635
27.6982
27.6982
27.6982
27.6982
27.6982
27.6982
27.6982
27.6982
27.6982
27.6982
27.6982
27.6982
27.6982
27.6982
27.6982
27.6982
19.3528
19.3528
19.5439
19.6326
19.3528
19.3528
19.5439
19.6326
24.4740
24.4740
24.4740
24.4740
24.4740
24.4740
24.4740
24.4740
23.0272
23.0272
23.0272
23.0272
23.0272
23.0272
23.0272
23.0272
27.2240
27.2240
27.2240
27.2240
27.2240
27.2240
27.2240
27.2240
23.8961
23.8961
23.8961
23.8961
23.8961
23.8961
23.8961
23.8961
26.4142
26.4142
26.4142
26.4142
26.4142
26.4142
26.4142
26.4142
28.5453
28.5453
28.5453
28.5453
28.5453
28.5453
28.5453
28.5453
28.5453
28.5453
28.5453
28.5453
28.5453
28.5453
28.5453
28.5453
9.0250
9.0250
9.0250
9.0250
9.0250
9.0250
9.0250
9.0250
15.2285
15.2285
15.2285
15.2285
15.2285
15.2285
15.2285
15.2285
15.2080
15.2080
15.2080
15.2080
15.2080
15.2080
15.2080
15.2080
15.2285
15.2285
15.2285
15.2285
15.2285
15.2285
15.2285
15.2285
11.9462
11.9462
11.9462
11.9462
11.9462
11.9462
11.9462
11.9462
15.2285
15.2285
15.2285
15.2285
15.2285
15.2285
15.2285
15.2285
19.1285
19.1285
19.1285
19.1285
19.1285
19.1285
19.1285
19.1285
19.1285
19.1285
19.1285
19.1285
19.1285
19.1285
19.1285
19.1285
18.0737
18.0737
18.0737
18.0737
18.0737
18.0737
18.0737
18.0737
23.9671
23.9671
23.9671
23.9671
23.9671
23.9671
23.9671
23.9671
18.0737
18.0737
18.0737
18.0737
18.0737
18.0737
18.0737
18.0737
23.9671
23.9671
23.9671
23.9671
23.9671
23.9671
23.9671
23.9671
18.0737
18.0737
18.0737
18.0737
18.0737
18.0737
18.0737
18.0737
23.9671
23.9671
23.9671
23.9671
23.9671
23.9671
23.9671
23.9671
19.1285
19.1285
19.1285
19.1285
19.1285
19.1285
19.1285
19.1285
23.9671
23.9671
23.9671
23.9671
23.9671
23.9671
23.9671
23.9671
13.2717
13.2717
13.2717
13.2717
13.2717
13.2717
13.2717
13.2717
14.3343
14.3343
14.3343
14.3343
14.3343
14.3343
14.3343
14.3343
18.6732
18.6732
18.6732
18.6732
18.6732
18.6732
18.6732
18.6732
18.6732
18.6732
18.6732
18.6732
18.6732
18.6732
18.6732
18.6732
19.5092
19.5092
19.5092
19.5092
19.5092
19.5092
19.5092
19.5092
19.5092
19.5092
19.5092
19.5092
19.5092
19.5092
19.5092
19.5092
26.3133
26.3133
26.3133
26.3133
26.3133
26.3133
26.3133
26.3133
26.3133
26.3133
26.3133
26.3133
26.3133
26.3133
26.3133
26.3133
20.1304
20.1304
20.1304
20.1304
20.1304
20.1304
20.1304
20.1304
23.8343
23.8343
23.8343
23.8343
23.8343
23.8343
23.8343
23.8343
24.2391
24.2391
24.2391
24.2391
24.2391
24.2391
24.2391
24.2391
24.2391
24.2391
24.2391
24.2391
24.2391
24.2391
24.2391
24.2391
24.8747
24.8747
24.8747
24.8747
24.8747
24.8747
24.8747
24.8747
24.8747
24.8747
24.8747
24.8747
24.8747
24.8747
24.8747
24.8747
30.0477
30.0477
30.0477
30.0477
30.0477
30.0477
30.0477
30.0477
30.0477
30.0477
30.0477
30.0477
30.0477
30.0477
30.0477
30.0477
9.5000
9.5000
9.5000
9.5000
9.5000
9.5000
9.5000
9.5000
16.0300
16.0300
16.0300
16.0300
16.0300
16.0300
16.0300
16.0300
10.5547
10.5547
10.5547
10.5547
10.5547
10.5547
10.5547
10.5547
16.0300
16.0300
16.0300
16.0300
16.0300
16.0300
16.0300
16.0300
15.5571
15.5571
15.5571
15.5571
15.5571
15.5571
15.5571
15.5571
16.0300
16.0300
16.0300
16.0300
16.0300
16.0300
16.0300
16.0300
18.1720
18.1720
18.1720
18.1720
18.1720
18.1720
18.1720
18.1720
18.1720
18.1720
18.1720
18.1720
18.1720
18.1720
18.1720
18.1720
19.0250
19.0250
19.0250
19.0250
19.0250
19.0250
19.0250
19.0250
25.2285
25.2285
25.2285
25.2285
25.2285
25.2285
25.2285
25.2285
20.0270
20.0270
20.0270
20.0270
20.0270
20.0270
20.0270
20.0270
25.2285
25.2285
25.2285
25.2285
25.2285
25.2285
25.2285
25.2285
20.7814
20.7814
20.7814
20.7814
20.7814
20.7814
20.7814
20.7814
25.2285
25.2285
25.2285
25.2285
25.2285
25.2285
25.2285
25.2285
27.2634
27.2634
27.2634
27.2634
27.2634
27.2634
27.2634
27.2634
27.2634
27.2634
27.2634
27.2634
27.2634
27.2634
27.2634
27.2634
11.7788
11.7788
11.7788
11.7788
11.7788
11.7788
11.7788
11.7788
15.8829
15.8829
15.8829
15.8829
15.8829
15.8829
15.8829
15.8829
17.7396
17.7396
17.7396
17.7396
17.7396
17.7396
17.7396
17.7396
17.7396
17.7396
17.7396
17.7396
17.7396
17.7396
17.7396
17.7396
18.5337
18.5337
18.5337
18.5337
18.5337
18.5337
18.5337
18.5337
18.5337
18.5337
18.5337
18.5337
18.5337
18.5337
18.5337
18.5337
24.9976
24.9976
24.9976
24.9976
24.9976
24.9976
24.9976
24.9976
24.9976
24.9976
24.9976
24.9976
24.9976
24.9976
24.9976
24.9976
21.1899
21.1899
21.1899
21.1899
21.1899
21.1899
21.1899
21.1899
25.0887
25.0887
25.0887
25.0887
25.0887
25.0887
25.0887
25.0887
26.8526
26.8526
26.8526
26.8526
26.8526
26.8526
26.8526
26.8526
26.8526
26.8526
26.8526
26.8526
26.8526
26.8526
26.8526
26.8526
27.6070
27.6070
27.6070
27.6070
27.6070
27.6070
27.6070
27.6070
27.6070
27.6070
27.6070
27.6070
27.6070
27.6070
27.6070
27.6070
33.7478
33.7478
33.7478
33.7478
33.7478
33.7478
33.7478
33.7478
33.7478
33.7478
33.7478
33.7478
33.7478
33.7478
33.7478
33.7478
10.0000
10.0000
10.0000
10.0000
10.0000
10.0000
10.0000
10.0000
17.5987
17.5987
17.5987
17.5987
17.5987
17.5987
17.5987
17.5987
10.0000
10.0000
10.0000
10.0000
10.0000
10.0000
10.0000
10.0000
17.5987
17.5987
17.5987
17.5987
17.5987
17.5987
17.5987
17.5987
10.0000
10.0000
10.0000
10.0000
10.0000
10.0000
10.0000
10.0000
17.5987
17.5987
17.5987
17.5987
17.5987
17.5987
17.5987
17.5987
10.0000
10.0000
10.0000
10.0000
10.0000
10.0000
10.0000
10.0000
17.5987
17.5987
17.5987
17.5987
17.5987
17.5987
17.5987
17.5987
18.0737
18.0737
18.0737
18.0737
18.0737
18.0737
18.0737
18.0737
18.0737
18.0737
18.0737
18.0737
18.0737
18.0737
18.0737
18.0737
18.0737
18.0737
18.0737
18.0737
18.0737
18.0737
18.0737
18.0737
23.3694
23.3694
23.3694
23.3694
23.3694
23.3694
23.3694
23.3694
18.0737
18.0737
18.0737
18.0737
18.0737
18.0737
18.0737
18.0737
18.0737
18.0737
18.0737
18.0737
18.0737
18.0737
18.0737
18.0737
18.0737
18.0737
18.0737
18.0737
18.0737
18.0737
18.0737
18.0737
23.3694
23.3694
23.3694
23.3694
23.3694
23.3694
23.3694
23.3694
10.0000
10.0000
10.0000
10.0000
10.0000
10.0000
10.0000
10.0000
17.5987
17.5987
17.5987
17.5987
17.5987
17.5987
17.5987
17.5987
10.0000
10.0000
10.0000
10.0000
10.0000
10.0000
10.0000
10.0000
17.5987
17.5987
17.5987
17.5987
17.5987
17.5987
17.5987
17.5987
10.0000
10.0000
10.0000
10.0000
10.0000
10.0000
10.0000
10.0000
17.5987
17.5987
17.5987
17.5987
17.5987
17.5987
17.5987
17.5987
10.0000
10.0000
10.0000
10.0000
10.0000
10.0000
10.0000
10.0000
17.5987
17.5987
17.5987
17.5987
17.5987
17.5987
17.5987
17.5987
18.0737
18.0737
18.0737
18.0737
18.0737
18.0737
18.0737
18.0737
18.0737
18.0737
18.0737
18.0737
18.0737
18.0737
18.0737
18.0737
18.0737
18.0737
18.0737
18.0737
18.0737
18.0737
18.0737
18.0737
23.3694
23.3694
23.3694
23.3694
23.3694
23.3694
23.3694
23.3694
18.0737
18.0737
18.0737
18.0737
18.0737
18.0737
18.0737
18.0737
18.0737
18.0737
18.0737
18.0737
18.0737
18.0737
18.0737
18.0737
18.0737
18.0737
18.0737
18.0737
18.0737
18.0737
18.0737
18.0737
23.3694
23.3694
23.3694
23.3694
23.3694
23.3694
23.3694
23.3694
7.3509
7.3509
7.3509
7.3509
7.3509
7.3509
7.3509
7.3509
9.6492
9.6492
9.6492
9.6492
9.6492
9.6492
9.6492
9.6492
13.7467
13.7467
13.7467
13.7467
13.7467
13.7467
13.7467
13.7467
16.5177
16.5177
16.5177
16.5177
16.5177
16.5177
16.5177
16.5177
10.0857
10.0857
10.0857
10.0857
10.0857
10.0857
10.0857
10.0857
15.8010
15.8010
15.8010
15.8010
15.8010
15.8010
15.8010
15.8010
19.8598
19.8598
19.8598
19.8598
19.8598
19.8598
19.8598
19.8598
22.3618
22.3618
22.3618
22.3618
22.3618
22.3618
22.3618
22.3618
9.4451
9.4451
9.4451
9.4451
9.4451
9.4451
9.4451
9.4451
12.6730
12.6730
12.6730
12.6730
12.6730
12.6730
12.6730
12.6730
16.3237
16.3237
16.3237
16.3237
16.3237
16.3237
16.3237
16.3237
19.3903
19.3903
19.3903
19.3903
19.3903
19.3903
19.3903
19.3903
15.6070
15.6070
15.6070
15.6070
15.6070
15.6070
15.6070
15.6070
18.6736
18.6736
18.6736
18.6736
18.6736
18.6736
18.6736
18.6736
22.1776
22.1776
22.1776
22.1776
22.1776
22.1776
22.1776
22.1776
25.0908
25.0908
25.0908
25.0908
25.0908
25.0908
25.0908
25.0908
16.4834
16.4834
16.4834
16.4834
16.4834
16.4834
16.4834
16.4834
19.4665
19.4665
19.4665
19.4665
19.4665
19.4665
19.4665
19.4665
22.5594
22.5594
22.5594
22.5594
22.5594
22.5594
22.5594
22.5594
26.0177
26.0177
26.0177
26.0177
26.0177
26.0177
26.0177
26.0177
20.0039
20.0039
20.0039
20.0039
20.0039
20.0039
20.0039
20.0039
26.0806
26.0806
26.0806
26.0806
26.0806
26.0806
26.0806
26.0806
28.3668
28.3668
28.3668
28.3668
28.3668
28.3668
28.3668
28.3668
31.8618
31.8618
31.8618
31.8618
31.8618
31.8618
31.8618
31.8618
19.5049
19.5049
19.5049
19.5049
19.5049
19.5049
19.5049
19.5049
23.6979
23.6979
23.6979
23.6979
23.6979
23.6979
23.6979
23.6979
25.8237
25.8237
25.8237
25.8237
25.8237
25.8237
25.8237
25.8237
28.8903
28.8903
28.8903
28.8903
28.8903
28.8903
28.8903
28.8903
25.9331
25.9331
25.9331
25.9331
25.9331
25.9331
25.9331
25.9331
29.9388
29.9388
29.9388
29.9388
29.9388
29.9388
29.9388
29.9388
31.6776
31.6776
31.6776
31.6776
31.6776
31.6776
31.6776
31.6776
34.5908
34.5908
34.5908
34.5908
34.5908
34.5908
34.5908
34.5908
7.7378
8.8513
10.2018
14.2195
7.9028
13.7689
10.2018
14.2195
11.7835
13.1215
14.9372
17.9171
12.1897
17.8285
14.9372
17.9171
14.4702
14.4702
14.4702
18.7471
14.4702
14.4702
14.4702
18.7471
18.3396
18.3396
18.3396
20.9874
18.3396
18.3396
18.3396
20.9874
11.7473
12.3942
14.2686
18.9626
11.7473
17.1384
14.2686
18.9626
18.9322
18.9322
18.9322
22.6478
18.9322
20.2155
18.9322
22.6478
20.9050
20.9050
20.9050
21.8868
20.9050
20.9050
20.9050
21.8868
24.7777
24.7777
24.7777
25.0725
24.7777
24.7777
24.7777
25.0725
14.3720
14.3720
14.3720
17.7489
14.3720
15.7792
14.3720
17.7489
19.5214
19.5214
19.5214
19.5214
19.5214
19.8165
19.5214
19.5214
18.8611
18.8611
18.8611
21.3471
18.8611
18.8611
18.8611
21.3471
22.3119
22.3119
22.3119
22.3119
22.3119
22.3119
22.3119
22.3119
18.8119
18.8119
18.8119
20.9442
18.8119
20.6246
18.8119
20.9442
22.6469
22.6469
22.6469
22.9343
22.6469
22.6469
22.6469
22.9343
25.3086
25.3086
25.3086
25.3086
25.3086
25.3086
25.3086
25.3086
28.5869
28.5869
28.5869
28.5869
28.5869
28.5869
28.5869
28.5869
17.3509
18.4088
19.6917
23.5085
17.5076
23.0804
19.6917
23.5085
21.1944
22.4654
24.1903
27.0213
21.5802
26.9371
24.1903
27.0213
23.7467
23.7467
23.7467
27.8098
23.7467
23.7467
23.7467
27.8098
27.4226
27.4226
27.4226
29.9380
27.4226
27.4226
27.4226
29.9380
21.1600
21.7745
23.5551
28.0144
21.1600
26.2815
23.5551
28.0144
27.9856
27.9856
27.9856
31.5154
27.9856
29.2047
27.9856
31.5154
29.8598
29.8598
29.8598
30.7925
29.8598
29.8598
29.8598
30.7925
33.5388
33.5388
33.5388
33.8189
33.5388
33.5388
33.5388
33.8189
23.6534
23.6534
23.6534
26.8615
23.6534
24.9902
23.6534
26.8615
28.5453
28.5453
28.5453
28.5453
28.5453
28.8256
28.5453
28.5453
27.9180
27.9180
27.9180
30.2797
27.9180
27.9180
27.9180
30.2797
31.1963
31.1963
31.1963
31.1963
31.1963
31.1963
31.1963
31.1963
27.8713
27.8713
27.8713
29.8970
27.8713
29.5933
27.8713
29.8970
31.5145
31.5145
31.5145
31.7876
31.5145
31.5145
31.5145
31.7876
34.0432
34.0432
34.0432
34.0432
34.0432
34.0432
34.0432
34.0432
37.1576
37.1576
37.1576
37.1576
37.1576
37.1576
37.1576
37.1576
8.1451
8.1451
8.1451
10.9331
8.1451
10.5264
8.1451
10.9331
12.2462
12.2462
12.2462
13.4029
12.2462
14.1902
12.2462
13.4765
12.6689
12.6689
12.6689
15.0193
12.6689
12.6689
12.6689
15.0193
19.2654
19.2654
19.2654
19.2654
19.2654
19.2654
19.2654
19.2654
12.2513
12.2513
12.2513
14.2724
12.2513
13.5674
12.2513
14.3466
19.3388
19.3388
19.3388
19.3388
19.3388
19.3388
19.3388
19.3388
19.8151
19.8151
19.8151
19.8151
19.8151
19.8151
19.8151
19.8151
26.0817
26.0817
26.0817
26.0817
26.0817
26.0817
26.0817
26.0817
15.1284
15.1284
15.1284
15.1284
15.1284
15.1284
15.1284
15.1284
18.3823
18.3823
18.3823
18.3823
18.3823
18.3823
18.3823
18.3823
19.8538
19.8538
19.8538
19.8538
19.8538
19.8538
19.8538
19.8538
23.4862
23.4862
23.4862
23.4862
23.4862
23.4862
23.4862
23.4862
19.1667
19.1667
19.1667
19.1667
19.1667
19.1667
19.1667
19.1667
23.8388
23.8388
23.8388
23.8388
23.8388
23.8388
23.8388
23.8388
26.6407
26.6407
26.6407
26.6407
26.6407
26.6407
26.6407
26.6407
30.0915
30.0915
30.0915
30.0915
30.0915
30.0915
30.0915
30.0915
16.4834
17.4883
18.1400
22.3331
16.6322
21.9264
18.2210
22.3331
19.1492
21.3422
22.2002
24.8029
20.5012
25.5902
22.2777
24.8765
20.2735
21.9210
21.7885
26.4193
20.2735
21.9802
21.7885
26.4193
26.0177
26.0177
26.0177
27.3905
26.0177
26.0177
26.0177
27.4641
19.5568
20.6857
21.6245
25.6724
19.8198
24.9674
21.7026
25.7466
25.3010
25.3010
25.3010
28.8278
25.3010
27.7445
25.3010
28.8995
26.4048
26.4048
26.4048
29.0010
26.4048
26.4048
26.4048
29.0010
31.8618
31.8618
31.8618
31.8618
31.8618
31.8618
31.8618
31.8618
22.4707
22.4707
22.4707
25.5184
22.4707
23.7407
22.4707
25.5184
27.1180
27.1180
27.1180
27.1180
27.1180
27.3844
27.1180
27.1180
25.8237
25.8237
25.8237
28.7657
25.8237
25.8237
25.8237
28.7657
28.8903
28.8903
28.8903
28.8903
28.8903
28.8903
28.8903
28.8903
26.4777
26.4777
26.4777
28.4021
26.4777
28.1137
26.4777
28.4021
28.1736
28.1736
28.1736
29.1054
28.1736
29.7263
28.1736
29.1753
31.6776
31.6776
31.6776
31.6776
31.6776
31.6776
31.6776
31.6776
34.5908
34.5908
34.5908
34.5908
34.5908
34.5908
34.5908
34.5908
8.5738
8.5738
8.5738
8.5738
8.5738
8.5738
8.5738
8.5738
8.5738
8.5738
8.5738
8.5738
8.5738
8.5738
8.5738
8.5738
8.5738
8.5738
8.5738
8.5738
8.5738
8.5738
8.5738
8.5738
8.5738
8.5738
8.5738
8.5738
8.5738
8.5738
8.5738
8.5738
8.5738
8.5738
8.5738
8.5738
8.5738
8.5738
8.5738
8.5738
8.5738
8.5738
8.5738
8.5738
8.5738
8.5738
8.5738
8.5738
10.5104
10.5104
10.5104
10.5104
10.5104
10.5104
10.5104
10.5104
10.4988
10.4988
10.4988
10.4988
10.4988
10.4988
10.4988
10.4988
8.8790
8.8790
8.8790
8.8790
8.8790
8.8790
8.8790
8.8790
14.9321
14.9321
14.9321
14.9321
14.9321
14.9321
14.9321
14.9321
8.8790
8.8790
8.8790
8.8790
8.8790
8.8790
8.8790
8.8790
14.9321
14.9321
14.9321
14.9321
14.9321
14.9321
14.9321
14.9321
15.2067
15.2067
15.2067
15.2067
15.2067
15.2067
15.2067
15.2067
15.2067
15.2067
15.2067
15.2067
15.2067
15.2067
15.2067
15.2067
15.2067
15.2067
15.2067
15.2067
15.2067
15.2067
15.2067
15.2067
15.2067
15.2067
15.2067
15.2067
15.2067
15.2067
15.2067
15.2067
15.6592
15.6592
15.6592
15.6592
15.6592
15.6592
15.6592
15.6592
17.8011
17.8011
17.8011
17.8011
17.8011
17.8011
17.8011
17.8011
15.6592
15.6592
15.6592
15.6592
15.6592
15.6592
15.6592
15.6592
17.8011
17.8011
17.8011
17.8011
17.8011
17.8011
17.8011
17.8011
15.6592
15.6592
15.6592
15.6592
15.6592
15.6592
15.6592
15.6592
17.8011
17.8011
17.8011
17.8011
17.8011
17.8011
17.8011
17.8011
15.6592
15.6592
15.6592
15.6592
15.6592
15.6592
15.6592
15.6592
17.8011
17.8011
17.8011
17.8011
17.8011
17.8011
17.8011
17.8011
19.7090
19.7090
19.7090
19.7090
19.7090
19.7090
19.7090
19.7090
25.7621
25.7621
25.7621
25.7621
25.7621
25.7621
25.7621
25.7621
19.7090
19.7090
19.7090
19.7090
19.7090
19.7090
19.7090
19.7090
25.7621
25.7621
25.7621
25.7621
25.7621
25.7621
25.7621
25.7621
19.7090
19.7090
19.7090
19.7090
19.7090
19.7090
19.7090
19.7090
25.7621
25.7621
25.7621
25.7621
25.7621
25.7621
25.7621
25.7621
19.7090
19.7090
19.7090
19.7090
19.7090
19.7090
19.7090
19.7090
25.7621
25.7621
25.7621
25.7621
25.7621
25.7621
25.7621
25.7621
9.0250
9.0250
9.0250
9.0250
9.0250
9.0250
9.0250
9.0250
9.0250
9.0250
9.0250
9.0250
9.0250
9.0250
9.0250
9.0250
9.0250
9.0250
9.0250
9.0250
9.0250
9.0250
9.0250
9.0250
9.0250
9.0250
9.0250
9.0250
9.0250
9.0250
9.0250
9.0250
9.0250
9.0250
9.0250
9.0250
9.0250
9.0250
9.0250
9.0250
9.0250
9.0250
9.0250
9.0250
9.0250
9.0250
9.0250
9.0250
9.0250
9.0250
9.0250
9.0250
9.0250
9.0250
9.0250
9.0250
9.0250
9.0250
9.0250
9.0250
9.0250
9.0250
9.0250
9.0250
9.0250
9.0250
9.0250
9.0250
9.0250
9.0250
9.0250
9.0250
15.9303
15.9303
15.9303
15.9303
15.9303
15.9303
15.9303
15.9303
12.3313
12.3313
12.3313
12.3313
12.3313
12.3313
12.3313
12.3313
15.9303
15.9303
15.9303
15.9303
15.9303
15.9303
15.9303
15.9303
16.0071
16.0071
16.0071
16.0071
16.0071
16.0071
16.0071
16.0071
16.0071
16.0071
16.0071
16.0071
16.0071
16.0071
16.0071
16.0071
16.0071
16.0071
16.0071
16.0071
16.0071
16.0071
16.0071
16.0071
16.0071
16.0071
16.0071
16.0071
16.0071
16.0071
16.0071
16.0071
9.0250
9.0250
9.0250
9.0250
9.0250
9.0250
9.0250
9.0250
9.0250
9.0250
9.0250
9.0250
9.0250
9.0250
9.0250
9.0250
9.0250
9.0250
9.0250
9.0250
9.0250
9.0250
9.0250
9.0250
9.0250
9.0250
9.0250
9.0250
9.0250
9.0250
9.0250
9.0250
9.0250
9.0250
9.0250
9.0250
9.0250
9.0250
9.0250
9.0250
9.0250
9.0250
9.0250
9.0250
9.0250
9.0250
9.0250
9.0250
9.0250
9.0250
9.0250
9.0250
9.0250
9.0250
9.0250
9.0250
9.0250
9.0250
9.0250
9.0250
9.0250
9.0250
9.0250
9.0250
9.0250
9.0250
9.0250
9.0250
9.0250
9.0250
9.0250
9.0250
15.9303
15.9303
15.9303
15.9303
15.9303
15.9303
15.9303
15.9303
12.3313
12.3313
12.3313
12.3313
12.3313
12.3313
12.3313
12.3313
15.9303
15.9303
15.9303
15.9303
15.9303
15.9303
15.9303
15.9303
16.0071
16.0071
16.0071
16.0071
16.0071
16.0071
16.0071
16.0071
16.0071
16.0071
16.0071
16.0071
16.0071
16.0071
16.0071
16.0071
16.0071
16.0071
16.0071
16.0071
16.0071
16.0071
16.0071
16.0071
16.0071
16.0071
16.0071
16.0071
16.0071
16.0071
16.0071
16.0071
9.5000
9.5000
9.5000
9.5000
9.5000
9.5000
9.5000
9.5000
9.5000
9.5000
9.5000
9.5000
9.5000
9.5000
9.5000
9.5000
9.5000
9.5000
9.5000
9.5000
9.5000
9.5000
9.5000
9.5000
9.5000
9.5000
9.5000
9.5000
9.5000
9.5000
9.5000
9.5000
9.5000
9.5000
9.5000
9.5000
9.5000
9.5000
9.5000
9.5000
9.5000
9.5000
9.5000
9.5000
9.5000
9.5000
9.5000
9.5000
9.5000
9.5000
9.5000
9.5000
9.5000
9.5000
9.5000
9.5000
9.5000
9.5000
9.5000
9.5000
9.5000
9.5000
9.5000
9.5000
18.0737
18.0737
18.0737
18.0737
18.0737
18.0737
18.0737
18.0737
18.0737
18.0737
18.0737
18.0737
18.0737
18.0737
18.0737
18.0737
18.0737
18.0737
18.0737
18.0737
18.0737
18.0737
18.0737
18.0737
18.0737
18.0737
18.0737
18.0737
18.0737
18.0737
18.0737
18.0737
18.0737
18.0737
18.0737
18.0737
18.0737
18.0737
18.0737
18.0737
18.0737
18.0737
18.0737
18.0737
18.0737
18.0737
18.0737
18.0737
18.0737
18.0737
18.0737
18.0737
18.0737
18.0737
18.0737
18.0737
18.0737
18.0737
18.0737
18.0737
18.0737
18.0737
18.0737
18.0737
9.5000
9.5000
9.5000
9.5000
9.5000
9.5000
9.5000
9.5000
9.5000
9.5000
9.5000
9.5000
9.5000
9.5000
9.5000
9.5000
9.5000
9.5000
9.5000
9.5000
9.5000
9.5000
9.5000
9.5000
9.5000
9.5000
9.5000
9.5000
9.5000
9.5000
9.5000
9.5000
9.5000
9.5000
9.5000
9.5000
9.5000
9.5000
9.5000
9.5000
9.5000
9.5000
9.5000
9.5000
9.5000
9.5000
9.5000
9.5000
9.5000
9.5000
9.5000
9.5000
9.5000
9.5000
9.5000
9.5000
9.5000
9.5000
9.5000
9.5000
9.5000
9.5000
9.5000
9.5000
18.0737
18.0737
18.0737
18.0737
18.0737
18.0737
18.0737
18.0737
18.0737
18.0737
18.0737
18.0737
18.0737
18.0737
18.0737
18.0737
18.0737
18.0737
18.0737
18.0737
18.0737
18.0737
18.0737
18.0737
18.0737
18.0737
18.0737
18.0737
18.0737
18.0737
18.0737
18.0737
18.0737
18.0737
18.0737
18.0737
18.0737
18.0737
18.0737
18.0737
18.0737
18.0737
18.0737
18.0737
18.0737
18.0737
18.0737
18.0737
18.0737
18.0737
18.0737
18.0737
18.0737
18.0737
18.0737
18.0737
18.0737
18.0737
18.0737
18.0737
18.0737
18.0737
18.0737
18.0737
10.0000
10.0000
10.0000
10.0000
10.0000
10.0000
10.0000
10.0000
16.7188
16.7188
16.7188
16.7188
16.7188
16.7188
16.7188
16.7188
10.0000
10.0000
10.0000
10.0000
10.0000
10.0000
10.0000
10.0000
16.7188
16.7188
16.7188
16.7188
16.7188
16.7188
16.7188
16.7188
10.0000
10.0000
10.0000
10.0000
10.0000
10.0000
10.0000
10.0000
16.7188
16.7188
16.7188
16.7188
16.7188
16.7188
16.7188
16.7188
10.0000
10.0000
10.0000
10.0000
10.0000
10.0000
10.0000
10.0000
16.7188
16.7188
16.7188
16.7188
16.7188
16.7188
16.7188
16.7188
10.0000
10.0000
15.5059
15.5059
10.0000
10.0000
15.5059
15.5059
16.7188
16.7188
16.7188
16.7188
16.7188
16.7188
16.7188
16.7188
10.0000
10.0000
15.5059
15.5059
10.0000
10.0000
15.5059
15.5059
16.7188
16.7188
16.7188
16.7188
16.7188
16.7188
16.7188
16.7188
10.0000
10.0000
15.5059
15.5059
10.0000
10.0000
15.5059
15.5059
16.7188
16.7188
16.7188
16.7188
16.7188
16.7188
16.7188
16.7188
10.0000
10.0000
15.5059
15.5059
10.0000
10.0000
15.5059
15.5059
16.7188
16.7188
16.7188
16.7188
16.7188
16.7188
16.7188
16.7188
10.0000
10.0000
10.0000
10.0000
10.0000
10.0000
10.0000
10.0000
16.7188
16.7188
16.7188
16.7188
16.7188
16.7188
16.7188
16.7188
10.0000
10.0000
10.0000
10.0000
10.0000
10.0000
10.0000
10.0000
16.7188
16.7188
16.7188
16.7188
16.7188
16.7188
16.7188
16.7188
10.0000
10.0000
10.0000
10.0000
10.0000
10.0000
10.0000
10.0000
16.7188
16.7188
16.7188
16.7188
16.7188
16.7188
16.7188
16.7188
10.0000
10.0000
10.0000
10.0000
10.0000
10.0000
10.0000
10.0000
16.7188
16.7188
16.7188
16.7188
16.7188
16.7188
16.7188
16.7188
10.0000
10.0000
15.5059
15.5059
10.0000
10.0000
15.5059
15.5059
16.7188
16.7188
16.7188
16.7188
16.7188
16.7188
16.7188
16.7188
10.0000
10.0000
15.5059
15.5059
10.0000
10.0000
15.5059
15.5059
16.7188
16.7188
16.7188
16.7188
16.7188
16.7188
16.7188
16.7188
10.0000
10.0000
15.5059
15.5059
10.0000
10.0000
15.5059
15.5059
16.7188
16.7188
16.7188
16.7188
16.7188
16.7188
16.7188
16.7188
10.0000
10.0000
15.5059
15.5059
10.0000
10.0000
15.5059
15.5059
16.7188
16.7188
16.7188
16.7188
16.7188
16.7188
16.7188
16.7188
